<?xml version="1.0" encoding="UTF-8"?>
<coverage generated="1780207718846" clover="3.2.0">
  <project timestamp="1780207718846" name="All files">
    <metrics statements="2388" coveredstatements="454" conditionals="1149" coveredconditionals="259" methods="270" coveredmethods="36" elements="3807" coveredelements="749" complexity="0" loc="2388" ncloc="2388" packages="1" files="2" classes="2"/>
    <file name="FileReader.ts" path="/home/saul/dev/exif-editor/src/FileReader.ts">
      <metrics statements="7" coveredstatements="1" conditionals="0" coveredconditionals="0" methods="5" coveredmethods="0"/>
      <line num="5" count="0" type="stmt"/>
      <line num="9" count="0" type="stmt"/>
      <line num="10" count="0" type="stmt"/>
      <line num="11" count="0" type="stmt"/>
      <line num="13" count="0" type="stmt"/>
      <line num="15" count="0" type="stmt"/>
      <line num="20" count="2" type="stmt"/>
    </file>
    <file name="main.ts" path="/home/saul/dev/exif-editor/src/main.ts">
      <metrics statements="2381" coveredstatements="453" conditionals="1149" coveredconditionals="259" methods="265" coveredmethods="36"/>
      <line num="1" count="2" type="stmt"/>
      <line num="2" count="2" type="stmt"/>
      <line num="3" count="2" type="stmt"/>
      <line num="4" count="2" type="stmt"/>
      <line num="5" count="2" type="stmt"/>
      <line num="6" count="2" type="stmt"/>
      <line num="144" count="2" type="stmt"/>
      <line num="183" count="2" type="stmt"/>
      <line num="184" count="2" type="stmt"/>
      <line num="186" count="2" type="cond" truecount="1" falsecount="1"/>
      <line num="188" count="2" type="stmt"/>
      <line num="189" count="2" type="stmt"/>
      <line num="190" count="2" type="stmt"/>
      <line num="192" count="2" type="stmt"/>
      <line num="198" count="2" type="stmt"/>
      <line num="213" count="2" type="stmt"/>
      <line num="215" count="2" type="stmt"/>
      <line num="216" count="2" type="stmt"/>
      <line num="217" count="2" type="stmt"/>
      <line num="218" count="2" type="stmt"/>
      <line num="221" count="2" type="stmt"/>
      <line num="224" count="2" type="stmt"/>
      <line num="225" count="2" type="stmt"/>
      <line num="226" count="2" type="stmt"/>
      <line num="231" count="2" type="stmt"/>
      <line num="234" count="2" type="stmt"/>
      <line num="235" count="0" type="stmt"/>
      <line num="236" count="0" type="stmt"/>
      <line num="240" count="2" type="stmt"/>
      <line num="241" count="0" type="stmt"/>
      <line num="245" count="2" type="stmt"/>
      <line num="246" count="0" type="stmt"/>
      <line num="248" count="0" type="stmt"/>
      <line num="250" count="0" type="cond" truecount="0" falsecount="2"/>
      <line num="253" count="2" type="stmt"/>
      <line num="254" count="0" type="stmt"/>
      <line num="257" count="2" type="stmt"/>
      <line num="258" count="0" type="stmt"/>
      <line num="261" count="2" type="stmt"/>
      <line num="262" count="2" type="stmt"/>
      <line num="263" count="0" type="stmt"/>
      <line num="266" count="2" type="stmt"/>
      <line num="267" count="2" type="stmt"/>
      <line num="268" count="0" type="cond" truecount="0" falsecount="4"/>
      <line num="269" count="0" type="stmt"/>
      <line num="272" count="2" type="stmt"/>
      <line num="273" count="0" type="cond" truecount="0" falsecount="2"/>
      <line num="274" count="0" type="stmt"/>
      <line num="277" count="0" type="stmt"/>
      <line num="278" count="0" type="cond" truecount="0" falsecount="4"/>
      <line num="279" count="0" type="stmt"/>
      <line num="282" count="2" type="stmt"/>
      <line num="283" count="0" type="cond" truecount="0" falsecount="4"/>
      <line num="284" count="0" type="stmt"/>
      <line num="285" count="0" type="stmt"/>
      <line num="288" count="2" type="stmt"/>
      <line num="289" count="0" type="cond" truecount="0" falsecount="2"/>
      <line num="290" count="0" type="stmt"/>
      <line num="293" count="0" type="stmt"/>
      <line num="294" count="0" type="stmt"/>
      <line num="296" count="0" type="cond" truecount="0" falsecount="2"/>
      <line num="297" count="0" type="stmt"/>
      <line num="300" count="2" type="stmt"/>
      <line num="301" count="0" type="cond" truecount="0" falsecount="2"/>
      <line num="302" count="0" type="stmt"/>
      <line num="305" count="2" type="stmt"/>
      <line num="308" count="0" type="cond" truecount="0" falsecount="2"/>
      <line num="309" count="0" type="stmt"/>
      <line num="314" count="2" type="stmt"/>
      <line num="315" count="0" type="stmt"/>
      <line num="317" count="2" type="stmt"/>
      <line num="318" count="0" type="stmt"/>
      <line num="319" count="0" type="stmt"/>
      <line num="320" count="0" type="stmt"/>
      <line num="325" count="0" type="stmt"/>
      <line num="326" count="0" type="cond" truecount="0" falsecount="2"/>
      <line num="330" count="0" type="cond" truecount="0" falsecount="2"/>
      <line num="331" count="0" type="stmt"/>
      <line num="334" count="0" type="stmt"/>
      <line num="348" count="0" type="stmt"/>
      <line num="352" count="0" type="stmt"/>
      <line num="362" count="0" type="stmt"/>
      <line num="363" count="0" type="cond" truecount="0" falsecount="2"/>
      <line num="364" count="0" type="stmt"/>
      <line num="367" count="0" type="cond" truecount="0" falsecount="2"/>
      <line num="368" count="0" type="stmt"/>
      <line num="370" count="0" type="stmt"/>
      <line num="376" count="0" type="cond" truecount="0" falsecount="4"/>
      <line num="377" count="0" type="stmt"/>
      <line num="380" count="0" type="stmt"/>
      <line num="381" count="0" type="stmt"/>
      <line num="383" count="0" type="stmt"/>
      <line num="384" count="0" type="stmt"/>
      <line num="390" count="0" type="stmt"/>
      <line num="392" count="0" type="stmt"/>
      <line num="393" count="0" type="stmt"/>
      <line num="395" count="0" type="stmt"/>
      <line num="400" count="0" type="stmt"/>
      <line num="401" count="0" type="cond" truecount="0" falsecount="2"/>
      <line num="402" count="0" type="stmt"/>
      <line num="405" count="0" type="stmt"/>
      <line num="406" count="0" type="stmt"/>
      <line num="407" count="0" type="stmt"/>
      <line num="408" count="0" type="stmt"/>
      <line num="409" count="0" type="stmt"/>
      <line num="411" count="0" type="cond" truecount="0" falsecount="2"/>
      <line num="412" count="0" type="stmt"/>
      <line num="414" count="0" type="cond" truecount="0" falsecount="2"/>
      <line num="417" count="0" type="cond" truecount="0" falsecount="2"/>
      <line num="418" count="0" type="stmt"/>
      <line num="420" count="0" type="stmt"/>
      <line num="423" count="0" type="stmt"/>
      <line num="424" count="0" type="cond" truecount="0" falsecount="2"/>
      <line num="425" count="0" type="stmt"/>
      <line num="426" count="0" type="stmt"/>
      <line num="427" count="0" type="stmt"/>
      <line num="432" count="0" type="stmt"/>
      <line num="433" count="0" type="cond" truecount="0" falsecount="2"/>
      <line num="434" count="0" type="stmt"/>
      <line num="437" count="0" type="stmt"/>
      <line num="438" count="0" type="stmt"/>
      <line num="442" count="0" type="stmt"/>
      <line num="446" count="0" type="cond" truecount="0" falsecount="2"/>
      <line num="449" count="0" type="stmt"/>
      <line num="451" count="0" type="cond" truecount="0" falsecount="2"/>
      <line num="452" count="0" type="stmt"/>
      <line num="455" count="0" type="stmt"/>
      <line num="456" count="0" type="stmt"/>
      <line num="461" count="0" type="stmt"/>
      <line num="462" count="0" type="stmt"/>
      <line num="463" count="0" type="stmt"/>
      <line num="465" count="0" type="stmt"/>
      <line num="467" count="0" type="cond" truecount="0" falsecount="4"/>
      <line num="468" count="0" type="cond" truecount="0" falsecount="2"/>
      <line num="473" count="0" type="stmt"/>
      <line num="477" count="0" type="cond" truecount="0" falsecount="2"/>
      <line num="478" count="0" type="stmt"/>
      <line num="481" count="0" type="stmt"/>
      <line num="482" count="0" type="stmt"/>
      <line num="484" count="0" type="stmt"/>
      <line num="485" count="0" type="stmt"/>
      <line num="488" count="0" type="cond" truecount="0" falsecount="4"/>
      <line num="489" count="0" type="stmt"/>
      <line num="492" count="0" type="stmt"/>
      <line num="495" count="0" type="stmt"/>
      <line num="499" count="0" type="cond" truecount="0" falsecount="4"/>
      <line num="500" count="0" type="stmt"/>
      <line num="503" count="0" type="stmt"/>
      <line num="507" count="0" type="stmt"/>
      <line num="508" count="0" type="cond" truecount="0" falsecount="4"/>
      <line num="509" count="0" type="stmt"/>
      <line num="512" count="0" type="cond" truecount="0" falsecount="2"/>
      <line num="513" count="0" type="stmt"/>
      <line num="514" count="0" type="stmt"/>
      <line num="520" count="0" type="stmt"/>
      <line num="523" count="0" type="stmt"/>
      <line num="524" count="0" type="stmt"/>
      <line num="525" count="0" type="stmt"/>
      <line num="526" count="0" type="cond" truecount="0" falsecount="4"/>
      <line num="527" count="0" type="stmt"/>
      <line num="529" count="0" type="stmt"/>
      <line num="530" count="0" type="stmt"/>
      <line num="533" count="0" type="stmt"/>
      <line num="534" count="0" type="stmt"/>
      <line num="535" count="0" type="stmt"/>
      <line num="536" count="0" type="stmt"/>
      <line num="539" count="0" type="stmt"/>
      <line num="543" count="0" type="stmt"/>
      <line num="547" count="0" type="cond" truecount="0" falsecount="2"/>
      <line num="548" count="0" type="stmt"/>
      <line num="551" count="0" type="stmt"/>
      <line num="552" count="0" type="stmt"/>
      <line num="553" count="0" type="cond" truecount="0" falsecount="2"/>
      <line num="554" count="0" type="stmt"/>
      <line num="557" count="0" type="stmt"/>
      <line num="559" count="0" type="stmt"/>
      <line num="560" count="0" type="stmt"/>
      <line num="565" count="0" type="cond" truecount="0" falsecount="2"/>
      <line num="566" count="0" type="stmt"/>
      <line num="569" count="0" type="stmt"/>
      <line num="570" count="0" type="stmt"/>
      <line num="571" count="0" type="stmt"/>
      <line num="573" count="0" type="stmt"/>
      <line num="578" count="0" type="stmt"/>
      <line num="583" count="0" type="stmt"/>
      <line num="584" count="0" type="stmt"/>
      <line num="585" count="0" type="stmt"/>
      <line num="587" count="0" type="cond" truecount="0" falsecount="2"/>
      <line num="588" count="0" type="stmt"/>
      <line num="591" count="0" type="cond" truecount="0" falsecount="2"/>
      <line num="592" count="0" type="stmt"/>
      <line num="593" count="0" type="stmt"/>
      <line num="594" count="0" type="stmt"/>
      <line num="597" count="0" type="stmt"/>
      <line num="604" count="0" type="stmt"/>
      <line num="605" count="0" type="stmt"/>
      <line num="606" count="0" type="stmt"/>
      <line num="610" count="0" type="stmt"/>
      <line num="614" count="0" type="stmt"/>
      <line num="615" count="0" type="cond" truecount="0" falsecount="2"/>
      <line num="616" count="0" type="stmt"/>
      <line num="619" count="0" type="stmt"/>
      <line num="630" count="0" type="cond" truecount="0" falsecount="2"/>
      <line num="631" count="0" type="stmt"/>
      <line num="634" count="0" type="stmt"/>
      <line num="640" count="0" type="cond" truecount="0" falsecount="2"/>
      <line num="641" count="0" type="stmt"/>
      <line num="644" count="0" type="stmt"/>
      <line num="650" count="0" type="stmt"/>
      <line num="651" count="0" type="stmt"/>
      <line num="655" count="0" type="stmt"/>
      <line num="656" count="0" type="stmt"/>
      <line num="657" count="0" type="cond" truecount="0" falsecount="4"/>
      <line num="658" count="0" type="stmt"/>
      <line num="661" count="0" type="stmt"/>
      <line num="662" count="0" type="cond" truecount="0" falsecount="2"/>
      <line num="663" count="0" type="stmt"/>
      <line num="665" count="0" type="stmt"/>
      <line num="668" count="0" type="stmt"/>
      <line num="669" count="0" type="stmt"/>
      <line num="670" count="0" type="cond" truecount="0" falsecount="2"/>
      <line num="671" count="0" type="stmt"/>
      <line num="673" count="0" type="stmt"/>
      <line num="676" count="0" type="stmt"/>
      <line num="677" count="0" type="stmt"/>
      <line num="679" count="0" type="stmt"/>
      <line num="680" count="0" type="stmt"/>
      <line num="681" count="0" type="cond" truecount="0" falsecount="5"/>
      <line num="682" count="0" type="stmt"/>
      <line num="683" count="0" type="stmt"/>
      <line num="686" count="0" type="stmt"/>
      <line num="687" count="0" type="stmt"/>
      <line num="688" count="0" type="stmt"/>
      <line num="689" count="0" type="stmt"/>
      <line num="691" count="0" type="stmt"/>
      <line num="692" count="0" type="stmt"/>
      <line num="695" count="0" type="stmt"/>
      <line num="700" count="0" type="stmt"/>
      <line num="701" count="0" type="cond" truecount="0" falsecount="2"/>
      <line num="702" count="0" type="stmt"/>
      <line num="704" count="0" type="cond" truecount="0" falsecount="2"/>
      <line num="705" count="0" type="stmt"/>
      <line num="708" count="0" type="cond" truecount="0" falsecount="2"/>
      <line num="709" count="0" type="stmt"/>
      <line num="712" count="0" type="stmt"/>
      <line num="716" count="0" type="stmt"/>
      <line num="720" count="0" type="stmt"/>
      <line num="721" count="0" type="stmt"/>
      <line num="722" count="0" type="stmt"/>
      <line num="723" count="0" type="stmt"/>
      <line num="725" count="0" type="stmt"/>
      <line num="726" count="0" type="stmt"/>
      <line num="727" count="0" type="stmt"/>
      <line num="728" count="0" type="stmt"/>
      <line num="729" count="0" type="stmt"/>
      <line num="731" count="0" type="cond" truecount="0" falsecount="2"/>
      <line num="732" count="0" type="stmt"/>
      <line num="735" count="0" type="cond" truecount="0" falsecount="2"/>
      <line num="736" count="0" type="stmt"/>
      <line num="739" count="0" type="cond" truecount="0" falsecount="2"/>
      <line num="740" count="0" type="stmt"/>
      <line num="743" count="0" type="stmt"/>
      <line num="744" count="0" type="stmt"/>
      <line num="745" count="0" type="stmt"/>
      <line num="747" count="0" type="cond" truecount="0" falsecount="2"/>
      <line num="748" count="0" type="stmt"/>
      <line num="751" count="0" type="cond" truecount="0" falsecount="2"/>
      <line num="758" count="0" type="stmt"/>
      <line num="761" count="0" type="stmt"/>
      <line num="764" count="0" type="stmt"/>
      <line num="768" count="0" type="stmt"/>
      <line num="769" count="0" type="cond" truecount="0" falsecount="2"/>
      <line num="770" count="0" type="stmt"/>
      <line num="773" count="0" type="stmt"/>
      <line num="774" count="0" type="stmt"/>
      <line num="775" count="0" type="stmt"/>
      <line num="777" count="0" type="stmt"/>
      <line num="778" count="0" type="cond" truecount="0" falsecount="2"/>
      <line num="779" count="0" type="stmt"/>
      <line num="781" count="0" type="stmt"/>
      <line num="784" count="0" type="cond" truecount="0" falsecount="2"/>
      <line num="785" count="0" type="stmt"/>
      <line num="788" count="0" type="stmt"/>
      <line num="789" count="0" type="stmt"/>
      <line num="790" count="0" type="stmt"/>
      <line num="792" count="0" type="stmt"/>
      <line num="793" count="0" type="stmt"/>
      <line num="794" count="0" type="stmt"/>
      <line num="797" count="0" type="stmt"/>
      <line num="801" count="0" type="cond" truecount="0" falsecount="2"/>
      <line num="802" count="0" type="stmt"/>
      <line num="805" count="0" type="stmt"/>
      <line num="806" count="0" type="cond" truecount="0" falsecount="2"/>
      <line num="807" count="0" type="stmt"/>
      <line num="810" count="0" type="cond" truecount="0" falsecount="2"/>
      <line num="815" count="0" type="stmt"/>
      <line num="818" count="0" type="stmt"/>
      <line num="819" count="0" type="stmt"/>
      <line num="820" count="0" type="cond" truecount="0" falsecount="2"/>
      <line num="824" count="0" type="stmt"/>
      <line num="825" count="0" type="stmt"/>
      <line num="826" count="0" type="stmt"/>
      <line num="828" count="0" type="stmt"/>
      <line num="829" count="0" type="stmt"/>
      <line num="830" count="0" type="cond" truecount="0" falsecount="4"/>
      <line num="831" count="0" type="stmt"/>
      <line num="834" count="0" type="stmt"/>
      <line num="835" count="0" type="cond" truecount="0" falsecount="2"/>
      <line num="836" count="0" type="stmt"/>
      <line num="839" count="0" type="cond" truecount="0" falsecount="4"/>
      <line num="840" count="0" type="stmt"/>
      <line num="843" count="0" type="stmt"/>
      <line num="846" count="0" type="stmt"/>
      <line num="850" count="0" type="stmt"/>
      <line num="851" count="0" type="cond" truecount="0" falsecount="5"/>
      <line num="852" count="0" type="stmt"/>
      <line num="855" count="0" type="stmt"/>
      <line num="856" count="0" type="stmt"/>
      <line num="857" count="0" type="stmt"/>
      <line num="858" count="0" type="cond" truecount="0" falsecount="2"/>
      <line num="859" count="0" type="stmt"/>
      <line num="862" count="0" type="stmt"/>
      <line num="863" count="0" type="cond" truecount="0" falsecount="2"/>
      <line num="864" count="0" type="stmt"/>
      <line num="866" count="0" type="stmt"/>
      <line num="869" count="0" type="stmt"/>
      <line num="876" count="0" type="cond" truecount="0" falsecount="2"/>
      <line num="877" count="0" type="stmt"/>
      <line num="880" count="0" type="stmt"/>
      <line num="881" count="0" type="stmt"/>
      <line num="882" count="0" type="stmt"/>
      <line num="883" count="0" type="stmt"/>
      <line num="886" count="0" type="stmt"/>
      <line num="887" count="0" type="stmt"/>
      <line num="889" count="0" type="stmt"/>
      <line num="890" count="0" type="stmt"/>
      <line num="892" count="0" type="stmt"/>
      <line num="893" count="0" type="stmt"/>
      <line num="894" count="0" type="stmt"/>
      <line num="897" count="0" type="stmt"/>
      <line num="898" count="0" type="stmt"/>
      <line num="902" count="0" type="stmt"/>
      <line num="903" count="0" type="stmt"/>
      <line num="905" count="0" type="cond" truecount="0" falsecount="2"/>
      <line num="911" count="0" type="stmt"/>
      <line num="914" count="0" type="stmt"/>
      <line num="921" count="0" type="cond" truecount="0" falsecount="2"/>
      <line num="925" count="0" type="stmt"/>
      <line num="927" count="0" type="stmt"/>
      <line num="928" count="0" type="stmt"/>
      <line num="934" count="0" type="stmt"/>
      <line num="935" count="0" type="cond" truecount="0" falsecount="2"/>
      <line num="937" count="0" type="cond" truecount="0" falsecount="4"/>
      <line num="938" count="0" type="stmt"/>
      <line num="941" count="0" type="stmt"/>
      <line num="945" count="0" type="cond" truecount="0" falsecount="2"/>
      <line num="949" count="0" type="stmt"/>
      <line num="951" count="0" type="cond" truecount="0" falsecount="4"/>
      <line num="955" count="0" type="stmt"/>
      <line num="959" count="0" type="stmt"/>
      <line num="960" count="0" type="stmt"/>
      <line num="962" count="0" type="cond" truecount="0" falsecount="2"/>
      <line num="963" count="0" type="stmt"/>
      <line num="965" count="0" type="stmt"/>
      <line num="975" count="0" type="cond" truecount="0" falsecount="2"/>
      <line num="976" count="0" type="stmt"/>
      <line num="979" count="0" type="stmt"/>
      <line num="980" count="0" type="stmt"/>
      <line num="981" count="0" type="stmt"/>
      <line num="982" count="0" type="stmt"/>
      <line num="983" count="0" type="stmt"/>
      <line num="984" count="0" type="stmt"/>
      <line num="985" count="0" type="stmt"/>
      <line num="987" count="0" type="stmt"/>
      <line num="995" count="0" type="stmt"/>
      <line num="996" count="0" type="stmt"/>
      <line num="997" count="0" type="stmt"/>
      <line num="998" count="0" type="stmt"/>
      <line num="999" count="0" type="stmt"/>
      <line num="1001" count="0" type="stmt"/>
      <line num="1002" count="0" type="cond" truecount="0" falsecount="2"/>
      <line num="1003" count="0" type="stmt"/>
      <line num="1006" count="0" type="stmt"/>
      <line num="1007" count="0" type="stmt"/>
      <line num="1009" count="0" type="stmt"/>
      <line num="1010" count="0" type="stmt"/>
      <line num="1011" count="0" type="stmt"/>
      <line num="1013" count="0" type="stmt"/>
      <line num="1017" count="0" type="stmt"/>
      <line num="1018" count="0" type="stmt"/>
      <line num="1022" count="0" type="stmt"/>
      <line num="1027" count="0" type="stmt"/>
      <line num="1028" count="0" type="cond" truecount="0" falsecount="2"/>
      <line num="1029" count="0" type="stmt"/>
      <line num="1032" count="0" type="stmt"/>
      <line num="1033" count="0" type="stmt"/>
      <line num="1034" count="0" type="stmt"/>
      <line num="1042" count="0" type="stmt"/>
      <line num="1043" count="0" type="stmt"/>
      <line num="1044" count="0" type="stmt"/>
      <line num="1047" count="0" type="stmt"/>
      <line num="1049" count="0" type="cond" truecount="0" falsecount="4"/>
      <line num="1050" count="0" type="stmt"/>
      <line num="1053" count="0" type="stmt"/>
      <line num="1054" count="0" type="stmt"/>
      <line num="1062" count="0" type="stmt"/>
      <line num="1063" count="0" type="stmt"/>
      <line num="1066" count="0" type="stmt"/>
      <line num="1067" count="0" type="stmt"/>
      <line num="1069" count="0" type="stmt"/>
      <line num="1070" count="0" type="stmt"/>
      <line num="1072" count="0" type="stmt"/>
      <line num="1073" count="0" type="stmt"/>
      <line num="1074" count="0" type="stmt"/>
      <line num="1075" count="0" type="stmt"/>
      <line num="1076" count="0" type="cond" truecount="0" falsecount="2"/>
      <line num="1077" count="0" type="stmt"/>
      <line num="1078" count="0" type="stmt"/>
      <line num="1081" count="0" type="stmt"/>
      <line num="1083" count="0" type="stmt"/>
      <line num="1088" count="0" type="stmt"/>
      <line num="1093" count="0" type="stmt"/>
      <line num="1094" count="0" type="stmt"/>
      <line num="1095" count="0" type="cond" truecount="0" falsecount="2"/>
      <line num="1097" count="0" type="stmt"/>
      <line num="1100" count="0" type="stmt"/>
      <line num="1103" count="0" type="stmt"/>
      <line num="1104" count="0" type="stmt"/>
      <line num="1105" count="0" type="stmt"/>
      <line num="1106" count="0" type="stmt"/>
      <line num="1109" count="0" type="stmt"/>
      <line num="1113" count="0" type="stmt"/>
      <line num="1114" count="0" type="stmt"/>
      <line num="1115" count="0" type="stmt"/>
      <line num="1116" count="0" type="stmt"/>
      <line num="1119" count="0" type="stmt"/>
      <line num="1120" count="0" type="stmt"/>
      <line num="1121" count="0" type="stmt"/>
      <line num="1122" count="0" type="stmt"/>
      <line num="1125" count="0" type="stmt"/>
      <line num="1127" count="0" type="stmt"/>
      <line num="1128" count="0" type="stmt"/>
      <line num="1129" count="0" type="stmt"/>
      <line num="1155" count="0" type="stmt"/>
      <line num="1157" count="0" type="cond" truecount="0" falsecount="2"/>
      <line num="1158" count="0" type="stmt"/>
      <line num="1159" count="0" type="stmt"/>
      <line num="1162" count="0" type="stmt"/>
      <line num="1169" count="0" type="stmt"/>
      <line num="1170" count="0" type="stmt"/>
      <line num="1171" count="0" type="stmt"/>
      <line num="1174" count="0" type="stmt"/>
      <line num="1179" count="0" type="stmt"/>
      <line num="1180" count="0" type="cond" truecount="0" falsecount="4"/>
      <line num="1181" count="0" type="stmt"/>
      <line num="1184" count="0" type="stmt"/>
      <line num="1185" count="0" type="stmt"/>
      <line num="1186" count="0" type="stmt"/>
      <line num="1187" count="0" type="stmt"/>
      <line num="1189" count="0" type="cond" truecount="0" falsecount="4"/>
      <line num="1190" count="0" type="stmt"/>
      <line num="1193" count="0" type="cond" truecount="0" falsecount="2"/>
      <line num="1194" count="0" type="stmt"/>
      <line num="1197" count="0" type="stmt"/>
      <line num="1199" count="0" type="cond" truecount="0" falsecount="8"/>
      <line num="1204" count="0" type="cond" truecount="0" falsecount="4"/>
      <line num="1205" count="0" type="stmt"/>
      <line num="1211" count="0" type="stmt"/>
      <line num="1214" count="0" type="stmt"/>
      <line num="1221" count="0" type="stmt"/>
      <line num="1222" count="0" type="cond" truecount="0" falsecount="4"/>
      <line num="1223" count="0" type="stmt"/>
      <line num="1226" count="0" type="stmt"/>
      <line num="1227" count="0" type="stmt"/>
      <line num="1228" count="0" type="stmt"/>
      <line num="1229" count="0" type="stmt"/>
      <line num="1230" count="0" type="stmt"/>
      <line num="1232" count="0" type="cond" truecount="0" falsecount="4"/>
      <line num="1233" count="0" type="stmt"/>
      <line num="1236" count="0" type="cond" truecount="0" falsecount="2"/>
      <line num="1237" count="0" type="stmt"/>
      <line num="1240" count="0" type="stmt"/>
      <line num="1241" count="0" type="cond" truecount="0" falsecount="2"/>
      <line num="1242" count="0" type="stmt"/>
      <line num="1243" count="0" type="cond" truecount="0" falsecount="2"/>
      <line num="1248" count="0" type="stmt"/>
      <line num="1249" count="0" type="stmt"/>
      <line num="1253" count="0" type="stmt"/>
      <line num="1256" count="0" type="cond" truecount="0" falsecount="4"/>
      <line num="1257" count="0" type="stmt"/>
      <line num="1260" count="0" type="stmt"/>
      <line num="1261" count="0" type="stmt"/>
      <line num="1262" count="0" type="cond" truecount="0" falsecount="4"/>
      <line num="1263" count="0" type="stmt"/>
      <line num="1266" count="0" type="cond" truecount="0" falsecount="2"/>
      <line num="1267" count="0" type="stmt"/>
      <line num="1271" count="0" type="stmt"/>
      <line num="1274" count="0" type="cond" truecount="0" falsecount="2"/>
      <line num="1275" count="0" type="stmt"/>
      <line num="1278" count="0" type="stmt"/>
      <line num="1279" count="0" type="stmt"/>
      <line num="1280" count="0" type="stmt"/>
      <line num="1281" count="0" type="cond" truecount="0" falsecount="2"/>
      <line num="1282" count="0" type="stmt"/>
      <line num="1285" count="0" type="cond" truecount="0" falsecount="2"/>
      <line num="1286" count="0" type="stmt"/>
      <line num="1289" count="0" type="stmt"/>
      <line num="1292" count="0" type="stmt"/>
      <line num="1296" count="0" type="cond" truecount="0" falsecount="2"/>
      <line num="1297" count="0" type="stmt"/>
      <line num="1300" count="0" type="stmt"/>
      <line num="1301" count="0" type="stmt"/>
      <line num="1302" count="0" type="stmt"/>
      <line num="1303" count="0" type="cond" truecount="0" falsecount="2"/>
      <line num="1304" count="0" type="stmt"/>
      <line num="1307" count="0" type="cond" truecount="0" falsecount="2"/>
      <line num="1308" count="0" type="stmt"/>
      <line num="1309" count="0" type="stmt"/>
      <line num="1310" count="0" type="cond" truecount="0" falsecount="2"/>
      <line num="1311" count="0" type="stmt"/>
      <line num="1314" count="0" type="cond" truecount="0" falsecount="4"/>
      <line num="1315" count="0" type="stmt"/>
      <line num="1316" count="0" type="cond" truecount="0" falsecount="2"/>
      <line num="1317" count="0" type="stmt"/>
      <line num="1319" count="0" type="stmt"/>
      <line num="1322" count="0" type="stmt"/>
      <line num="1326" count="0" type="stmt"/>
      <line num="1327" count="0" type="cond" truecount="0" falsecount="2"/>
      <line num="1328" count="0" type="stmt"/>
      <line num="1331" count="0" type="stmt"/>
      <line num="1332" count="0" type="stmt"/>
      <line num="1336" count="0" type="stmt"/>
      <line num="1337" count="0" type="stmt"/>
      <line num="1338" count="0" type="stmt"/>
      <line num="1340" count="0" type="cond" truecount="0" falsecount="2"/>
      <line num="1343" count="0" type="stmt"/>
      <line num="1344" count="0" type="stmt"/>
      <line num="1346" count="0" type="cond" truecount="0" falsecount="2"/>
      <line num="1347" count="0" type="stmt"/>
      <line num="1351" count="0" type="stmt"/>
      <line num="1354" count="0" type="stmt"/>
      <line num="1355" count="0" type="cond" truecount="0" falsecount="4"/>
      <line num="1356" count="0" type="stmt"/>
      <line num="1361" count="0" type="stmt"/>
      <line num="1364" count="0" type="stmt"/>
      <line num="1368" count="0" type="stmt"/>
      <line num="1369" count="0" type="stmt"/>
      <line num="1370" count="0" type="stmt"/>
      <line num="1371" count="0" type="stmt"/>
      <line num="1372" count="0" type="stmt"/>
      <line num="1373" count="0" type="stmt"/>
      <line num="1374" count="0" type="stmt"/>
      <line num="1375" count="0" type="stmt"/>
      <line num="1379" count="0" type="cond" truecount="0" falsecount="2"/>
      <line num="1380" count="0" type="stmt"/>
      <line num="1383" count="0" type="cond" truecount="0" falsecount="2"/>
      <line num="1384" count="0" type="stmt"/>
      <line num="1387" count="0" type="stmt"/>
      <line num="1388" count="0" type="stmt"/>
      <line num="1389" count="0" type="stmt"/>
      <line num="1394" count="0" type="cond" truecount="0" falsecount="2"/>
      <line num="1395" count="0" type="stmt"/>
      <line num="1398" count="0" type="cond" truecount="0" falsecount="2"/>
      <line num="1399" count="0" type="stmt"/>
      <line num="1401" count="0" type="stmt"/>
      <line num="1402" count="0" type="stmt"/>
      <line num="1403" count="0" type="cond" truecount="0" falsecount="4"/>
      <line num="1404" count="0" type="stmt"/>
      <line num="1407" count="0" type="stmt"/>
      <line num="1408" count="0" type="stmt"/>
      <line num="1409" count="0" type="stmt"/>
      <line num="1410" count="0" type="stmt"/>
      <line num="1411" count="0" type="cond" truecount="0" falsecount="4"/>
      <line num="1412" count="0" type="stmt"/>
      <line num="1414" count="0" type="stmt"/>
      <line num="1416" count="0" type="stmt"/>
      <line num="1421" count="0" type="stmt"/>
      <line num="1423" count="0" type="stmt"/>
      <line num="1424" count="0" type="cond" truecount="0" falsecount="2"/>
      <line num="1425" count="0" type="cond" truecount="0" falsecount="2"/>
      <line num="1426" count="0" type="stmt"/>
      <line num="1427" count="0" type="cond" truecount="0" falsecount="2"/>
      <line num="1428" count="0" type="stmt"/>
      <line num="1431" count="0" type="stmt"/>
      <line num="1432" count="0" type="cond" truecount="0" falsecount="2"/>
      <line num="1433" count="0" type="stmt"/>
      <line num="1438" count="0" type="stmt"/>
      <line num="1439" count="0" type="cond" truecount="0" falsecount="2"/>
      <line num="1440" count="0" type="stmt"/>
      <line num="1443" count="0" type="stmt"/>
      <line num="1444" count="0" type="stmt"/>
      <line num="1449" count="0" type="cond" truecount="0" falsecount="2"/>
      <line num="1450" count="0" type="stmt"/>
      <line num="1453" count="0" type="cond" truecount="0" falsecount="2"/>
      <line num="1454" count="0" type="cond" truecount="0" falsecount="2"/>
      <line num="1456" count="0" type="stmt"/>
      <line num="1463" count="0" type="cond" truecount="0" falsecount="2"/>
      <line num="1467" count="0" type="stmt"/>
      <line num="1470" count="0" type="cond" truecount="0" falsecount="2"/>
      <line num="1471" count="0" type="stmt"/>
      <line num="1474" count="0" type="cond" truecount="0" falsecount="2"/>
      <line num="1475" count="0" type="stmt"/>
      <line num="1478" count="0" type="stmt"/>
      <line num="1481" count="0" type="stmt"/>
      <line num="1485" count="0" type="stmt"/>
      <line num="1486" count="0" type="stmt"/>
      <line num="1488" count="0" type="cond" truecount="0" falsecount="5"/>
      <line num="1489" count="0" type="stmt"/>
      <line num="1492" count="0" type="stmt"/>
      <line num="1493" count="0" type="stmt"/>
      <line num="1494" count="0" type="stmt"/>
      <line num="1495" count="0" type="cond" truecount="0" falsecount="2"/>
      <line num="1496" count="0" type="stmt"/>
      <line num="1499" count="0" type="stmt"/>
      <line num="1500" count="0" type="stmt"/>
      <line num="1504" count="0" type="stmt"/>
      <line num="1506" count="0" type="stmt"/>
      <line num="1510" count="0" type="stmt"/>
      <line num="1512" count="0" type="stmt"/>
      <line num="1515" count="2" type="stmt"/>
      <line num="1518" count="0" type="cond" truecount="0" falsecount="2"/>
      <line num="1519" count="0" type="stmt"/>
      <line num="1522" count="0" type="stmt"/>
      <line num="1523" count="0" type="stmt"/>
      <line num="1524" count="0" type="stmt"/>
      <line num="1525" count="0" type="stmt"/>
      <line num="1526" count="0" type="cond" truecount="0" falsecount="2"/>
      <line num="1528" count="0" type="stmt"/>
      <line num="1530" count="0" type="stmt"/>
      <line num="1534" count="0" type="stmt"/>
      <line num="1535" count="0" type="stmt"/>
      <line num="1537" count="0" type="stmt"/>
      <line num="1538" count="0" type="stmt"/>
      <line num="1541" count="0" type="stmt"/>
      <line num="1545" count="0" type="stmt"/>
      <line num="1546" count="0" type="stmt"/>
      <line num="1547" count="0" type="stmt"/>
      <line num="1548" count="0" type="stmt"/>
      <line num="1549" count="0" type="stmt"/>
      <line num="1551" count="0" type="stmt"/>
      <line num="1552" count="0" type="stmt"/>
      <line num="1553" count="0" type="stmt"/>
      <line num="1554" count="0" type="stmt"/>
      <line num="1555" count="0" type="stmt"/>
      <line num="1557" count="0" type="stmt"/>
      <line num="1558" count="0" type="stmt"/>
      <line num="1559" count="0" type="stmt"/>
      <line num="1560" count="0" type="stmt"/>
      <line num="1561" count="0" type="stmt"/>
      <line num="1562" count="0" type="stmt"/>
      <line num="1563" count="0" type="stmt"/>
      <line num="1564" count="0" type="stmt"/>
      <line num="1565" count="0" type="stmt"/>
      <line num="1566" count="0" type="stmt"/>
      <line num="1567" count="0" type="stmt"/>
      <line num="1568" count="0" type="stmt"/>
      <line num="1569" count="0" type="stmt"/>
      <line num="1570" count="0" type="stmt"/>
      <line num="1572" count="0" type="stmt"/>
      <line num="1573" count="0" type="stmt"/>
      <line num="1574" count="0" type="stmt"/>
      <line num="1575" count="0" type="stmt"/>
      <line num="1576" count="0" type="stmt"/>
      <line num="1577" count="0" type="stmt"/>
      <line num="1578" count="0" type="stmt"/>
      <line num="1579" count="0" type="stmt"/>
      <line num="1580" count="0" type="stmt"/>
      <line num="1581" count="0" type="stmt"/>
      <line num="1582" count="0" type="stmt"/>
      <line num="1583" count="0" type="stmt"/>
      <line num="1584" count="0" type="stmt"/>
      <line num="1585" count="0" type="stmt"/>
      <line num="1586" count="0" type="stmt"/>
      <line num="1587" count="0" type="stmt"/>
      <line num="1588" count="0" type="stmt"/>
      <line num="1589" count="0" type="stmt"/>
      <line num="1590" count="0" type="stmt"/>
      <line num="1591" count="0" type="stmt"/>
      <line num="1592" count="0" type="stmt"/>
      <line num="1594" count="0" type="stmt"/>
      <line num="1597" count="0" type="stmt"/>
      <line num="1598" count="0" type="stmt"/>
      <line num="1599" count="0" type="stmt"/>
      <line num="1600" count="0" type="stmt"/>
      <line num="1601" count="0" type="stmt"/>
      <line num="1602" count="0" type="stmt"/>
      <line num="1603" count="0" type="stmt"/>
      <line num="1604" count="0" type="stmt"/>
      <line num="1605" count="0" type="stmt"/>
      <line num="1608" count="0" type="stmt"/>
      <line num="1621" count="0" type="cond" truecount="0" falsecount="2"/>
      <line num="1622" count="0" type="stmt"/>
      <line num="1625" count="0" type="stmt"/>
      <line num="1626" count="0" type="stmt"/>
      <line num="1628" count="0" type="stmt"/>
      <line num="1630" count="0" type="stmt"/>
      <line num="1631" count="0" type="stmt"/>
      <line num="1632" count="0" type="stmt"/>
      <line num="1636" count="0" type="stmt"/>
      <line num="1637" count="0" type="stmt"/>
      <line num="1638" count="0" type="stmt"/>
      <line num="1642" count="0" type="stmt"/>
      <line num="1643" count="0" type="cond" truecount="0" falsecount="4"/>
      <line num="1644" count="0" type="stmt"/>
      <line num="1647" count="0" type="stmt"/>
      <line num="1648" count="0" type="stmt"/>
      <line num="1655" count="0" type="stmt"/>
      <line num="1659" count="0" type="stmt"/>
      <line num="1661" count="0" type="cond" truecount="0" falsecount="4"/>
      <line num="1662" count="0" type="stmt"/>
      <line num="1665" count="0" type="stmt"/>
      <line num="1666" count="0" type="stmt"/>
      <line num="1671" count="0" type="stmt"/>
      <line num="1672" count="0" type="stmt"/>
      <line num="1673" count="0" type="stmt"/>
      <line num="1674" count="0" type="stmt"/>
      <line num="1675" count="0" type="stmt"/>
      <line num="1677" count="0" type="stmt"/>
      <line num="1678" count="0" type="cond" truecount="0" falsecount="4"/>
      <line num="1681" count="0" type="stmt"/>
      <line num="1682" count="0" type="stmt"/>
      <line num="1683" count="0" type="stmt"/>
      <line num="1684" count="0" type="stmt"/>
      <line num="1686" count="0" type="cond" truecount="0" falsecount="2"/>
      <line num="1687" count="0" type="stmt"/>
      <line num="1690" count="0" type="cond" truecount="0" falsecount="2"/>
      <line num="1691" count="0" type="stmt"/>
      <line num="1694" count="0" type="cond" truecount="0" falsecount="2"/>
      <line num="1695" count="0" type="stmt"/>
      <line num="1698" count="0" type="stmt"/>
      <line num="1699" count="0" type="stmt"/>
      <line num="1700" count="0" type="stmt"/>
      <line num="1702" count="0" type="cond" truecount="0" falsecount="2"/>
      <line num="1709" count="0" type="stmt"/>
      <line num="1712" count="0" type="stmt"/>
      <line num="1714" count="0" type="cond" truecount="0" falsecount="2"/>
      <line num="1715" count="0" type="stmt"/>
      <line num="1718" count="0" type="stmt"/>
      <line num="1719" count="0" type="stmt"/>
      <line num="1720" count="0" type="stmt"/>
      <line num="1721" count="0" type="stmt"/>
      <line num="1722" count="0" type="stmt"/>
      <line num="1724" count="0" type="stmt"/>
      <line num="1725" count="0" type="stmt"/>
      <line num="1726" count="0" type="stmt"/>
      <line num="1734" count="0" type="cond" truecount="0" falsecount="4"/>
      <line num="1737" count="0" type="stmt"/>
      <line num="1748" count="0" type="cond" truecount="0" falsecount="2"/>
      <line num="1758" count="0" type="stmt"/>
      <line num="1761" count="0" type="stmt"/>
      <line num="1764" count="0" type="stmt"/>
      <line num="1767" count="0" type="stmt"/>
      <line num="1771" count="0" type="cond" truecount="0" falsecount="4"/>
      <line num="1772" count="0" type="stmt"/>
      <line num="1773" count="0" type="stmt"/>
      <line num="1776" count="0" type="stmt"/>
      <line num="1778" count="0" type="stmt"/>
      <line num="1779" count="0" type="cond" truecount="0" falsecount="4"/>
      <line num="1780" count="0" type="stmt"/>
      <line num="1783" count="0" type="stmt"/>
      <line num="1784" count="0" type="stmt"/>
      <line num="1785" count="0" type="stmt"/>
      <line num="1786" count="0" type="stmt"/>
      <line num="1787" count="0" type="stmt"/>
      <line num="1788" count="0" type="stmt"/>
      <line num="1790" count="0" type="stmt"/>
      <line num="1791" count="0" type="stmt"/>
      <line num="1793" count="0" type="cond" truecount="0" falsecount="2"/>
      <line num="1797" count="0" type="stmt"/>
      <line num="1799" count="0" type="stmt"/>
      <line num="1803" count="0" type="stmt"/>
      <line num="1816" count="0" type="cond" truecount="0" falsecount="2"/>
      <line num="1817" count="0" type="stmt"/>
      <line num="1818" count="0" type="stmt"/>
      <line num="1821" count="0" type="stmt"/>
      <line num="1822" count="0" type="stmt"/>
      <line num="1823" count="0" type="stmt"/>
      <line num="1825" count="0" type="stmt"/>
      <line num="1827" count="0" type="cond" truecount="0" falsecount="2"/>
      <line num="1828" count="0" type="stmt"/>
      <line num="1833" count="0" type="cond" truecount="0" falsecount="2"/>
      <line num="1834" count="0" type="stmt"/>
      <line num="1837" count="0" type="stmt"/>
      <line num="1838" count="0" type="stmt"/>
      <line num="1839" count="0" type="stmt"/>
      <line num="1840" count="0" type="stmt"/>
      <line num="1841" count="0" type="stmt"/>
      <line num="1845" count="0" type="cond" truecount="0" falsecount="2"/>
      <line num="1846" count="0" type="stmt"/>
      <line num="1849" count="0" type="stmt"/>
      <line num="1850" count="0" type="stmt"/>
      <line num="1851" count="0" type="stmt"/>
      <line num="1852" count="0" type="stmt"/>
      <line num="1853" count="0" type="stmt"/>
      <line num="1854" count="0" type="stmt"/>
      <line num="1855" count="0" type="stmt"/>
      <line num="1856" count="0" type="stmt"/>
      <line num="1857" count="0" type="stmt"/>
      <line num="1864" count="0" type="stmt"/>
      <line num="1865" count="0" type="cond" truecount="0" falsecount="2"/>
      <line num="1868" count="0" type="stmt"/>
      <line num="1872" count="0" type="stmt"/>
      <line num="1873" count="0" type="cond" truecount="0" falsecount="2"/>
      <line num="1874" count="0" type="stmt"/>
      <line num="1877" count="0" type="stmt"/>
      <line num="1878" count="0" type="cond" truecount="0" falsecount="2"/>
      <line num="1879" count="0" type="stmt"/>
      <line num="1881" count="0" type="cond" truecount="0" falsecount="2"/>
      <line num="1882" count="0" type="stmt"/>
      <line num="1883" count="0" type="cond" truecount="0" falsecount="2"/>
      <line num="1884" count="0" type="stmt"/>
      <line num="1886" count="0" type="stmt"/>
      <line num="1887" count="0" type="stmt"/>
      <line num="1888" count="0" type="stmt"/>
      <line num="1889" count="0" type="stmt"/>
      <line num="1891" count="0" type="cond" truecount="0" falsecount="2"/>
      <line num="1892" count="0" type="stmt"/>
      <line num="1893" count="0" type="cond" truecount="0" falsecount="2"/>
      <line num="1894" count="0" type="stmt"/>
      <line num="1900" count="0" type="stmt"/>
      <line num="1901" count="0" type="cond" truecount="0" falsecount="2"/>
      <line num="1902" count="0" type="stmt"/>
      <line num="1905" count="0" type="cond" truecount="0" falsecount="4"/>
      <line num="1906" count="0" type="stmt"/>
      <line num="1907" count="0" type="stmt"/>
      <line num="1910" count="0" type="stmt"/>
      <line num="1911" count="0" type="stmt"/>
      <line num="1912" count="0" type="stmt"/>
      <line num="1916" count="0" type="cond" truecount="0" falsecount="2"/>
      <line num="1917" count="0" type="stmt"/>
      <line num="1920" count="0" type="stmt"/>
      <line num="1921" count="0" type="stmt"/>
      <line num="1922" count="0" type="stmt"/>
      <line num="1926" count="0" type="stmt"/>
      <line num="1927" count="0" type="stmt"/>
      <line num="1931" count="0" type="stmt"/>
      <line num="1935" count="0" type="cond" truecount="0" falsecount="2"/>
      <line num="1936" count="0" type="stmt"/>
      <line num="1939" count="0" type="cond" truecount="0" falsecount="1"/>
      <line num="1940" count="0" type="stmt"/>
      <line num="1949" count="0" type="cond" truecount="0" falsecount="2"/>
      <line num="1950" count="0" type="stmt"/>
      <line num="1953" count="0" type="stmt"/>
      <line num="1957" count="0" type="stmt"/>
      <line num="1958" count="0" type="stmt"/>
      <line num="1959" count="0" type="stmt"/>
      <line num="1960" count="0" type="stmt"/>
      <line num="1961" count="0" type="stmt"/>
      <line num="1962" count="0" type="stmt"/>
      <line num="1964" count="0" type="stmt"/>
      <line num="1968" count="16" type="cond" truecount="2" falsecount="0"/>
      <line num="1969" count="2" type="stmt"/>
      <line num="1972" count="14" type="stmt"/>
      <line num="1973" count="14" type="cond" truecount="1" falsecount="1"/>
      <line num="1974" count="0" type="stmt"/>
      <line num="1977" count="14" type="stmt"/>
      <line num="1978" count="14" type="stmt"/>
      <line num="1979" count="14" type="cond" truecount="1" falsecount="1"/>
      <line num="1983" count="0" type="cond" truecount="0" falsecount="2"/>
      <line num="1984" count="0" type="stmt"/>
      <line num="1987" count="0" type="stmt"/>
      <line num="1988" count="0" type="cond" truecount="0" falsecount="2"/>
      <line num="1989" count="0" type="stmt"/>
      <line num="1992" count="0" type="stmt"/>
      <line num="1996" count="26" type="stmt"/>
      <line num="1999" count="69" type="cond" truecount="2" falsecount="0"/>
      <line num="2004" count="10" type="cond" truecount="1" falsecount="1"/>
      <line num="2009" count="10" type="cond" truecount="1" falsecount="1"/>
      <line num="2016" count="14" type="stmt"/>
      <line num="2020" count="16" type="cond" truecount="2" falsecount="0"/>
      <line num="2021" count="16" type="cond" truecount="2" falsecount="0"/>
      <line num="2024" count="16" type="cond" truecount="2" falsecount="0"/>
      <line num="2027" count="16" type="stmt"/>
      <line num="2031" count="16" type="cond" truecount="2" falsecount="0"/>
      <line num="2034" count="16" type="cond" truecount="2" falsecount="0"/>
      <line num="2037" count="16" type="cond" truecount="2" falsecount="0"/>
      <line num="2040" count="16" type="stmt"/>
      <line num="2044" count="16" type="stmt"/>
      <line num="2045" count="16" type="cond" truecount="4" falsecount="1"/>
      <line num="2046" count="0" type="stmt"/>
      <line num="2049" count="16" type="stmt"/>
      <line num="2050" count="16" type="stmt"/>
      <line num="2052" count="16" type="stmt"/>
      <line num="2062" count="16" type="stmt"/>
      <line num="2063" count="16" type="cond" truecount="1" falsecount="1"/>
      <line num="2064" count="0" type="stmt"/>
      <line num="2067" count="16" type="stmt"/>
      <line num="2068" count="16" type="cond" truecount="2" falsecount="0"/>
      <line num="2069" count="2" type="stmt"/>
      <line num="2075" count="14" type="stmt"/>
      <line num="2076" count="14" type="stmt"/>
      <line num="2091" count="0" type="stmt"/>
      <line num="2093" count="0" type="cond" truecount="0" falsecount="2"/>
      <line num="2094" count="0" type="stmt"/>
      <line num="2095" count="0" type="stmt"/>
      <line num="2106" count="0" type="stmt"/>
      <line num="2108" count="0" type="stmt"/>
      <line num="2109" count="0" type="stmt"/>
      <line num="2124" count="0" type="stmt"/>
      <line num="2125" count="0" type="stmt"/>
      <line num="2127" count="0" type="cond" truecount="0" falsecount="2"/>
      <line num="2128" count="0" type="stmt"/>
      <line num="2132" count="0" type="stmt"/>
      <line num="2143" count="0" type="stmt"/>
      <line num="2147" count="2" type="stmt"/>
      <line num="2150" count="2" type="stmt"/>
      <line num="2153" count="0" type="cond" truecount="0" falsecount="2"/>
      <line num="2154" count="0" type="stmt"/>
      <line num="2155" count="0" type="stmt"/>
      <line num="2158" count="0" type="stmt"/>
      <line num="2159" count="0" type="stmt"/>
      <line num="2160" count="0" type="stmt"/>
      <line num="2161" count="0" type="stmt"/>
      <line num="2162" count="0" type="stmt"/>
      <line num="2163" count="0" type="stmt"/>
      <line num="2164" count="0" type="stmt"/>
      <line num="2165" count="0" type="stmt"/>
      <line num="2166" count="0" type="stmt"/>
      <line num="2167" count="0" type="stmt"/>
      <line num="2171" count="0" type="cond" truecount="0" falsecount="2"/>
      <line num="2172" count="0" type="stmt"/>
      <line num="2175" count="0" type="stmt"/>
      <line num="2179" count="0" type="stmt"/>
      <line num="2183" count="6" type="stmt"/>
      <line num="2184" count="6" type="stmt"/>
      <line num="2186" count="6" type="stmt"/>
      <line num="2187" count="12" type="cond" truecount="1" falsecount="1"/>
      <line num="2188" count="0" type="stmt"/>
      <line num="2191" count="12" type="stmt"/>
      <line num="2192" count="12" type="stmt"/>
      <line num="2194" count="12" type="cond" truecount="1" falsecount="1"/>
      <line num="2195" count="0" type="stmt"/>
      <line num="2198" count="12" type="cond" truecount="1" falsecount="1"/>
      <line num="2199" count="0" type="stmt"/>
      <line num="2202" count="12" type="stmt"/>
      <line num="2203" count="12" type="cond" truecount="2" falsecount="0"/>
      <line num="2204" count="6" type="stmt"/>
      <line num="2205" count="6" type="cond" truecount="1" falsecount="1"/>
      <line num="2206" count="6" type="stmt"/>
      <line num="2207" count="6" type="cond" truecount="1" falsecount="1"/>
      <line num="2211" count="6" type="stmt"/>
      <line num="2212" count="6" type="stmt"/>
      <line num="2217" count="6" type="stmt"/>
      <line num="2220" count="6" type="cond" truecount="1" falsecount="1"/>
      <line num="2221" count="0" type="stmt"/>
      <line num="2224" count="6" type="stmt"/>
      <line num="2228" count="28" type="cond" truecount="3" falsecount="1"/>
      <line num="2229" count="0" type="stmt"/>
      <line num="2232" count="28" type="stmt"/>
      <line num="2233" count="28" type="cond" truecount="4" falsecount="0"/>
      <line num="2237" count="28" type="cond" truecount="1" falsecount="1"/>
      <line num="2238" count="28" type="cond" truecount="1" falsecount="1"/>
      <line num="2241" count="0" type="cond" truecount="0" falsecount="2"/>
      <line num="2242" count="0" type="cond" truecount="0" falsecount="2"/>
      <line num="2245" count="0" type="cond" truecount="0" falsecount="2"/>
      <line num="2246" count="0" type="stmt"/>
      <line num="2247" count="0" type="cond" truecount="0" falsecount="2"/>
      <line num="2252" count="0" type="stmt"/>
      <line num="2256" count="4" type="stmt"/>
      <line num="2257" count="4" type="stmt"/>
      <line num="2258" count="4" type="stmt"/>
      <line num="2259" count="4" type="stmt"/>
      <line num="2260" count="4" type="stmt"/>
      <line num="2262" count="4" type="stmt"/>
      <line num="2267" count="855" type="cond" truecount="6" falsecount="0"/>
      <line num="2277" count="855" type="stmt"/>
      <line num="2281" count="0" type="stmt"/>
      <line num="2282" count="0" type="stmt"/>
      <line num="2283" count="0" type="stmt"/>
      <line num="2287" count="0" type="stmt"/>
      <line num="2288" count="0" type="stmt"/>
      <line num="2289" count="0" type="stmt"/>
      <line num="2293" count="0" type="stmt"/>
      <line num="2301" count="0" type="stmt"/>
      <line num="2302" count="0" type="stmt"/>
      <line num="2303" count="0" type="stmt"/>
      <line num="2311" count="0" type="stmt"/>
      <line num="2313" count="0" type="cond" truecount="0" falsecount="2"/>
      <line num="2314" count="0" type="stmt"/>
      <line num="2315" count="0" type="stmt"/>
      <line num="2316" count="0" type="stmt"/>
      <line num="2317" count="0" type="cond" truecount="0" falsecount="2"/>
      <line num="2318" count="0" type="cond" truecount="0" falsecount="2"/>
      <line num="2319" count="0" type="stmt"/>
      <line num="2320" count="0" type="cond" truecount="0" falsecount="2"/>
      <line num="2321" count="0" type="stmt"/>
      <line num="2323" count="0" type="stmt"/>
      <line num="2324" count="0" type="stmt"/>
      <line num="2325" count="0" type="stmt"/>
      <line num="2326" count="0" type="cond" truecount="0" falsecount="2"/>
      <line num="2329" count="0" type="stmt"/>
      <line num="2330" count="0" type="stmt"/>
      <line num="2334" count="0" type="stmt"/>
      <line num="2335" count="0" type="stmt"/>
      <line num="2336" count="0" type="stmt"/>
      <line num="2337" count="0" type="stmt"/>
      <line num="2338" count="0" type="stmt"/>
      <line num="2339" count="0" type="stmt"/>
      <line num="2340" count="0" type="stmt"/>
      <line num="2341" count="0" type="stmt"/>
      <line num="2343" count="0" type="cond" truecount="0" falsecount="4"/>
      <line num="2351" count="0" type="stmt"/>
      <line num="2352" count="0" type="cond" truecount="0" falsecount="2"/>
      <line num="2353" count="0" type="stmt"/>
      <line num="2356" count="0" type="stmt"/>
      <line num="2357" count="0" type="cond" truecount="0" falsecount="2"/>
      <line num="2358" count="0" type="stmt"/>
      <line num="2359" count="0" type="stmt"/>
      <line num="2362" count="0" type="stmt"/>
      <line num="2363" count="0" type="stmt"/>
      <line num="2364" count="0" type="stmt"/>
      <line num="2365" count="0" type="stmt"/>
      <line num="2366" count="0" type="stmt"/>
      <line num="2374" count="0" type="stmt"/>
      <line num="2376" count="0" type="cond" truecount="0" falsecount="2"/>
      <line num="2377" count="0" type="stmt"/>
      <line num="2378" count="0" type="cond" truecount="0" falsecount="2"/>
      <line num="2379" count="0" type="stmt"/>
      <line num="2380" count="0" type="cond" truecount="0" falsecount="2"/>
      <line num="2381" count="0" type="stmt"/>
      <line num="2382" count="0" type="cond" truecount="0" falsecount="2"/>
      <line num="2383" count="0" type="stmt"/>
      <line num="2384" count="0" type="cond" truecount="0" falsecount="2"/>
      <line num="2385" count="0" type="stmt"/>
      <line num="2386" count="0" type="cond" truecount="0" falsecount="2"/>
      <line num="2387" count="0" type="stmt"/>
      <line num="2389" count="0" type="stmt"/>
      <line num="2392" count="0" type="stmt"/>
      <line num="2393" count="0" type="stmt"/>
      <line num="2394" count="0" type="stmt"/>
      <line num="2395" count="0" type="stmt"/>
      <line num="2399" count="0" type="stmt"/>
      <line num="2400" count="0" type="stmt"/>
      <line num="2401" count="0" type="stmt"/>
      <line num="2406" count="0" type="stmt"/>
      <line num="2409" count="0" type="stmt"/>
      <line num="2413" count="0" type="stmt"/>
      <line num="2417" count="0" type="stmt"/>
      <line num="2418" count="0" type="cond" truecount="0" falsecount="2"/>
      <line num="2419" count="0" type="stmt"/>
      <line num="2420" count="0" type="stmt"/>
      <line num="2424" count="0" type="stmt"/>
      <line num="2428" count="0" type="cond" truecount="0" falsecount="2"/>
      <line num="2429" count="0" type="stmt"/>
      <line num="2430" count="0" type="stmt"/>
      <line num="2434" count="0" type="stmt"/>
      <line num="2438" count="0" type="cond" truecount="0" falsecount="2"/>
      <line num="2442" count="0" type="stmt"/>
      <line num="2451" count="0" type="stmt"/>
      <line num="2455" count="0" type="stmt"/>
      <line num="2459" count="0" type="stmt"/>
      <line num="2460" count="0" type="stmt"/>
      <line num="2463" count="0" type="stmt"/>
      <line num="2465" count="0" type="stmt"/>
      <line num="2466" count="0" type="stmt"/>
      <line num="2467" count="0" type="stmt"/>
      <line num="2468" count="0" type="stmt"/>
      <line num="2469" count="0" type="stmt"/>
      <line num="2470" count="0" type="stmt"/>
      <line num="2472" count="0" type="stmt"/>
      <line num="2473" count="0" type="stmt"/>
      <line num="2474" count="0" type="stmt"/>
      <line num="2475" count="0" type="stmt"/>
      <line num="2478" count="0" type="stmt"/>
      <line num="2479" count="0" type="stmt"/>
      <line num="2480" count="0" type="stmt"/>
      <line num="2482" count="0" type="stmt"/>
      <line num="2483" count="0" type="stmt"/>
      <line num="2484" count="0" type="cond" truecount="0" falsecount="2"/>
      <line num="2485" count="0" type="stmt"/>
      <line num="2487" count="0" type="cond" truecount="0" falsecount="2"/>
      <line num="2488" count="0" type="stmt"/>
      <line num="2490" count="0" type="cond" truecount="0" falsecount="2"/>
      <line num="2491" count="0" type="stmt"/>
      <line num="2494" count="0" type="stmt"/>
      <line num="2495" count="0" type="stmt"/>
      <line num="2496" count="0" type="cond" truecount="0" falsecount="2"/>
      <line num="2497" count="0" type="stmt"/>
      <line num="2507" count="0" type="stmt"/>
      <line num="2508" count="0" type="stmt"/>
      <line num="2511" count="0" type="stmt"/>
      <line num="2512" count="0" type="stmt"/>
      <line num="2514" count="0" type="cond" truecount="0" falsecount="2"/>
      <line num="2515" count="0" type="stmt"/>
      <line num="2516" count="0" type="cond" truecount="0" falsecount="2"/>
      <line num="2517" count="0" type="stmt"/>
      <line num="2518" count="0" type="cond" truecount="0" falsecount="2"/>
      <line num="2519" count="0" type="stmt"/>
      <line num="2520" count="0" type="cond" truecount="0" falsecount="2"/>
      <line num="2521" count="0" type="stmt"/>
      <line num="2522" count="0" type="cond" truecount="0" falsecount="2"/>
      <line num="2523" count="0" type="cond" truecount="0" falsecount="2"/>
      <line num="2524" count="0" type="cond" truecount="0" falsecount="2"/>
      <line num="2525" count="0" type="cond" truecount="0" falsecount="2"/>
      <line num="2526" count="0" type="cond" truecount="0" falsecount="2"/>
      <line num="2527" count="0" type="stmt"/>
      <line num="2528" count="0" type="cond" truecount="0" falsecount="2"/>
      <line num="2529" count="0" type="stmt"/>
      <line num="2530" count="0" type="cond" truecount="0" falsecount="4"/>
      <line num="2531" count="0" type="stmt"/>
      <line num="2532" count="0" type="stmt"/>
      <line num="2533" count="0" type="stmt"/>
      <line num="2536" count="0" type="cond" truecount="0" falsecount="2"/>
      <line num="2537" count="0" type="stmt"/>
      <line num="2540" count="0" type="stmt"/>
      <line num="2541" count="0" type="stmt"/>
      <line num="2542" count="0" type="stmt"/>
      <line num="2545" count="0" type="stmt"/>
      <line num="2548" count="0" type="cond" truecount="0" falsecount="2"/>
      <line num="2549" count="0" type="stmt"/>
      <line num="2554" count="0" type="cond" truecount="0" falsecount="4"/>
      <line num="2555" count="0" type="stmt"/>
      <line num="2558" count="0" type="stmt"/>
      <line num="2559" count="0" type="stmt"/>
      <line num="2560" count="0" type="stmt"/>
      <line num="2561" count="0" type="stmt"/>
      <line num="2562" count="0" type="stmt"/>
      <line num="2563" count="0" type="stmt"/>
      <line num="2564" count="0" type="stmt"/>
      <line num="2565" count="0" type="stmt"/>
      <line num="2566" count="0" type="stmt"/>
      <line num="2571" count="0" type="cond" truecount="0" falsecount="2"/>
      <line num="2572" count="0" type="stmt"/>
      <line num="2575" count="0" type="stmt"/>
      <line num="2576" count="0" type="stmt"/>
      <line num="2577" count="0" type="stmt"/>
      <line num="2578" count="0" type="stmt"/>
      <line num="2579" count="0" type="stmt"/>
      <line num="2580" count="0" type="stmt"/>
      <line num="2582" count="0" type="cond" truecount="0" falsecount="2"/>
      <line num="2583" count="0" type="stmt"/>
      <line num="2588" count="0" type="stmt"/>
      <line num="2589" count="0" type="stmt"/>
      <line num="2590" count="0" type="stmt"/>
      <line num="2591" count="0" type="stmt"/>
      <line num="2593" count="0" type="stmt"/>
      <line num="2594" count="0" type="stmt"/>
      <line num="2596" count="0" type="stmt"/>
      <line num="2597" count="0" type="stmt"/>
      <line num="2598" count="0" type="cond" truecount="0" falsecount="2"/>
      <line num="2599" count="0" type="cond" truecount="0" falsecount="2"/>
      <line num="2601" count="0" type="stmt"/>
      <line num="2602" count="0" type="cond" truecount="0" falsecount="2"/>
      <line num="2603" count="0" type="stmt"/>
      <line num="2605" count="0" type="stmt"/>
      <line num="2607" count="0" type="stmt"/>
      <line num="2608" count="0" type="cond" truecount="0" falsecount="2"/>
      <line num="2609" count="0" type="stmt"/>
      <line num="2612" count="0" type="stmt"/>
      <line num="2613" count="0" type="stmt"/>
      <line num="2614" count="0" type="stmt"/>
      <line num="2625" count="0" type="stmt"/>
      <line num="2626" count="0" type="cond" truecount="0" falsecount="2"/>
      <line num="2627" count="0" type="stmt"/>
      <line num="2628" count="0" type="stmt"/>
      <line num="2629" count="0" type="stmt"/>
      <line num="2630" count="0" type="stmt"/>
      <line num="2631" count="0" type="stmt"/>
      <line num="2632" count="0" type="stmt"/>
      <line num="2633" count="0" type="stmt"/>
      <line num="2634" count="0" type="stmt"/>
      <line num="2635" count="0" type="stmt"/>
      <line num="2636" count="0" type="stmt"/>
      <line num="2637" count="0" type="stmt"/>
      <line num="2638" count="0" type="stmt"/>
      <line num="2639" count="0" type="stmt"/>
      <line num="2640" count="0" type="stmt"/>
      <line num="2641" count="0" type="stmt"/>
      <line num="2642" count="0" type="stmt"/>
      <line num="2643" count="0" type="stmt"/>
      <line num="2644" count="0" type="stmt"/>
      <line num="2645" count="0" type="stmt"/>
      <line num="2646" count="0" type="stmt"/>
      <line num="2647" count="0" type="stmt"/>
      <line num="2648" count="0" type="stmt"/>
      <line num="2649" count="0" type="stmt"/>
      <line num="2650" count="0" type="stmt"/>
      <line num="2651" count="0" type="stmt"/>
      <line num="2652" count="0" type="stmt"/>
      <line num="2653" count="0" type="stmt"/>
      <line num="2654" count="0" type="stmt"/>
      <line num="2655" count="0" type="stmt"/>
      <line num="2656" count="0" type="stmt"/>
      <line num="2657" count="0" type="stmt"/>
      <line num="2659" count="0" type="stmt"/>
      <line num="2660" count="0" type="stmt"/>
      <line num="2661" count="0" type="stmt"/>
      <line num="2662" count="0" type="stmt"/>
      <line num="2664" count="0" type="stmt"/>
      <line num="2665" count="0" type="stmt"/>
      <line num="2666" count="0" type="stmt"/>
      <line num="2668" count="0" type="stmt"/>
      <line num="2692" count="0" type="stmt"/>
      <line num="2693" count="0" type="stmt"/>
      <line num="2694" count="0" type="stmt"/>
      <line num="2695" count="0" type="stmt"/>
      <line num="2696" count="0" type="stmt"/>
      <line num="2697" count="0" type="stmt"/>
      <line num="2698" count="0" type="stmt"/>
      <line num="2699" count="0" type="stmt"/>
      <line num="2700" count="0" type="stmt"/>
      <line num="2701" count="0" type="stmt"/>
      <line num="2702" count="0" type="stmt"/>
      <line num="2703" count="0" type="stmt"/>
      <line num="2706" count="0" type="stmt"/>
      <line num="2708" count="0" type="stmt"/>
      <line num="2709" count="0" type="stmt"/>
      <line num="2710" count="0" type="stmt"/>
      <line num="2711" count="0" type="stmt"/>
      <line num="2712" count="0" type="stmt"/>
      <line num="2713" count="0" type="stmt"/>
      <line num="2714" count="0" type="stmt"/>
      <line num="2717" count="0" type="stmt"/>
      <line num="2718" count="0" type="stmt"/>
      <line num="2719" count="0" type="stmt"/>
      <line num="2720" count="0" type="stmt"/>
      <line num="2721" count="0" type="stmt"/>
      <line num="2722" count="0" type="stmt"/>
      <line num="2723" count="0" type="stmt"/>
      <line num="2724" count="0" type="stmt"/>
      <line num="2725" count="0" type="stmt"/>
      <line num="2726" count="0" type="stmt"/>
      <line num="2727" count="0" type="stmt"/>
      <line num="2729" count="0" type="stmt"/>
      <line num="2731" count="0" type="stmt"/>
      <line num="2732" count="0" type="stmt"/>
      <line num="2733" count="0" type="stmt"/>
      <line num="2734" count="0" type="stmt"/>
      <line num="2735" count="0" type="stmt"/>
      <line num="2737" count="0" type="stmt"/>
      <line num="2738" count="0" type="stmt"/>
      <line num="2739" count="0" type="stmt"/>
      <line num="2740" count="0" type="stmt"/>
      <line num="2741" count="0" type="stmt"/>
      <line num="2743" count="0" type="stmt"/>
      <line num="2745" count="0" type="stmt"/>
      <line num="2746" count="0" type="stmt"/>
      <line num="2747" count="0" type="stmt"/>
      <line num="2748" count="0" type="stmt"/>
      <line num="2750" count="0" type="stmt"/>
      <line num="2751" count="0" type="stmt"/>
      <line num="2752" count="0" type="stmt"/>
      <line num="2753" count="0" type="stmt"/>
      <line num="2755" count="0" type="stmt"/>
      <line num="2757" count="0" type="stmt"/>
      <line num="2758" count="0" type="stmt"/>
      <line num="2759" count="0" type="stmt"/>
      <line num="2760" count="0" type="stmt"/>
      <line num="2761" count="0" type="stmt"/>
      <line num="2764" count="0" type="stmt"/>
      <line num="2766" count="0" type="stmt"/>
      <line num="2767" count="0" type="stmt"/>
      <line num="2768" count="0" type="stmt"/>
      <line num="2769" count="0" type="stmt"/>
      <line num="2771" count="0" type="stmt"/>
      <line num="2777" count="0" type="stmt"/>
      <line num="2778" count="0" type="stmt"/>
      <line num="2779" count="0" type="stmt"/>
      <line num="2780" count="0" type="stmt"/>
      <line num="2781" count="0" type="stmt"/>
      <line num="2782" count="0" type="stmt"/>
      <line num="2783" count="0" type="stmt"/>
      <line num="2784" count="0" type="stmt"/>
      <line num="2786" count="0" type="stmt"/>
      <line num="2787" count="0" type="stmt"/>
      <line num="2788" count="0" type="stmt"/>
      <line num="2789" count="0" type="cond" truecount="0" falsecount="2"/>
      <line num="2790" count="0" type="stmt"/>
      <line num="2791" count="0" type="cond" truecount="0" falsecount="2"/>
      <line num="2792" count="0" type="stmt"/>
      <line num="2794" count="0" type="stmt"/>
      <line num="2797" count="0" type="stmt"/>
      <line num="2798" count="0" type="stmt"/>
      <line num="2803" count="0" type="stmt"/>
      <line num="2805" count="0" type="cond" truecount="0" falsecount="2"/>
      <line num="2806" count="0" type="stmt"/>
      <line num="2807" count="0" type="stmt"/>
      <line num="2808" count="0" type="stmt"/>
      <line num="2809" count="0" type="stmt"/>
      <line num="2813" count="0" type="stmt"/>
      <line num="2814" count="0" type="stmt"/>
      <line num="2815" count="0" type="stmt"/>
      <line num="2816" count="0" type="stmt"/>
      <line num="2817" count="0" type="stmt"/>
      <line num="2818" count="0" type="stmt"/>
      <line num="2819" count="0" type="stmt"/>
      <line num="2821" count="0" type="stmt"/>
      <line num="2822" count="0" type="cond" truecount="0" falsecount="2"/>
      <line num="2825" count="0" type="stmt"/>
      <line num="2826" count="0" type="stmt"/>
      <line num="2827" count="0" type="stmt"/>
      <line num="2829" count="0" type="stmt"/>
      <line num="2830" count="0" type="stmt"/>
      <line num="2831" count="0" type="stmt"/>
      <line num="2832" count="0" type="stmt"/>
      <line num="2833" count="0" type="stmt"/>
      <line num="2834" count="0" type="stmt"/>
      <line num="2835" count="0" type="stmt"/>
      <line num="2837" count="0" type="stmt"/>
      <line num="2864" count="0" type="stmt"/>
      <line num="2865" count="0" type="stmt"/>
      <line num="2866" count="0" type="stmt"/>
      <line num="2867" count="0" type="stmt"/>
      <line num="2868" count="0" type="stmt"/>
      <line num="2871" count="0" type="stmt"/>
      <line num="2872" count="0" type="stmt"/>
      <line num="2873" count="0" type="stmt"/>
      <line num="2874" count="0" type="stmt"/>
      <line num="2875" count="0" type="stmt"/>
      <line num="2879" count="0" type="stmt"/>
      <line num="2889" count="0" type="stmt"/>
      <line num="2890" count="0" type="stmt"/>
      <line num="2891" count="0" type="cond" truecount="0" falsecount="4"/>
      <line num="2892" count="0" type="stmt"/>
      <line num="2897" count="0" type="stmt"/>
      <line num="2907" count="0" type="stmt"/>
      <line num="2908" count="0" type="stmt"/>
      <line num="2909" count="0" type="cond" truecount="0" falsecount="4"/>
      <line num="2910" count="0" type="stmt"/>
      <line num="2920" count="0" type="stmt"/>
      <line num="2921" count="0" type="stmt"/>
      <line num="2922" count="0" type="stmt"/>
      <line num="2923" count="0" type="cond" truecount="0" falsecount="2"/>
      <line num="2924" count="0" type="stmt"/>
      <line num="2927" count="0" type="stmt"/>
      <line num="2928" count="0" type="stmt"/>
      <line num="2930" count="0" type="stmt"/>
      <line num="2931" count="0" type="cond" truecount="0" falsecount="4"/>
      <line num="2932" count="0" type="stmt"/>
      <line num="2933" count="0" type="stmt"/>
      <line num="2934" count="0" type="stmt"/>
      <line num="2936" count="0" type="cond" truecount="0" falsecount="2"/>
      <line num="2940" count="0" type="stmt"/>
      <line num="2941" count="0" type="stmt"/>
      <line num="2942" count="0" type="stmt"/>
      <line num="2944" count="0" type="cond" truecount="0" falsecount="2"/>
      <line num="2945" count="0" type="stmt"/>
      <line num="2946" count="0" type="stmt"/>
      <line num="2947" count="0" type="stmt"/>
      <line num="2948" count="0" type="stmt"/>
      <line num="2949" count="0" type="stmt"/>
      <line num="2950" count="0" type="stmt"/>
      <line num="2952" count="0" type="cond" truecount="0" falsecount="4"/>
      <line num="2953" count="0" type="stmt"/>
      <line num="2954" count="0" type="stmt"/>
      <line num="2955" count="0" type="stmt"/>
      <line num="2956" count="0" type="stmt"/>
      <line num="2957" count="0" type="stmt"/>
      <line num="2958" count="0" type="stmt"/>
      <line num="2960" count="0" type="cond" truecount="0" falsecount="2"/>
      <line num="2964" count="0" type="stmt"/>
      <line num="2965" count="0" type="stmt"/>
      <line num="2966" count="0" type="stmt"/>
      <line num="2967" count="0" type="stmt"/>
      <line num="2969" count="0" type="cond" truecount="0" falsecount="2"/>
      <line num="2970" count="0" type="stmt"/>
      <line num="2971" count="0" type="stmt"/>
      <line num="2972" count="0" type="stmt"/>
      <line num="2977" count="0" type="stmt"/>
      <line num="2978" count="0" type="stmt"/>
      <line num="2979" count="0" type="stmt"/>
      <line num="2980" count="0" type="stmt"/>
      <line num="2981" count="0" type="stmt"/>
      <line num="2982" count="0" type="stmt"/>
      <line num="2984" count="0" type="stmt"/>
      <line num="2985" count="0" type="stmt"/>
      <line num="2987" count="0" type="stmt"/>
      <line num="2988" count="0" type="stmt"/>
      <line num="2992" count="0" type="stmt"/>
      <line num="2994" count="0" type="stmt"/>
      <line num="2995" count="0" type="stmt"/>
      <line num="2998" count="0" type="stmt"/>
      <line num="2999" count="0" type="cond" truecount="0" falsecount="2"/>
      <line num="3000" count="0" type="stmt"/>
      <line num="3001" count="0" type="stmt"/>
      <line num="3002" count="0" type="stmt"/>
      <line num="3003" count="0" type="cond" truecount="0" falsecount="2"/>
      <line num="3004" count="0" type="stmt"/>
      <line num="3005" count="0" type="stmt"/>
      <line num="3006" count="0" type="cond" truecount="0" falsecount="2"/>
      <line num="3007" count="0" type="stmt"/>
      <line num="3008" count="0" type="stmt"/>
      <line num="3009" count="0" type="stmt"/>
      <line num="3010" count="0" type="stmt"/>
      <line num="3011" count="0" type="cond" truecount="0" falsecount="4"/>
      <line num="3012" count="0" type="stmt"/>
      <line num="3013" count="0" type="stmt"/>
      <line num="3014" count="0" type="stmt"/>
      <line num="3015" count="0" type="stmt"/>
      <line num="3016" count="0" type="cond" truecount="0" falsecount="2"/>
      <line num="3020" count="0" type="stmt"/>
      <line num="3021" count="0" type="stmt"/>
      <line num="3022" count="0" type="stmt"/>
      <line num="3023" count="0" type="cond" truecount="0" falsecount="2"/>
      <line num="3024" count="0" type="stmt"/>
      <line num="3025" count="0" type="stmt"/>
      <line num="3026" count="0" type="stmt"/>
      <line num="3030" count="0" type="stmt"/>
      <line num="3031" count="0" type="cond" truecount="0" falsecount="2"/>
      <line num="3032" count="0" type="stmt"/>
      <line num="3033" count="0" type="stmt"/>
      <line num="3036" count="0" type="stmt"/>
      <line num="3037" count="0" type="stmt"/>
      <line num="3040" count="0" type="stmt"/>
      <line num="3041" count="0" type="cond" truecount="0" falsecount="2"/>
      <line num="3042" count="0" type="stmt"/>
      <line num="3043" count="0" type="stmt"/>
      <line num="3044" count="0" type="stmt"/>
      <line num="3048" count="0" type="stmt"/>
      <line num="3049" count="0" type="stmt"/>
      <line num="3050" count="0" type="stmt"/>
      <line num="3051" count="0" type="stmt"/>
      <line num="3052" count="0" type="stmt"/>
      <line num="3053" count="0" type="stmt"/>
      <line num="3054" count="0" type="stmt"/>
      <line num="3055" count="0" type="stmt"/>
      <line num="3056" count="0" type="stmt"/>
      <line num="3057" count="0" type="stmt"/>
      <line num="3060" count="0" type="stmt"/>
      <line num="3061" count="0" type="stmt"/>
      <line num="3062" count="0" type="stmt"/>
      <line num="3063" count="0" type="stmt"/>
      <line num="3064" count="0" type="stmt"/>
      <line num="3065" count="0" type="stmt"/>
      <line num="3066" count="0" type="stmt"/>
      <line num="3071" count="0" type="stmt"/>
      <line num="3072" count="0" type="stmt"/>
      <line num="3073" count="0" type="stmt"/>
      <line num="3074" count="0" type="stmt"/>
      <line num="3075" count="0" type="stmt"/>
      <line num="3076" count="0" type="stmt"/>
      <line num="3077" count="0" type="stmt"/>
      <line num="3078" count="0" type="stmt"/>
      <line num="3079" count="0" type="stmt"/>
      <line num="3080" count="0" type="stmt"/>
      <line num="3081" count="0" type="stmt"/>
      <line num="3082" count="0" type="stmt"/>
      <line num="3083" count="0" type="stmt"/>
      <line num="3084" count="0" type="stmt"/>
      <line num="3085" count="0" type="stmt"/>
      <line num="3086" count="0" type="stmt"/>
      <line num="3088" count="0" type="stmt"/>
      <line num="3089" count="0" type="stmt"/>
      <line num="3090" count="0" type="stmt"/>
      <line num="3091" count="0" type="stmt"/>
      <line num="3092" count="0" type="stmt"/>
      <line num="3093" count="0" type="stmt"/>
      <line num="3094" count="0" type="stmt"/>
      <line num="3095" count="0" type="stmt"/>
      <line num="3096" count="0" type="stmt"/>
      <line num="3097" count="0" type="stmt"/>
      <line num="3098" count="0" type="stmt"/>
      <line num="3099" count="0" type="stmt"/>
      <line num="3101" count="0" type="stmt"/>
      <line num="3102" count="0" type="stmt"/>
      <line num="3103" count="0" type="stmt"/>
      <line num="3104" count="0" type="stmt"/>
      <line num="3105" count="0" type="stmt"/>
      <line num="3106" count="0" type="stmt"/>
      <line num="3107" count="0" type="stmt"/>
      <line num="3109" count="0" type="stmt"/>
      <line num="3110" count="0" type="stmt"/>
      <line num="3114" count="6" type="stmt"/>
      <line num="3115" count="6" type="cond" truecount="1" falsecount="1"/>
      <line num="3116" count="6" type="stmt"/>
      <line num="3119" count="0" type="stmt"/>
      <line num="3120" count="0" type="stmt"/>
      <line num="3122" count="0" type="stmt"/>
      <line num="3123" count="0" type="stmt"/>
      <line num="3126" count="0" type="cond" truecount="0" falsecount="2"/>
      <line num="3132" count="0" type="stmt"/>
      <line num="3133" count="0" type="stmt"/>
      <line num="3134" count="0" type="stmt"/>
      <line num="3135" count="0" type="stmt"/>
      <line num="3136" count="0" type="stmt"/>
      <line num="3137" count="0" type="stmt"/>
      <line num="3140" count="0" type="stmt"/>
      <line num="3143" count="0" type="stmt"/>
      <line num="3146" count="0" type="stmt"/>
      <line num="3147" count="0" type="stmt"/>
      <line num="3150" count="0" type="cond" truecount="0" falsecount="2"/>
      <line num="3155" count="0" type="cond" truecount="0" falsecount="4"/>
      <line num="3156" count="0" type="stmt"/>
      <line num="3157" count="0" type="stmt"/>
      <line num="3158" count="0" type="stmt"/>
      <line num="3159" count="0" type="stmt"/>
      <line num="3160" count="0" type="stmt"/>
      <line num="3161" count="0" type="stmt"/>
      <line num="3164" count="0" type="stmt"/>
      <line num="3165" count="0" type="cond" truecount="0" falsecount="2"/>
      <line num="3171" count="0" type="stmt"/>
      <line num="3172" count="0" type="stmt"/>
      <line num="3173" count="0" type="stmt"/>
      <line num="3174" count="0" type="cond" truecount="0" falsecount="4"/>
      <line num="3175" count="0" type="stmt"/>
      <line num="3178" count="0" type="stmt"/>
      <line num="3181" count="0" type="stmt"/>
      <line num="3182" count="0" type="stmt"/>
      <line num="3184" count="0" type="stmt"/>
      <line num="3185" count="0" type="stmt"/>
      <line num="3188" count="2" type="stmt"/>
      <line num="3189" count="6" type="stmt"/>
      <line num="3190" count="6" type="stmt"/>
      <line num="3192" count="6" type="cond" truecount="1" falsecount="1"/>
      <line num="3193" count="0" type="stmt"/>
      <line num="3196" count="6" type="stmt"/>
      <line num="3209" count="6" type="stmt"/>
      <line num="3210" count="10" type="stmt"/>
      <line num="3212" count="9" type="cond" truecount="1" falsecount="1"/>
      <line num="3213" count="9" type="cond" truecount="1" falsecount="1"/>
      <line num="3214" count="9" type="cond" truecount="1" falsecount="1"/>
      <line num="3215" count="9" type="stmt"/>
      <line num="3217" count="0" type="stmt"/>
      <line num="3219" count="6" type="stmt"/>
      <line num="3223" count="1" type="cond" truecount="3" falsecount="1"/>
      <line num="3225" count="1" type="stmt"/>
      <line num="3226" count="2" type="cond" truecount="2" falsecount="0"/>
      <line num="3228" count="1" type="cond" truecount="3" falsecount="1"/>
[...]
      <line num="3992" count="0" type="stmt"/>
      <line num="3993" count="0" type="stmt"/>
      <line num="3994" count="0" type="stmt"/>
      <line num="3995" count="0" type="stmt"/>
      <line num="3996" count="0" type="stmt"/>
      <line num="3997" count="0" type="stmt"/>
      <line num="3998" count="0" type="stmt"/>
      <line num="3999" count="0" type="stmt"/>
      <line num="4000" count="0" type="stmt"/>
      <line num="4001" count="0" type="stmt"/>
      <line num="4002" count="0" type="stmt"/>
      <line num="4003" count="0" type="stmt"/>
      <line num="4004" count="0" type="stmt"/>
      <line num="4005" count="0" type="stmt"/>
      <line num="4006" count="0" type="stmt"/>
      <line num="4007" count="0" type="stmt"/>
      <line num="4008" count="0" type="stmt"/>
      <line num="4009" count="0" type="stmt"/>
      <line num="4010" count="0" type="stmt"/>
      <line num="4011" count="0" type="stmt"/>
      <line num="4012" count="0" type="stmt"/>
      <line num="4013" count="0" type="stmt"/>
      <line num="4014" count="0" type="stmt"/>
      <line num="4048" count="0" type="stmt"/>
      <line num="4049" count="0" type="stmt"/>
      <line num="4050" count="0" type="stmt"/>
      <line num="4051" count="0" type="stmt"/>
      <line num="4052" count="0" type="stmt"/>
      <line num="4053" count="0" type="stmt"/>
      <line num="4054" count="0" type="stmt"/>
      <line num="4055" count="0" type="stmt"/>
      <line num="4056" count="0" type="stmt"/>
      <line num="4057" count="0" type="stmt"/>
      <line num="4058" count="0" type="stmt"/>
      <line num="4059" count="0" type="stmt"/>
      <line num="4060" count="0" type="stmt"/>
      <line num="4061" count="0" type="stmt"/>
      <line num="4062" count="0" type="stmt"/>
      <line num="4063" count="0" type="stmt"/>
      <line num="4064" count="0" type="stmt"/>
      <line num="4065" count="0" type="stmt"/>
      <line num="4066" count="0" type="stmt"/>
      <line num="4067" count="0" type="stmt"/>
      <line num="4068" count="0" type="stmt"/>
      <line num="4069" count="0" type="stmt"/>
      <line num="4070" count="0" type="stmt"/>
      <line num="4071" count="0" type="stmt"/>
      <line num="4072" count="0" type="stmt"/>
      <line num="4074" count="0" type="stmt"/>
      <line num="4075" count="0" type="stmt"/>
      <line num="4080" count="0" type="cond" truecount="0" falsecount="2"/>
      <line num="4081" count="0" type="stmt"/>
      <line num="4084" count="0" type="stmt"/>
      <line num="4087" count="0" type="stmt"/>
      <line num="4089" count="0" type="cond" truecount="0" falsecount="2"/>
      <line num="4090" count="0" type="stmt"/>
      <line num="4093" count="0" type="stmt"/>
      <line num="4094" count="0" type="stmt"/>
      <line num="4095" count="0" type="stmt"/>
      <line num="4096" count="0" type="cond" truecount="0" falsecount="2"/>
      <line num="4097" count="0" type="cond" truecount="0" falsecount="2"/>
      <line num="4098" count="0" type="cond" truecount="0" falsecount="2"/>
      <line num="4099" count="0" type="stmt"/>
      <line num="4103" count="1" type="cond" truecount="1" falsecount="1"/>
      <line num="4104" count="0" type="stmt"/>
      <line num="4107" count="1" type="stmt"/>
      <line num="4109" count="1" type="cond" truecount="1" falsecount="1"/>
      <line num="4110" count="0" type="stmt"/>
      <line num="4112" count="1" type="stmt"/>
      <line num="4116" count="1" type="cond" truecount="3" falsecount="1"/>
      <line num="4117" count="0" type="stmt"/>
      <line num="4120" count="1" type="stmt"/>
      <line num="4129" count="3" type="cond" truecount="1" falsecount="1"/>
      <line num="4130" count="0" type="stmt"/>
      <line num="4133" count="3" type="stmt"/>
      <line num="4135" count="3" type="cond" truecount="1" falsecount="1"/>
      <line num="4136" count="0" type="stmt"/>
      <line num="4138" count="3" type="stmt"/>
      <line num="4139" count="3" type="cond" truecount="1" falsecount="1"/>
      <line num="4140" count="3" type="stmt"/>
      <line num="4144" count="0" type="cond" truecount="0" falsecount="2"/>
      <line num="4145" count="0" type="stmt"/>
      <line num="4148" count="0" type="stmt"/>
      <line num="4150" count="0" type="stmt"/>
      <line num="4154" count="0" type="cond" truecount="0" falsecount="2"/>
      <line num="4155" count="0" type="stmt"/>
      <line num="4158" count="0" type="stmt"/>
      <line num="4159" count="0" type="cond" truecount="0" falsecount="2"/>
      <line num="4161" count="0" type="stmt"/>
      <line num="4163" count="0" type="cond" truecount="0" falsecount="4"/>
      <line num="4164" count="0" type="stmt"/>
      <line num="4166" count="0" type="stmt"/>
      <line num="4169" count="2" type="stmt"/>
      <line num="4170" count="6" type="cond" truecount="1" falsecount="1"/>
      <line num="4171" count="0" type="stmt"/>
      <line num="4173" count="6" type="stmt"/>
      <line num="4175" count="6" type="stmt"/>
      <line num="4179" count="6" type="stmt"/>
      <line num="4180" count="6" type="stmt"/>
      <line num="4181" count="6" type="stmt"/>
      <line num="4182" count="6" type="stmt"/>
      <line num="4184" count="6" type="stmt"/>
      <line num="4185" count="15" type="stmt"/>
      <line num="4187" count="15" type="stmt"/>
      <line num="4191" count="15" type="cond" truecount="2" falsecount="0"/>
      <line num="4192" count="6" type="stmt"/>
      <line num="4193" count="9" type="cond" truecount="1" falsecount="1"/>
      <line num="4195" count="0" type="stmt"/>
      <line num="4198" count="0" type="cond" truecount="0" falsecount="2"/>
      <line num="4203" count="0" type="stmt"/>
      <line num="4204" count="0" type="stmt"/>
      <line num="4205" count="0" type="cond" truecount="0" falsecount="2"/>
      <line num="4208" count="0" type="cond" truecount="0" falsecount="2"/>
      <line num="4212" count="0" type="cond" truecount="0" falsecount="2"/>
      <line num="4215" count="0" type="stmt"/>
      <line num="4224" count="0" type="stmt"/>
      <line num="4225" count="0" type="stmt"/>
      <line num="4226" count="0" type="stmt"/>
      <line num="4227" count="0" type="stmt"/>
      <line num="4229" count="9" type="cond" truecount="1" falsecount="1"/>
      <line num="4231" count="0" type="stmt"/>
      <line num="4234" count="0" type="cond" truecount="0" falsecount="2"/>
      <line num="4239" count="0" type="stmt"/>
      <line num="4240" count="0" type="cond" truecount="0" falsecount="2"/>
      <line num="4242" count="0" type="cond" truecount="0" falsecount="4"/>
      <line num="4243" count="0" type="stmt"/>
      <line num="4244" count="0" type="cond" truecount="0" falsecount="2"/>
      <line num="4245" count="0" type="stmt"/>
      <line num="4246" count="0" type="stmt"/>
      <line num="4247" count="0" type="stmt"/>
      <line num="4256" count="0" type="stmt"/>
      <line num="4260" count="9" type="cond" truecount="2" falsecount="0"/>
      <line num="4261" count="4" type="stmt"/>
      <line num="4262" count="4" type="cond" truecount="1" falsecount="1"/>
      <line num="4263" count="0" type="stmt"/>
      <line num="4267" count="4" type="cond" truecount="2" falsecount="0"/>
      <line num="4274" count="4" type="stmt"/>
      <line num="4275" count="4" type="stmt"/>
      <line num="4277" count="4" type="cond" truecount="3" falsecount="1"/>
      <line num="4278" count="4" type="stmt"/>
      <line num="4279" count="4" type="cond" truecount="1" falsecount="1"/>
      <line num="4280" count="4" type="stmt"/>
      <line num="4284" count="4" type="stmt"/>
      <line num="4285" count="4" type="stmt"/>
      <line num="4286" count="4" type="stmt"/>
      <line num="4287" count="4" type="stmt"/>
      <line num="4288" count="4" type="stmt"/>
      <line num="4289" count="4" type="stmt"/>
      <line num="4290" count="4" type="stmt"/>
      <line num="4291" count="4" type="stmt"/>
      <line num="4292" count="5" type="cond" truecount="2" falsecount="0"/>
      <line num="4293" count="2" type="stmt"/>
      <line num="4294" count="2" type="cond" truecount="1" falsecount="1"/>
      <line num="4295" count="0" type="stmt"/>
      <line num="4298" count="2" type="stmt"/>
      <line num="4299" count="2" type="stmt"/>
      <line num="4300" count="2" type="stmt"/>
      <line num="4301" count="2" type="stmt"/>
      <line num="4302" count="2" type="cond" truecount="1" falsecount="1"/>
      <line num="4303" count="2" type="cond" truecount="2" falsecount="0"/>
      <line num="4305" count="2" type="stmt"/>
      <line num="4308" count="3" type="stmt"/>
      <line num="4311" count="3" type="cond" truecount="1" falsecount="1"/>
      <line num="4317" count="0" type="stmt"/>
      <line num="4320" count="0" type="cond" truecount="0" falsecount="2"/>
      <line num="4321" count="0" type="stmt"/>
      <line num="4322" count="0" type="stmt"/>
      <line num="4331" count="0" type="stmt"/>
      <line num="4332" count="0" type="stmt"/>
      <line num="4333" count="0" type="stmt"/>
      <line num="4334" count="0" type="stmt"/>
      <line num="4335" count="0" type="stmt"/>
      <line num="4336" count="0" type="stmt"/>
      <line num="4339" count="0" type="cond" truecount="0" falsecount="2"/>
      <line num="4344" count="0" type="stmt"/>
      <line num="4345" count="0" type="stmt"/>
      <line num="4346" count="0" type="stmt"/>
      <line num="4347" count="0" type="stmt"/>
      <line num="4348" count="0" type="stmt"/>
      <line num="4349" count="0" type="stmt"/>
      <line num="4350" count="0" type="stmt"/>
      <line num="4352" count="0" type="stmt"/>
      <line num="4353" count="0" type="stmt"/>
      <line num="4358" count="0" type="stmt"/>
      <line num="4363" count="9" type="cond" truecount="3" falsecount="1"/>
      <line num="4364" count="0" type="stmt"/>
      <line num="4367" count="9" type="stmt"/>
      <line num="4369" count="9" type="stmt"/>
      <line num="4372" count="9" type="cond" truecount="4" falsecount="1"/>
      <line num="4377" count="9" type="stmt"/>
      <line num="4382" count="9" type="cond" truecount="1" falsecount="1"/>
      <line num="4383" count="9" type="stmt"/>
      <line num="4385" count="9" type="stmt"/>
      <line num="4387" count="9" type="stmt"/>
      <line num="4389" count="9" type="stmt"/>
      <line num="4391" count="9" type="stmt"/>
      <line num="4394" count="9" type="stmt"/>
      <line num="4398" count="9" type="stmt"/>
      <line num="4400" count="9" type="stmt"/>
      <line num="4401" count="138" type="stmt"/>
      <line num="4403" count="0" type="cond" truecount="0" falsecount="2"/>
      <line num="4405" count="0" type="stmt"/>
      <line num="4406" count="0" type="stmt"/>
      <line num="4408" count="0" type="stmt"/>
      <line num="4409" count="0" type="stmt"/>
      <line num="4416" count="2" type="stmt"/>
      <line num="4417" count="18" type="stmt"/>
      <line num="4419" count="18" type="cond" truecount="2" falsecount="0"/>
      <line num="4420" count="1" type="stmt"/>
      <line num="4423" count="17" type="stmt"/>
      <line num="4424" count="17" type="stmt"/>
      <line num="4425" count="17" type="stmt"/>
      <line num="4426" count="40" type="cond" truecount="1" falsecount="1"/>
      <line num="4427" count="0" type="stmt"/>
      <line num="4430" count="40" type="stmt"/>
      <line num="4431" count="40" type="stmt"/>
      <line num="4433" count="40" type="cond" truecount="1" falsecount="1"/>
      <line num="4434" count="0" type="stmt"/>
      <line num="4437" count="40" type="cond" truecount="2" falsecount="0"/>
      <line num="4438" count="1" type="stmt"/>
      <line num="4441" count="39" type="stmt"/>
      <line num="4442" count="39" type="cond" truecount="2" falsecount="0"/>
      <line num="4445" count="16" type="stmt"/>
      <line num="4447" count="16" type="cond" truecount="1" falsecount="1"/>
      <line num="4448" count="16" type="stmt"/>
      <line num="4450" count="16" type="cond" truecount="1" falsecount="1"/>
      <line num="4454" count="16" type="stmt"/>
      <line num="4455" count="16" type="stmt"/>
      <line num="4460" count="23" type="stmt"/>
      <line num="4463" count="17" type="cond" truecount="2" falsecount="0"/>
      <line num="4464" count="1" type="stmt"/>
      <line num="4467" count="16" type="stmt"/>
      <line num="4469" count="16" type="stmt"/>
      <line num="4471" count="16" type="stmt"/>
      <line num="4473" count="16" type="cond" truecount="2" falsecount="0"/>
      <line num="4474" count="14" type="stmt"/>
      <line num="4475" count="2" type="cond" truecount="2" falsecount="0"/>
      <line num="4476" count="1" type="stmt"/>
      <line num="4479" count="15" type="stmt"/>
      <line num="4481" count="15" type="cond" truecount="2" falsecount="0"/>
      <line num="4482" count="1" type="stmt"/>
      <line num="4485" count="14" type="stmt"/>
      <line num="4488" count="14" type="stmt"/>
      <line num="4490" count="14" type="stmt"/>
      <line num="4494" count="42" type="stmt"/>
      <line num="4496" count="42" type="stmt"/>
      <line num="4498" count="42" type="stmt"/>
      <line num="4500" count="42" type="stmt"/>
      <line num="4501" count="855" type="stmt"/>
      <line num="4502" count="855" type="stmt"/>
      <line num="4503" count="855" type="stmt"/>
      <line num="4504" count="855" type="stmt"/>
      <line num="4505" count="855" type="stmt"/>
      <line num="4507" count="855" type="stmt"/>
      <line num="4509" count="855" type="cond" truecount="2" falsecount="0"/>
      <line num="4511" count="279" type="cond" truecount="2" falsecount="0"/>
      <line num="4513" count="98" type="stmt"/>
      <line num="4515" count="181" type="stmt"/>
      <line num="4516" count="181" type="stmt"/>
      <line num="4519" count="279" type="stmt"/>
      <line num="4520" count="279" type="stmt"/>
      <line num="4521" count="3093" type="stmt"/>
      <line num="4523" count="3093" type="cond" truecount="2" falsecount="0"/>
      <line num="4524" count="279" type="stmt"/>
      <line num="4527" count="2814" type="stmt"/>
      <line num="4530" count="279" type="stmt"/>
      <line num="4537" count="576" type="cond" truecount="4" falsecount="0"/>
      <line num="4540" count="252" type="stmt"/>
      <line num="4541" count="252" type="stmt"/>
      <line num="4542" count="252" type="stmt"/>
      <line num="4543" count="252" type="stmt"/>
      <line num="4545" count="378" type="cond" truecount="2" falsecount="0"/>
      <line num="4549" count="378" type="cond" truecount="2" falsecount="0"/>
      <line num="4552" count="378" type="stmt"/>
      <line num="4557" count="252" type="cond" truecount="2" falsecount="0"/>
      <line num="4558" count="196" type="stmt"/>
      <line num="4559" count="196" type="cond" truecount="1" falsecount="1"/>
      <line num="4561" count="56" type="stmt"/>
      <line num="4562" count="182" type="cond" truecount="1" falsecount="1"/>
      <line num="4566" count="252" type="stmt"/>
      <line num="4573" count="324" type="cond" truecount="4" falsecount="0"/>
      <line num="4574" count="72" type="cond" truecount="2" falsecount="0"/>
      <line num="4575" count="70" type="stmt"/>
      <line num="4577" count="2" type="stmt"/>
      <line num="4578" count="2" type="stmt"/>
      <line num="4580" count="72" type="stmt"/>
      <line num="4581" count="72" type="stmt"/>
      <line num="4582" count="732" type="stmt"/>
      <line num="4585" count="72" type="stmt"/>
      <line num="4592" count="252" type="cond" truecount="3" falsecount="1"/>
      <line num="4593" count="252" type="cond" truecount="2" falsecount="0"/>
      <line num="4594" count="252" type="cond" truecount="2" falsecount="0"/>
      <line num="4595" count="238" type="stmt"/>
      <line num="4597" count="14" type="stmt"/>
      <line num="4598" count="14" type="stmt"/>
      <line num="4601" count="252" type="stmt"/>
      <line num="4602" count="252" type="stmt"/>
      <line num="4603" count="294" type="stmt"/>
      <line num="4604" count="294" type="stmt"/>
      <line num="4611" count="252" type="cond" truecount="2" falsecount="0"/>
      <line num="4613" count="252" type="stmt"/>
      <line num="4624" count="0" type="stmt"/>
      <line num="4632" count="855" type="stmt"/>
      <line num="4635" count="42" type="stmt"/>
      <line num="4637" count="42" type="stmt"/>
      <line num="4641" count="84" type="stmt"/>
      <line num="4642" count="84" type="cond" truecount="2" falsecount="0"/>
      <line num="4657" count="42" type="stmt"/>
      <line num="4658" count="42" type="cond" truecount="1" falsecount="1"/>
      <line num="4659" count="0" type="stmt"/>
      <line num="4662" count="42" type="cond" truecount="2" falsecount="0"/>
      <line num="4664" count="42" type="stmt"/>
      <line num="4683" count="14" type="stmt"/>
      <line num="4685" count="14" type="stmt"/>
      <line num="4686" count="14" type="cond" truecount="2" falsecount="0"/>
      <line num="4687" count="13" type="stmt"/>
      <line num="4700" count="14" type="stmt"/>
      <line num="4702" count="14" type="stmt"/>
      <line num="4704" count="14" type="cond" truecount="1" falsecount="1"/>
      <line num="4705" count="14" type="stmt"/>
      <line num="4706" count="14" type="stmt"/>
      <line num="4709" count="14" type="cond" truecount="1" falsecount="1"/>
      <line num="4710" count="14" type="stmt"/>
      <line num="4711" count="14" type="stmt"/>
      <line num="4714" count="14" type="cond" truecount="1" falsecount="1"/>
      <line num="4715" count="14" type="stmt"/>
      <line num="4716" count="14" type="stmt"/>
      <line num="4725" count="14" type="stmt"/>
      <line num="4733" count="14" type="stmt"/>
      <line num="4742" count="0" type="stmt"/>
      <line num="4752" count="14" type="cond" truecount="1" falsecount="1"/>
      <line num="4753" count="14" type="stmt"/>
      <line num="4754" count="14" type="stmt"/>
      <line num="4755" count="14" type="stmt"/>
      <line num="4756" count="14" type="stmt"/>
      <line num="4757" count="14" type="stmt"/>
      <line num="4758" count="14" type="stmt"/>
      <line num="4759" count="14" type="stmt"/>
      <line num="4760" count="14" type="stmt"/>
      <line num="4761" count="14" type="stmt"/>
      <line num="4762" count="14" type="stmt"/>
      <line num="4765" count="14" type="stmt"/>
      <line num="4769" count="14" type="cond" truecount="4" falsecount="1"/>
      <line num="4770" count="14" type="stmt"/>
      <line num="4774" count="14" type="cond" truecount="1" falsecount="1"/>
      <line num="4775" count="14" type="stmt"/>
      <line num="4790" count="14" type="cond" truecount="4" falsecount="1"/>
      <line num="4791" count="14" type="stmt"/>
      <line num="4795" count="14" type="cond" truecount="1" falsecount="1"/>
      <line num="4796" count="14" type="stmt"/>
      <line num="4811" count="14" type="cond" truecount="3" falsecount="1"/>
      <line num="4813" count="14" type="cond" truecount="2" falsecount="0"/>
      <line num="4814" count="14" type="stmt"/>
      <line num="4828" count="14" type="cond" truecount="3" falsecount="1"/>
      <line num="4829" count="14" type="stmt"/>
      <line num="4830" count="14" type="stmt"/>
      <line num="4831" count="14" type="stmt"/>
      <line num="4833" count="14" type="stmt"/>
      <line num="4838" count="14" type="cond" truecount="1" falsecount="1"/>
      <line num="4839" count="14" type="stmt"/>
      <line num="4841" count="14" type="stmt"/>
      <line num="4859" count="0" type="cond" truecount="0" falsecount="2"/>
      <line num="4860" count="0" type="stmt"/>
      <line num="4872" count="0" type="cond" truecount="0" falsecount="2"/>
      <line num="4873" count="0" type="stmt"/>
      <line num="4887" count="14" type="stmt"/>
    </file>
  </project>
</coverage>
