{"/home/saul/dev/exif-editor/src/FileReader.ts": {"path":"/home/saul/dev/exif-editor/src/FileReader.ts","statementMap":{"0":{"start":{"line":5,"column":4},"end":{"line":5,"column":39}},"1":{"start":{"line":9,"column":4},"end":{"line":16,"column":7}},"2":{"start":{"line":10,"column":6},"end":{"line":11,"column":55}},"3":{"start":{"line":11,"column":8},"end":{"line":11,"column":54}},"4":{"start":{"line":13,"column":6},"end":{"line":13,"column":68}},"5":{"start":{"line":13,"column":38},"end":{"line":13,"column":67}},"6":{"start":{"line":15,"column":6},"end":{"line":15,"column":46}},"7":{"start":{"line":20,"column":28},"end":{"line":20,"column":38}}},"fnMap":{"0":{"name":"(anonymous_0)","decl":{"start":{"line":4,"column":2},"end":{"line":4,"column":null}},"loc":{"start":{"line":4,"column":2},"end":{"line":6,"column":3}}},"1":{"name":"(anonymous_1)","decl":{"start":{"line":8,"column":2},"end":{"line":8,"column":7}},"loc":{"start":{"line":8,"column":36},"end":{"line":17,"column":3}}},"2":{"name":"(anonymous_2)","decl":{"start":{"line":9,"column":23},"end":{"line":9,"column":24}},"loc":{"start":{"line":9,"column":43},"end":{"line":16,"column":5}}},"3":{"name":"(anonymous_3)","decl":{"start":{"line":10,"column":31},"end":{"line":10,"column":34}},"loc":{"start":{"line":11,"column":8},"end":{"line":11,"column":54}}},"4":{"name":"(anonymous_4)","decl":{"start":{"line":13,"column":32},"end":{"line":13,"column":35}},"loc":{"start":{"line":13,"column":38},"end":{"line":13,"column":67}}}},"branchMap":{},"s":{"0":0,"1":0,"2":0,"3":0,"4":0,"5":0,"6":0,"7":2},"f":{"0":0,"1":0,"2":0,"3":0,"4":0},"b":{}}
,"/home/saul/dev/exif-editor/src/main.ts": {"path":"/home/saul/dev/exif-editor/src/main.ts","statementMap":{"0":{"start":{"line":3188,"column":0},"end":{"line":3188,"column":16}},"1":{"start":{"line":4169,"column":0},"end":{"line":4169,"column":16}},"2":{"start":{"line":4416,"column":0},"end":{"line":4416,"column":16}},"3":{"start":{"line":1,"column":0},"end":{"line":1,"column":42}},"4":{"start":{"line":2,"column":0},"end":{"line":2,"column":24}},"5":{"start":{"line":3,"column":0},"end":{"line":3,"column":34}},"6":{"start":{"line":4,"column":0},"end":{"line":4,"column":71}},"7":{"start":{"line":5,"column":0},"end":{"line":5,"column":76}},"8":{"start":{"line":6,"column":0},"end":{"line":6,"column":75}},"9":{"start":{"line":144,"column":13},"end":{"line":180,"column":2}},"10":{"start":{"line":183,"column":55},"end":{"line":183,"column":59}},"11":{"start":{"line":184,"column":32},"end":{"line":184,"column":34}},"12":{"start":{"line":186,"column":2},"end":{"line":186,"column":60}},"13":{"start":{"line":188,"column":26},"end":{"line":188,"column":56}},"14":{"start":{"line":189,"column":29},"end":{"line":189,"column":53}},"15":{"start":{"line":190,"column":34},"end":{"line":190,"column":37}},"16":{"start":{"line":192,"column":0},"end":{"line":196,"column":3}},"17":{"start":{"line":198,"column":20},"end":{"line":211,"column":2}},"18":{"start":{"line":213,"column":22},"end":{"line":213,"column":64}},"19":{"start":{"line":215,"column":17},"end":{"line":215,"column":70}},"20":{"start":{"line":216,"column":18},"end":{"line":216,"column":74}},"21":{"start":{"line":217,"column":19},"end":{"line":217,"column":74}},"22":{"start":{"line":218,"column":27},"end":{"line":219,"column":null}},"23":{"start":{"line":221,"column":21},"end":{"line":222,"column":null}},"24":{"start":{"line":224,"column":19},"end":{"line":224,"column":72}},"25":{"start":{"line":225,"column":15},"end":{"line":225,"column":66}},"26":{"start":{"line":226,"column":26},"end":{"line":227,"column":null}},"27":{"start":{"line":231,"column":0},"end":{"line":231,"column":60}},"28":{"start":{"line":231,"column":41},"end":{"line":231,"column":58}},"29":{"start":{"line":234,"column":0},"end":{"line":237,"column":3}},"30":{"start":{"line":235,"column":2},"end":{"line":235,"column":21}},"31":{"start":{"line":236,"column":2},"end":{"line":236,"column":37}},"32":{"start":{"line":240,"column":0},"end":{"line":242,"column":3}},"33":{"start":{"line":241,"column":2},"end":{"line":241,"column":40}},"34":{"start":{"line":245,"column":0},"end":{"line":251,"column":3}},"35":{"start":{"line":246,"column":2},"end":{"line":246,"column":21}},"36":{"start":{"line":248,"column":2},"end":{"line":248,"column":40}},"37":{"start":{"line":250,"column":2},"end":{"line":250,"column":48}},"38":{"start":{"line":253,"column":0},"end":{"line":255,"column":3}},"39":{"start":{"line":254,"column":2},"end":{"line":254,"column":37}},"40":{"start":{"line":257,"column":0},"end":{"line":259,"column":3}},"41":{"start":{"line":258,"column":2},"end":{"line":258,"column":40}},"42":{"start":{"line":261,"column":0},"end":{"line":261,"column":76}},"43":{"start":{"line":261,"column":43},"end":{"line":261,"column":74}},"44":{"start":{"line":262,"column":0},"end":{"line":264,"column":3}},"45":{"start":{"line":263,"column":2},"end":{"line":263,"column":32}},"46":{"start":{"line":266,"column":0},"end":{"line":266,"column":62}},"47":{"start":{"line":267,"column":0},"end":{"line":271,"column":3}},"48":{"start":{"line":268,"column":2},"end":{"line":270,"column":3}},"49":{"start":{"line":269,"column":4},"end":{"line":269,"column":22}},"50":{"start":{"line":272,"column":0},"end":{"line":281,"column":3}},"51":{"start":{"line":273,"column":2},"end":{"line":275,"column":3}},"52":{"start":{"line":274,"column":4},"end":{"line":274,"column":11}},"53":{"start":{"line":277,"column":17},"end":{"line":277,"column":29}},"54":{"start":{"line":278,"column":2},"end":{"line":280,"column":3}},"55":{"start":{"line":279,"column":4},"end":{"line":279,"column":26}},"56":{"start":{"line":282,"column":0},"end":{"line":287,"column":3}},"57":{"start":{"line":283,"column":2},"end":{"line":286,"column":3}},"58":{"start":{"line":284,"column":4},"end":{"line":284,"column":27}},"59":{"start":{"line":285,"column":4},"end":{"line":285,"column":30}},"60":{"start":{"line":288,"column":0},"end":{"line":299,"column":3}},"61":{"start":{"line":289,"column":2},"end":{"line":291,"column":3}},"62":{"start":{"line":290,"column":4},"end":{"line":290,"column":11}},"63":{"start":{"line":293,"column":25},"end":{"line":294,"column":null}},"64":{"start":{"line":294,"column":4},"end":{"line":294,"column":64}},"65":{"start":{"line":296,"column":2},"end":{"line":298,"column":3}},"66":{"start":{"line":297,"column":4},"end":{"line":297,"column":44}},"67":{"start":{"line":300,"column":0},"end":{"line":304,"column":3}},"68":{"start":{"line":301,"column":2},"end":{"line":303,"column":3}},"69":{"start":{"line":302,"column":4},"end":{"line":302,"column":54}},"70":{"start":{"line":305,"column":0},"end":{"line":313,"column":2}},"71":{"start":{"line":308,"column":4},"end":{"line":310,"column":5}},"72":{"start":{"line":309,"column":6},"end":{"line":309,"column":56}},"73":{"start":{"line":314,"column":0},"end":{"line":316,"column":3}},"74":{"start":{"line":315,"column":2},"end":{"line":315,"column":55}},"75":{"start":{"line":317,"column":0},"end":{"line":322,"column":3}},"76":{"start":{"line":318,"column":2},"end":{"line":318,"column":28}},"77":{"start":{"line":319,"column":2},"end":{"line":319,"column":64}},"78":{"start":{"line":319,"column":32},"end":{"line":319,"column":62}},"79":{"start":{"line":320,"column":2},"end":{"line":321,"column":62}},"80":{"start":{"line":325,"column":16},"end":{"line":325,"column":40}},"81":{"start":{"line":326,"column":2},"end":{"line":326,"column":35}},"82":{"start":{"line":330,"column":2},"end":{"line":332,"column":3}},"83":{"start":{"line":331,"column":4},"end":{"line":331,"column":17}},"84":{"start":{"line":334,"column":2},"end":{"line":343,"column":4}},"85":{"start":{"line":348,"column":4},"end":{"line":351,"column":7}},"86":{"start":{"line":352,"column":19},"end":{"line":360,"column":4}},"87":{"start":{"line":362,"column":2},"end":{"line":372,"column":5}},"88":{"start":{"line":363,"column":4},"end":{"line":365,"column":5}},"89":{"start":{"line":364,"column":6},"end":{"line":364,"column":13}},"90":{"start":{"line":367,"column":4},"end":{"line":371,"column":5}},"91":{"start":{"line":368,"column":6},"end":{"line":368,"column":23}},"92":{"start":{"line":370,"column":6},"end":{"line":370,"column":24}},"93":{"start":{"line":376,"column":2},"end":{"line":378,"column":3}},"94":{"start":{"line":377,"column":4},"end":{"line":377,"column":17}},"95":{"start":{"line":380,"column":21},"end":{"line":380,"column":42}},"96":{"start":{"line":381,"column":20},"end":{"line":381,"column":69}},"97":{"start":{"line":381,"column":44},"end":{"line":381,"column":62}},"98":{"start":{"line":383,"column":2},"end":{"line":396,"column":3}},"99":{"start":{"line":384,"column":4},"end":{"line":389,"column":7}},"100":{"start":{"line":390,"column":4},"end":{"line":390,"column":16}},"101":{"start":{"line":392,"column":4},"end":{"line":392,"column":54}},"102":{"start":{"line":393,"column":4},"end":{"line":393,"column":17}},"103":{"start":{"line":395,"column":4},"end":{"line":395,"column":35}},"104":{"start":{"line":400,"column":23},"end":{"line":400,"column":27}},"105":{"start":{"line":401,"column":2},"end":{"line":403,"column":3}},"106":{"start":{"line":402,"column":4},"end":{"line":402,"column":11}},"107":{"start":{"line":405,"column":18},"end":{"line":405,"column":36}},"108":{"start":{"line":406,"column":2},"end":{"line":406,"column":43}},"109":{"start":{"line":407,"column":2},"end":{"line":407,"column":48}},"110":{"start":{"line":408,"column":2},"end":{"line":408,"column":45}},"111":{"start":{"line":409,"column":2},"end":{"line":409,"column":46}},"112":{"start":{"line":411,"column":2},"end":{"line":421,"column":3}},"113":{"start":{"line":412,"column":4},"end":{"line":413,"column":75}},"114":{"start":{"line":414,"column":4},"end":{"line":416,"column":58}},"115":{"start":{"line":417,"column":4},"end":{"line":419,"column":5}},"116":{"start":{"line":418,"column":6},"end":{"line":418,"column":52}},"117":{"start":{"line":420,"column":4},"end":{"line":420,"column":11}},"118":{"start":{"line":423,"column":2},"end":{"line":423,"column":44}},"119":{"start":{"line":424,"column":2},"end":{"line":428,"column":3}},"120":{"start":{"line":425,"column":4},"end":{"line":425,"column":49}},"121":{"start":{"line":426,"column":4},"end":{"line":426,"column":33}},"122":{"start":{"line":427,"column":4},"end":{"line":427,"column":32}},"123":{"start":{"line":432,"column":23},"end":{"line":432,"column":27}},"124":{"start":{"line":433,"column":2},"end":{"line":435,"column":3}},"125":{"start":{"line":434,"column":4},"end":{"line":434,"column":11}},"126":{"start":{"line":437,"column":2},"end":{"line":437,"column":65}},"127":{"start":{"line":438,"column":2},"end":{"line":441,"column":4}},"128":{"start":{"line":442,"column":2},"end":{"line":445,"column":4}},"129":{"start":{"line":446,"column":2},"end":{"line":448,"column":19}},"130":{"start":{"line":449,"column":2},"end":{"line":449,"column":66}},"131":{"start":{"line":451,"column":2},"end":{"line":453,"column":3}},"132":{"start":{"line":452,"column":4},"end":{"line":452,"column":35}},"133":{"start":{"line":455,"column":2},"end":{"line":457,"column":8}},"134":{"start":{"line":456,"column":4},"end":{"line":456,"column":34}},"135":{"start":{"line":461,"column":20},"end":{"line":461,"column":54}},"136":{"start":{"line":462,"column":19},"end":{"line":462,"column":36}},"137":{"start":{"line":463,"column":2},"end":{"line":463,"column":32}},"138":{"start":{"line":465,"column":2},"end":{"line":465,"column":64}},"139":{"start":{"line":465,"column":32},"end":{"line":465,"column":62}},"140":{"start":{"line":467,"column":2},"end":{"line":471,"column":3}},"141":{"start":{"line":468,"column":4},"end":{"line":470,"column":66}},"142":{"start":{"line":473,"column":2},"end":{"line":473,"column":19}},"143":{"start":{"line":477,"column":2},"end":{"line":479,"column":3}},"144":{"start":{"line":478,"column":4},"end":{"line":478,"column":16}},"145":{"start":{"line":481,"column":29},"end":{"line":482,"column":null}},"146":{"start":{"line":482,"column":15},"end":{"line":482,"column":43}},"147":{"start":{"line":484,"column":30},"end":{"line":485,"column":null}},"148":{"start":{"line":485,"column":15},"end":{"line":485,"column":44}},"149":{"start":{"line":488,"column":2},"end":{"line":490,"column":3}},"150":{"start":{"line":489,"column":4},"end":{"line":489,"column":16}},"151":{"start":{"line":492,"column":24},"end":{"line":493,"column":null}},"152":{"start":{"line":495,"column":25},"end":{"line":496,"column":null}},"153":{"start":{"line":499,"column":2},"end":{"line":501,"column":3}},"154":{"start":{"line":500,"column":4},"end":{"line":500,"column":16}},"155":{"start":{"line":503,"column":2},"end":{"line":503,"column":43}},"156":{"start":{"line":507,"column":23},"end":{"line":507,"column":27}},"157":{"start":{"line":508,"column":2},"end":{"line":510,"column":3}},"158":{"start":{"line":509,"column":4},"end":{"line":509,"column":11}},"159":{"start":{"line":512,"column":2},"end":{"line":537,"column":3}},"160":{"start":{"line":513,"column":4},"end":{"line":513,"column":67}},"161":{"start":{"line":514,"column":4},"end":{"line":519,"column":25}},"162":{"start":{"line":520,"column":4},"end":{"line":522,"column":6}},"163":{"start":{"line":523,"column":4},"end":{"line":531,"column":7}},"164":{"start":{"line":524,"column":27},"end":{"line":524,"column":54}},"165":{"start":{"line":525,"column":23},"end":{"line":525,"column":53}},"166":{"start":{"line":526,"column":6},"end":{"line":528,"column":7}},"167":{"start":{"line":527,"column":8},"end":{"line":527,"column":15}},"168":{"start":{"line":529,"column":6},"end":{"line":529,"column":65}},"169":{"start":{"line":530,"column":6},"end":{"line":530,"column":66}},"170":{"start":{"line":533,"column":4},"end":{"line":533,"column":33}},"171":{"start":{"line":534,"column":4},"end":{"line":534,"column":36}},"172":{"start":{"line":535,"column":4},"end":{"line":535,"column":42}},"173":{"start":{"line":536,"column":4},"end":{"line":536,"column":32}},"174":{"start":{"line":539,"column":2},"end":{"line":539,"column":60}},"175":{"start":{"line":543,"column":2},"end":{"line":543,"column":59}},"176":{"start":{"line":547,"column":2},"end":{"line":549,"column":3}},"177":{"start":{"line":548,"column":4},"end":{"line":548,"column":51}},"178":{"start":{"line":551,"column":2},"end":{"line":561,"column":3}},"179":{"start":{"line":552,"column":16},"end":{"line":552,"column":55}},"180":{"start":{"line":553,"column":4},"end":{"line":555,"column":5}},"181":{"start":{"line":554,"column":6},"end":{"line":554,"column":53}},"182":{"start":{"line":557,"column":4},"end":{"line":557,"column":64}},"183":{"start":{"line":559,"column":4},"end":{"line":559,"column":57}},"184":{"start":{"line":560,"column":4},"end":{"line":560,"column":51}},"185":{"start":{"line":565,"column":2},"end":{"line":567,"column":3}},"186":{"start":{"line":566,"column":4},"end":{"line":566,"column":11}},"187":{"start":{"line":569,"column":2},"end":{"line":579,"column":3}},"188":{"start":{"line":570,"column":20},"end":{"line":572,"column":42}},"189":{"start":{"line":571,"column":30},"end":{"line":571,"column":53}},"190":{"start":{"line":573,"column":4},"end":{"line":576,"column":6}},"191":{"start":{"line":578,"column":4},"end":{"line":578,"column":58}},"192":{"start":{"line":583,"column":21},"end":{"line":583,"column":51}},"193":{"start":{"line":584,"column":16},"end":{"line":584,"column":34}},"194":{"start":{"line":585,"column":17},"end":{"line":585,"column":34}},"195":{"start":{"line":587,"column":2},"end":{"line":589,"column":3}},"196":{"start":{"line":588,"column":4},"end":{"line":588,"column":16}},"197":{"start":{"line":591,"column":2},"end":{"line":595,"column":3}},"198":{"start":{"line":592,"column":4},"end":{"line":592,"column":29}},"199":{"start":{"line":593,"column":4},"end":{"line":593,"column":29}},"200":{"start":{"line":594,"column":4},"end":{"line":594,"column":16}},"201":{"start":{"line":597,"column":2},"end":{"line":597,"column":16}},"202":{"start":{"line":604,"column":21},"end":{"line":604,"column":51}},"203":{"start":{"line":605,"column":16},"end":{"line":605,"column":34}},"204":{"start":{"line":606,"column":2},"end":{"line":609,"column":4}},"205":{"start":{"line":610,"column":2},"end":{"line":610,"column":27}},"206":{"start":{"line":614,"column":17},"end":{"line":614,"column":42}},"207":{"start":{"line":615,"column":2},"end":{"line":617,"column":3}},"208":{"start":{"line":616,"column":4},"end":{"line":616,"column":18}},"209":{"start":{"line":619,"column":19},"end":{"line":627,"column":null}},"210":{"start":{"line":630,"column":2},"end":{"line":632,"column":3}},"211":{"start":{"line":631,"column":4},"end":{"line":631,"column":71}},"212":{"start":{"line":634,"column":19},"end":{"line":634,"column":40}},"213":{"start":{"line":640,"column":2},"end":{"line":642,"column":3}},"214":{"start":{"line":641,"column":4},"end":{"line":641,"column":16}},"215":{"start":{"line":644,"column":17},"end":{"line":648,"column":4}},"216":{"start":{"line":650,"column":2},"end":{"line":650,"column":36}},"217":{"start":{"line":651,"column":2},"end":{"line":651,"column":16}},"218":{"start":{"line":655,"column":23},"end":{"line":655,"column":27}},"219":{"start":{"line":656,"column":19},"end":{"line":656,"column":49}},"220":{"start":{"line":657,"column":2},"end":{"line":659,"column":3}},"221":{"start":{"line":658,"column":4},"end":{"line":658,"column":11}},"222":{"start":{"line":661,"column":18},"end":{"line":661,"column":54}},"223":{"start":{"line":662,"column":2},"end":{"line":666,"column":3}},"224":{"start":{"line":663,"column":4},"end":{"line":664,"column":46}},"225":{"start":{"line":665,"column":4},"end":{"line":665,"column":11}},"226":{"start":{"line":668,"column":2},"end":{"line":668,"column":66}},"227":{"start":{"line":669,"column":20},"end":{"line":669,"column":55}},"228":{"start":{"line":670,"column":2},"end":{"line":674,"column":3}},"229":{"start":{"line":671,"column":4},"end":{"line":672,"column":53}},"230":{"start":{"line":673,"column":4},"end":{"line":673,"column":11}},"231":{"start":{"line":676,"column":2},"end":{"line":676,"column":43}},"232":{"start":{"line":677,"column":2},"end":{"line":677,"column":64}},"233":{"start":{"line":679,"column":2},"end":{"line":696,"column":3}},"234":{"start":{"line":680,"column":19},"end":{"line":680,"column":48}},"235":{"start":{"line":681,"column":4},"end":{"line":684,"column":5}},"236":{"start":{"line":682,"column":6},"end":{"line":682,"column":74}},"237":{"start":{"line":683,"column":6},"end":{"line":683,"column":13}},"238":{"start":{"line":686,"column":4},"end":{"line":686,"column":57}},"239":{"start":{"line":687,"column":4},"end":{"line":687,"column":58}},"240":{"start":{"line":688,"column":4},"end":{"line":688,"column":47}},"241":{"start":{"line":689,"column":4},"end":{"line":689,"column":69}},"242":{"start":{"line":691,"column":4},"end":{"line":691,"column":50}},"243":{"start":{"line":692,"column":4},"end":{"line":693,"column":68}},"244":{"start":{"line":695,"column":4},"end":{"line":695,"column":59}},"245":{"start":{"line":700,"column":18},"end":{"line":700,"column":60}},"246":{"start":{"line":701,"column":23},"end":{"line":701,"column":70}},"247":{"start":{"line":702,"column":28},"end":{"line":702,"column":58}},"248":{"start":{"line":704,"column":2},"end":{"line":706,"column":3}},"249":{"start":{"line":705,"column":4},"end":{"line":705,"column":49}},"250":{"start":{"line":708,"column":2},"end":{"line":710,"column":3}},"251":{"start":{"line":709,"column":4},"end":{"line":709,"column":19}},"252":{"start":{"line":712,"column":2},"end":{"line":712,"column":42}},"253":{"start":{"line":716,"column":2},"end":{"line":716,"column":64}},"254":{"start":{"line":720,"column":16},"end":{"line":720,"column":43}},"255":{"start":{"line":721,"column":20},"end":{"line":721,"column":52}},"256":{"start":{"line":722,"column":18},"end":{"line":722,"column":35}},"257":{"start":{"line":723,"column":56},"end":{"line":723,"column":58}},"258":{"start":{"line":725,"column":15},"end":{"line":725,"column":16}},"259":{"start":{"line":726,"column":2},"end":{"line":762,"column":3}},"260":{"start":{"line":727,"column":25},"end":{"line":727,"column":31}},"261":{"start":{"line":728,"column":19},"end":{"line":728,"column":59}},"262":{"start":{"line":729,"column":4},"end":{"line":729,"column":16}},"263":{"start":{"line":731,"column":4},"end":{"line":733,"column":5}},"264":{"start":{"line":732,"column":6},"end":{"line":732,"column":12}},"265":{"start":{"line":735,"column":4},"end":{"line":737,"column":5}},"266":{"start":{"line":736,"column":6},"end":{"line":736,"column":12}},"267":{"start":{"line":739,"column":4},"end":{"line":741,"column":5}},"268":{"start":{"line":740,"column":6},"end":{"line":740,"column":12}},"269":{"start":{"line":743,"column":26},"end":{"line":743,"column":66}},"270":{"start":{"line":744,"column":25},"end":{"line":744,"column":35}},"271":{"start":{"line":745,"column":23},"end":{"line":745,"column":55}},"272":{"start":{"line":747,"column":4},"end":{"line":749,"column":5}},"273":{"start":{"line":748,"column":6},"end":{"line":748,"column":12}},"274":{"start":{"line":751,"column":4},"end":{"line":759,"column":5}},"275":{"start":{"line":758,"column":6},"end":{"line":758,"column":60}},"276":{"start":{"line":761,"column":4},"end":{"line":761,"column":24}},"277":{"start":{"line":764,"column":2},"end":{"line":764,"column":16}},"278":{"start":{"line":768,"column":17},"end":{"line":768,"column":49}},"279":{"start":{"line":769,"column":2},"end":{"line":771,"column":3}},"280":{"start":{"line":770,"column":4},"end":{"line":770,"column":23}},"281":{"start":{"line":773,"column":16},"end":{"line":773,"column":43}},"282":{"start":{"line":774,"column":34},"end":{"line":774,"column":36}},"283":{"start":{"line":775,"column":15},"end":{"line":775,"column":16}},"284":{"start":{"line":777,"column":2},"end":{"line":782,"column":3}},"285":{"start":{"line":778,"column":4},"end":{"line":780,"column":5}},"286":{"start":{"line":779,"column":6},"end":{"line":779,"column":55}},"287":{"start":{"line":781,"column":4},"end":{"line":781,"column":23}},"288":{"start":{"line":784,"column":2},"end":{"line":786,"column":3}},"289":{"start":{"line":785,"column":4},"end":{"line":785,"column":40}},"290":{"start":{"line":788,"column":22},"end":{"line":788,"column":75}},"291":{"start":{"line":788,"column":54},"end":{"line":788,"column":71}},"292":{"start":{"line":789,"column":17},"end":{"line":789,"column":44}},"293":{"start":{"line":790,"column":20},"end":{"line":790,"column":21}},"294":{"start":{"line":792,"column":2},"end":{"line":795,"column":5}},"295":{"start":{"line":793,"column":4},"end":{"line":793,"column":34}},"296":{"start":{"line":794,"column":4},"end":{"line":794,"column":31}},"297":{"start":{"line":797,"column":2},"end":{"line":797,"column":23}},"298":{"start":{"line":801,"column":2},"end":{"line":803,"column":3}},"299":{"start":{"line":802,"column":4},"end":{"line":802,"column":16}},"300":{"start":{"line":805,"column":17},"end":{"line":805,"column":57}},"301":{"start":{"line":806,"column":2},"end":{"line":808,"column":3}},"302":{"start":{"line":807,"column":4},"end":{"line":807,"column":16}},"303":{"start":{"line":810,"column":2},"end":{"line":816,"column":3}},"304":{"start":{"line":815,"column":4},"end":{"line":815,"column":22}},"305":{"start":{"line":818,"column":24},"end":{"line":818,"column":68}},"306":{"start":{"line":819,"column":14},"end":{"line":819,"column":40}},"307":{"start":{"line":820,"column":2},"end":{"line":820,"column":42}},"308":{"start":{"line":824,"column":16},"end":{"line":824,"column":43}},"309":{"start":{"line":825,"column":33},"end":{"line":825,"column":35}},"310":{"start":{"line":826,"column":15},"end":{"line":826,"column":16}},"311":{"start":{"line":828,"column":2},"end":{"line":844,"column":3}},"312":{"start":{"line":829,"column":19},"end":{"line":829,"column":59}},"313":{"start":{"line":830,"column":4},"end":{"line":832,"column":5}},"314":{"start":{"line":831,"column":6},"end":{"line":831,"column":12}},"315":{"start":{"line":834,"column":23},"end":{"line":834,"column":55}},"316":{"start":{"line":835,"column":4},"end":{"line":837,"column":5}},"317":{"start":{"line":836,"column":6},"end":{"line":836,"column":12}},"318":{"start":{"line":839,"column":4},"end":{"line":841,"column":5}},"319":{"start":{"line":840,"column":6},"end":{"line":840,"column":53}},"320":{"start":{"line":843,"column":4},"end":{"line":843,"column":24}},"321":{"start":{"line":846,"column":2},"end":{"line":846,"column":18}},"322":{"start":{"line":850,"column":16},"end":{"line":850,"column":43}},"323":{"start":{"line":851,"column":2},"end":{"line":853,"column":3}},"324":{"start":{"line":852,"column":4},"end":{"line":852,"column":13}},"325":{"start":{"line":855,"column":15},"end":{"line":855,"column":16}},"326":{"start":{"line":856,"column":2},"end":{"line":867,"column":3}},"327":{"start":{"line":857,"column":19},"end":{"line":857,"column":59}},"328":{"start":{"line":858,"column":4},"end":{"line":860,"column":5}},"329":{"start":{"line":859,"column":6},"end":{"line":859,"column":12}},"330":{"start":{"line":862,"column":23},"end":{"line":862,"column":55}},"331":{"start":{"line":863,"column":4},"end":{"line":865,"column":5}},"332":{"start":{"line":864,"column":6},"end":{"line":864,"column":12}},"333":{"start":{"line":866,"column":4},"end":{"line":866,"column":24}},"334":{"start":{"line":869,"column":2},"end":{"line":869,"column":16}},"335":{"start":{"line":876,"column":2},"end":{"line":878,"column":3}},"336":{"start":{"line":877,"column":4},"end":{"line":877,"column":22}},"337":{"start":{"line":880,"column":16},"end":{"line":880,"column":42}},"338":{"start":{"line":881,"column":26},"end":{"line":881,"column":68}},"339":{"start":{"line":882,"column":25},"end":{"line":884,"column":null}},"340":{"start":{"line":883,"column":24},"end":{"line":883,"column":46}},"341":{"start":{"line":886,"column":17},"end":{"line":886,"column":62}},"342":{"start":{"line":887,"column":20},"end":{"line":887,"column":21}},"343":{"start":{"line":889,"column":2},"end":{"line":889,"column":59}},"344":{"start":{"line":890,"column":2},"end":{"line":890,"column":33}},"345":{"start":{"line":892,"column":2},"end":{"line":895,"column":3}},"346":{"start":{"line":893,"column":4},"end":{"line":893,"column":37}},"347":{"start":{"line":894,"column":4},"end":{"line":894,"column":34}},"348":{"start":{"line":897,"column":2},"end":{"line":897,"column":56}},"349":{"start":{"line":898,"column":2},"end":{"line":898,"column":23}},"350":{"start":{"line":902,"column":16},"end":{"line":902,"column":64}},"351":{"start":{"line":903,"column":17},"end":{"line":903,"column":66}},"352":{"start":{"line":905,"column":2},"end":{"line":912,"column":3}},"353":{"start":{"line":911,"column":4},"end":{"line":911,"column":27}},"354":{"start":{"line":914,"column":2},"end":{"line":917,"column":4}},"355":{"start":{"line":921,"column":2},"end":{"line":921,"column":54}},"356":{"start":{"line":925,"column":2},"end":{"line":930,"column":4}},"357":{"start":{"line":927,"column":22},"end":{"line":927,"column":40}},"358":{"start":{"line":928,"column":24},"end":{"line":928,"column":35}},"359":{"start":{"line":934,"column":25},"end":{"line":935,"column":null}},"360":{"start":{"line":935,"column":15},"end":{"line":935,"column":77}},"361":{"start":{"line":937,"column":2},"end":{"line":939,"column":3}},"362":{"start":{"line":938,"column":4},"end":{"line":938,"column":16}},"363":{"start":{"line":941,"column":16},"end":{"line":942,"column":null}},"364":{"start":{"line":945,"column":4},"end":{"line":948,"column":11}},"365":{"start":{"line":949,"column":15},"end":{"line":949,"column":50}},"366":{"start":{"line":951,"column":2},"end":{"line":951,"column":61}},"367":{"start":{"line":955,"column":2},"end":{"line":955,"column":63}},"368":{"start":{"line":959,"column":2},"end":{"line":971,"column":5}},"369":{"start":{"line":960,"column":4},"end":{"line":970,"column":6}},"370":{"start":{"line":962,"column":8},"end":{"line":966,"column":9}},"371":{"start":{"line":963,"column":10},"end":{"line":963,"column":24}},"372":{"start":{"line":965,"column":10},"end":{"line":965,"column":61}},"373":{"start":{"line":975,"column":2},"end":{"line":977,"column":3}},"374":{"start":{"line":976,"column":4},"end":{"line":976,"column":42}},"375":{"start":{"line":979,"column":14},"end":{"line":979,"column":39}},"376":{"start":{"line":980,"column":2},"end":{"line":988,"column":3}},"377":{"start":{"line":981,"column":18},"end":{"line":981,"column":29}},"378":{"start":{"line":982,"column":4},"end":{"line":982,"column":29}},"379":{"start":{"line":983,"column":4},"end":{"line":983,"column":20}},"380":{"start":{"line":984,"column":4},"end":{"line":984,"column":25}},"381":{"start":{"line":985,"column":4},"end":{"line":985,"column":17}},"382":{"start":{"line":987,"column":4},"end":{"line":987,"column":29}},"383":{"start":{"line":995,"column":21},"end":{"line":995,"column":68}},"384":{"start":{"line":996,"column":16},"end":{"line":996,"column":51}},"385":{"start":{"line":997,"column":17},"end":{"line":997,"column":49}},"386":{"start":{"line":998,"column":2},"end":{"line":998,"column":34}},"387":{"start":{"line":999,"column":2},"end":{"line":999,"column":36}},"388":{"start":{"line":1001,"column":18},"end":{"line":1001,"column":41}},"389":{"start":{"line":1002,"column":2},"end":{"line":1004,"column":3}},"390":{"start":{"line":1003,"column":4},"end":{"line":1003,"column":55}},"391":{"start":{"line":1006,"column":2},"end":{"line":1006,"column":39}},"392":{"start":{"line":1007,"column":2},"end":{"line":1007,"column":41}},"393":{"start":{"line":1009,"column":34},"end":{"line":1009,"column":39}},"394":{"start":{"line":1010,"column":20},"end":{"line":1010,"column":31}},"395":{"start":{"line":1011,"column":21},"end":{"line":1011,"column":33}},"396":{"start":{"line":1013,"column":2},"end":{"line":1045,"column":3}},"397":{"start":{"line":1017,"column":31},"end":{"line":1017,"column":63}},"398":{"start":{"line":1018,"column":4},"end":{"line":1021,"column":6}},"399":{"start":{"line":1022,"column":4},"end":{"line":1025,"column":6}},"400":{"start":{"line":1027,"column":32},"end":{"line":1027,"column":67}},"401":{"start":{"line":1028,"column":4},"end":{"line":1030,"column":5}},"402":{"start":{"line":1029,"column":6},"end":{"line":1029,"column":57}},"403":{"start":{"line":1032,"column":4},"end":{"line":1032,"column":53}},"404":{"start":{"line":1033,"column":4},"end":{"line":1033,"column":55}},"405":{"start":{"line":1034,"column":4},"end":{"line":1040,"column":6}},"406":{"start":{"line":1042,"column":4},"end":{"line":1042,"column":32}},"407":{"start":{"line":1043,"column":4},"end":{"line":1043,"column":43}},"408":{"start":{"line":1044,"column":4},"end":{"line":1044,"column":45}},"409":{"start":{"line":1047,"column":2},"end":{"line":1047,"column":71}},"410":{"start":{"line":1049,"column":2},"end":{"line":1051,"column":3}},"411":{"start":{"line":1050,"column":4},"end":{"line":1050,"column":18}},"412":{"start":{"line":1053,"column":22},"end":{"line":1053,"column":52}},"413":{"start":{"line":1054,"column":2},"end":{"line":1054,"column":35}},"414":{"start":{"line":1062,"column":2},"end":{"line":1175,"column":5}},"415":{"start":{"line":1063,"column":17},"end":{"line":1065,"column":6}},"416":{"start":{"line":1066,"column":16},"end":{"line":1066,"column":41}},"417":{"start":{"line":1067,"column":16},"end":{"line":1067,"column":27}},"418":{"start":{"line":1069,"column":4},"end":{"line":1167,"column":6}},"419":{"start":{"line":1070,"column":6},"end":{"line":1070,"column":31}},"420":{"start":{"line":1072,"column":21},"end":{"line":1072,"column":53}},"421":{"start":{"line":1073,"column":6},"end":{"line":1073,"column":31}},"422":{"start":{"line":1074,"column":6},"end":{"line":1074,"column":33}},"423":{"start":{"line":1075,"column":18},"end":{"line":1075,"column":41}},"424":{"start":{"line":1076,"column":6},"end":{"line":1079,"column":7}},"425":{"start":{"line":1077,"column":8},"end":{"line":1077,"column":61}},"426":{"start":{"line":1078,"column":8},"end":{"line":1078,"column":15}},"427":{"start":{"line":1081,"column":6},"end":{"line":1081,"column":31}},"428":{"start":{"line":1083,"column":22},"end":{"line":1087,"column":8}},"429":{"start":{"line":1088,"column":22},"end":{"line":1092,"column":8}},"430":{"start":{"line":1093,"column":28},"end":{"line":1093,"column":54}},"431":{"start":{"line":1094,"column":32},"end":{"line":1095,"column":null}},"432":{"start":{"line":1095,"column":18},"end":{"line":1095,"column":44}},"433":{"start":{"line":1097,"column":26},"end":{"line":1097,"column":75}},"434":{"start":{"line":1100,"column":24},"end":{"line":1100,"column":61}},"435":{"start":{"line":1103,"column":23},"end":{"line":1103,"column":41}},"436":{"start":{"line":1104,"column":25},"end":{"line":1104,"column":43}},"437":{"start":{"line":1105,"column":22},"end":{"line":1105,"column":40}},"438":{"start":{"line":1106,"column":27},"end":{"line":1106,"column":45}},"439":{"start":{"line":1109,"column":27},"end":{"line":1109,"column":58}},"440":{"start":{"line":1113,"column":6},"end":{"line":1113,"column":129}},"441":{"start":{"line":1114,"column":6},"end":{"line":1114,"column":32}},"442":{"start":{"line":1115,"column":6},"end":{"line":1115,"column":29}},"443":{"start":{"line":1116,"column":6},"end":{"line":1116,"column":34}},"444":{"start":{"line":1119,"column":6},"end":{"line":1119,"column":43}},"445":{"start":{"line":1120,"column":6},"end":{"line":1120,"column":39}},"446":{"start":{"line":1121,"column":6},"end":{"line":1121,"column":39}},"447":{"start":{"line":1122,"column":6},"end":{"line":1122,"column":55}},"448":{"start":{"line":1125,"column":21},"end":{"line":1125,"column":49}},"449":{"start":{"line":1127,"column":6},"end":{"line":1130,"column":7}},"450":{"start":{"line":1127,"column":19},"end":{"line":1127,"column":41}},"451":{"start":{"line":1128,"column":8},"end":{"line":1128,"column":56}},"452":{"start":{"line":1129,"column":8},"end":{"line":1129,"column":31}},"453":{"start":{"line":1155,"column":6},"end":{"line":1166,"column":8}},"454":{"start":{"line":1157,"column":10},"end":{"line":1160,"column":11}},"455":{"start":{"line":1158,"column":12},"end":{"line":1158,"column":66}},"456":{"start":{"line":1159,"column":12},"end":{"line":1159,"column":19}},"457":{"start":{"line":1162,"column":10},"end":{"line":1162,"column":60}},"458":{"start":{"line":1169,"column":4},"end":{"line":1172,"column":6}},"459":{"start":{"line":1170,"column":6},"end":{"line":1170,"column":31}},"460":{"start":{"line":1171,"column":6},"end":{"line":1171,"column":68}},"461":{"start":{"line":1174,"column":4},"end":{"line":1174,"column":18}},"462":{"start":{"line":1179,"column":15},"end":{"line":1179,"column":40}},"463":{"start":{"line":1180,"column":2},"end":{"line":1182,"column":3}},"464":{"start":{"line":1181,"column":4},"end":{"line":1181,"column":16}},"465":{"start":{"line":1184,"column":15},"end":{"line":1184,"column":16}},"466":{"start":{"line":1185,"column":2},"end":{"line":1212,"column":3}},"467":{"start":{"line":1186,"column":19},"end":{"line":1186,"column":48}},"468":{"start":{"line":1187,"column":4},"end":{"line":1187,"column":16}},"469":{"start":{"line":1189,"column":4},"end":{"line":1191,"column":5}},"470":{"start":{"line":1190,"column":6},"end":{"line":1190,"column":12}},"471":{"start":{"line":1193,"column":4},"end":{"line":1195,"column":5}},"472":{"start":{"line":1194,"column":6},"end":{"line":1194,"column":12}},"473":{"start":{"line":1197,"column":26},"end":{"line":1197,"column":55}},"474":{"start":{"line":1199,"column":6},"end":{"line":1202,"column":44}},"475":{"start":{"line":1204,"column":4},"end":{"line":1209,"column":5}},"476":{"start":{"line":1205,"column":6},"end":{"line":1208,"column":8}},"477":{"start":{"line":1211,"column":4},"end":{"line":1211,"column":28}},"478":{"start":{"line":1214,"column":2},"end":{"line":1214,"column":14}},"479":{"start":{"line":1221,"column":15},"end":{"line":1221,"column":40}},"480":{"start":{"line":1222,"column":2},"end":{"line":1224,"column":3}},"481":{"start":{"line":1223,"column":4},"end":{"line":1223,"column":11}},"482":{"start":{"line":1226,"column":15},"end":{"line":1226,"column":16}},"483":{"start":{"line":1227,"column":24},"end":{"line":1227,"column":26}},"484":{"start":{"line":1228,"column":2},"end":{"line":1254,"column":3}},"485":{"start":{"line":1229,"column":19},"end":{"line":1229,"column":48}},"486":{"start":{"line":1230,"column":4},"end":{"line":1230,"column":16}},"487":{"start":{"line":1232,"column":4},"end":{"line":1234,"column":5}},"488":{"start":{"line":1233,"column":6},"end":{"line":1233,"column":12}},"489":{"start":{"line":1236,"column":4},"end":{"line":1238,"column":5}},"490":{"start":{"line":1237,"column":6},"end":{"line":1237,"column":12}},"491":{"start":{"line":1240,"column":26},"end":{"line":1240,"column":55}},"492":{"start":{"line":1241,"column":4},"end":{"line":1251,"column":5}},"493":{"start":{"line":1242,"column":24},"end":{"line":1242,"column":34}},"494":{"start":{"line":1243,"column":6},"end":{"line":1250,"column":7}},"495":{"start":{"line":1248,"column":8},"end":{"line":1248,"column":40}},"496":{"start":{"line":1249,"column":8},"end":{"line":1249,"column":14}},"497":{"start":{"line":1253,"column":4},"end":{"line":1253,"column":28}},"498":{"start":{"line":1256,"column":2},"end":{"line":1258,"column":3}},"499":{"start":{"line":1257,"column":4},"end":{"line":1257,"column":11}},"500":{"start":{"line":1260,"column":20},"end":{"line":1260,"column":58}},"501":{"start":{"line":1261,"column":23},"end":{"line":1261,"column":55}},"502":{"start":{"line":1262,"column":2},"end":{"line":1264,"column":3}},"503":{"start":{"line":1263,"column":4},"end":{"line":1263,"column":11}},"504":{"start":{"line":1266,"column":2},"end":{"line":1268,"column":3}},"505":{"start":{"line":1267,"column":4},"end":{"line":1267,"column":11}},"506":{"start":{"line":1271,"column":4},"end":{"line":1271,"column":71}},"507":{"start":{"line":1274,"column":4},"end":{"line":1276,"column":5}},"508":{"start":{"line":1275,"column":6},"end":{"line":1275,"column":18}},"509":{"start":{"line":1278,"column":18},"end":{"line":1278,"column":57}},"510":{"start":{"line":1279,"column":22},"end":{"line":1279,"column":35}},"511":{"start":{"line":1280,"column":4},"end":{"line":1290,"column":5}},"512":{"start":{"line":1280,"column":21},"end":{"line":1280,"column":22}},"513":{"start":{"line":1281,"column":6},"end":{"line":1283,"column":7}},"514":{"start":{"line":1282,"column":8},"end":{"line":1282,"column":20}},"515":{"start":{"line":1285,"column":6},"end":{"line":1287,"column":7}},"516":{"start":{"line":1286,"column":8},"end":{"line":1286,"column":79}},"517":{"start":{"line":1289,"column":6},"end":{"line":1289,"column":24}},"518":{"start":{"line":1292,"column":4},"end":{"line":1292,"column":16}},"519":{"start":{"line":1296,"column":4},"end":{"line":1298,"column":5}},"520":{"start":{"line":1297,"column":6},"end":{"line":1297,"column":13}},"521":{"start":{"line":1300,"column":18},"end":{"line":1300,"column":57}},"522":{"start":{"line":1301,"column":22},"end":{"line":1301,"column":35}},"523":{"start":{"line":1302,"column":4},"end":{"line":1323,"column":5}},"524":{"start":{"line":1302,"column":21},"end":{"line":1302,"column":22}},"525":{"start":{"line":1303,"column":6},"end":{"line":1305,"column":7}},"526":{"start":{"line":1304,"column":8},"end":{"line":1304,"column":15}},"527":{"start":{"line":1307,"column":6},"end":{"line":1320,"column":7}},"528":{"start":{"line":1308,"column":21},"end":{"line":1308,"column":66}},"529":{"start":{"line":1309,"column":31},"end":{"line":1309,"column":76}},"530":{"start":{"line":1310,"column":8},"end":{"line":1312,"column":9}},"531":{"start":{"line":1311,"column":10},"end":{"line":1311,"column":17}},"532":{"start":{"line":1314,"column":8},"end":{"line":1318,"column":9}},"533":{"start":{"line":1315,"column":10},"end":{"line":1315,"column":63}},"534":{"start":{"line":1316,"column":15},"end":{"line":1318,"column":9}},"535":{"start":{"line":1317,"column":10},"end":{"line":1317,"column":63}},"536":{"start":{"line":1319,"column":8},"end":{"line":1319,"column":15}},"537":{"start":{"line":1322,"column":6},"end":{"line":1322,"column":24}},"538":{"start":{"line":1326,"column":24},"end":{"line":1326,"column":79}},"539":{"start":{"line":1327,"column":2},"end":{"line":1329,"column":3}},"540":{"start":{"line":1328,"column":4},"end":{"line":1328,"column":11}},"541":{"start":{"line":1331,"column":2},"end":{"line":1331,"column":75}},"542":{"start":{"line":1332,"column":2},"end":{"line":1332,"column":77}},"543":{"start":{"line":1336,"column":2},"end":{"line":1336,"column":33}},"544":{"start":{"line":1337,"column":30},"end":{"line":1337,"column":58}},"545":{"start":{"line":1338,"column":2},"end":{"line":1338,"column":69}},"546":{"start":{"line":1340,"column":31},"end":{"line":1342,"column":24}},"547":{"start":{"line":1343,"column":21},"end":{"line":1343,"column":41}},"548":{"start":{"line":1344,"column":27},"end":{"line":1344,"column":72}},"549":{"start":{"line":1346,"column":2},"end":{"line":1352,"column":3}},"550":{"start":{"line":1347,"column":26},"end":{"line":1349,"column":null}},"551":{"start":{"line":1351,"column":4},"end":{"line":1351,"column":79}},"552":{"start":{"line":1354,"column":24},"end":{"line":1354,"column":46}},"553":{"start":{"line":1355,"column":2},"end":{"line":1362,"column":3}},"554":{"start":{"line":1356,"column":26},"end":{"line":1359,"column":null}},"555":{"start":{"line":1361,"column":4},"end":{"line":1361,"column":79}},"556":{"start":{"line":1364,"column":2},"end":{"line":1364,"column":58}},"557":{"start":{"line":1368,"column":14},"end":{"line":1368,"column":39}},"558":{"start":{"line":1369,"column":12},"end":{"line":1369,"column":39}},"559":{"start":{"line":1370,"column":2},"end":{"line":1370,"column":15}},"560":{"start":{"line":1371,"column":2},"end":{"line":1371,"column":24}},"561":{"start":{"line":1372,"column":2},"end":{"line":1372,"column":31}},"562":{"start":{"line":1373,"column":2},"end":{"line":1373,"column":12}},"563":{"start":{"line":1374,"column":2},"end":{"line":1374,"column":13}},"564":{"start":{"line":1375,"column":2},"end":{"line":1375,"column":27}},"565":{"start":{"line":1379,"column":2},"end":{"line":1381,"column":3}},"566":{"start":{"line":1380,"column":4},"end":{"line":1380,"column":11}},"567":{"start":{"line":1383,"column":2},"end":{"line":1385,"column":3}},"568":{"start":{"line":1384,"column":4},"end":{"line":1384,"column":47}},"569":{"start":{"line":1387,"column":2},"end":{"line":1390,"column":10}},"570":{"start":{"line":1388,"column":4},"end":{"line":1388,"column":38}},"571":{"start":{"line":1389,"column":4},"end":{"line":1389,"column":34}},"572":{"start":{"line":1394,"column":2},"end":{"line":1396,"column":3}},"573":{"start":{"line":1395,"column":4},"end":{"line":1395,"column":11}},"574":{"start":{"line":1398,"column":16},"end":{"line":1398,"column":50}},"575":{"start":{"line":1399,"column":2},"end":{"line":1399,"column":34}},"576":{"start":{"line":1401,"column":2},"end":{"line":1417,"column":3}},"577":{"start":{"line":1402,"column":17},"end":{"line":1402,"column":42}},"578":{"start":{"line":1403,"column":4},"end":{"line":1405,"column":5}},"579":{"start":{"line":1404,"column":6},"end":{"line":1404,"column":13}},"580":{"start":{"line":1407,"column":20},"end":{"line":1407,"column":45}},"581":{"start":{"line":1408,"column":24},"end":{"line":1408,"column":39}},"582":{"start":{"line":1409,"column":4},"end":{"line":1409,"column":30}},"583":{"start":{"line":1410,"column":4},"end":{"line":1410,"column":43}},"584":{"start":{"line":1411,"column":4},"end":{"line":1413,"column":5}},"585":{"start":{"line":1412,"column":6},"end":{"line":1412,"column":33}},"586":{"start":{"line":1414,"column":4},"end":{"line":1414,"column":37}},"587":{"start":{"line":1416,"column":4},"end":{"line":1416,"column":60}},"588":{"start":{"line":1421,"column":15},"end":{"line":1421,"column":40}},"589":{"start":{"line":1423,"column":2},"end":{"line":1434,"column":5}},"590":{"start":{"line":1424,"column":23},"end":{"line":1424,"column":42}},"591":{"start":{"line":1425,"column":18},"end":{"line":1425,"column":43}},"592":{"start":{"line":1426,"column":4},"end":{"line":1426,"column":36}},"593":{"start":{"line":1427,"column":4},"end":{"line":1429,"column":5}},"594":{"start":{"line":1428,"column":6},"end":{"line":1428,"column":24}},"595":{"start":{"line":1431,"column":22},"end":{"line":1431,"column":50}},"596":{"start":{"line":1432,"column":17},"end":{"line":1432,"column":66}},"597":{"start":{"line":1433,"column":4},"end":{"line":1433,"column":48}},"598":{"start":{"line":1438,"column":2},"end":{"line":1445,"column":5}},"599":{"start":{"line":1439,"column":4},"end":{"line":1441,"column":5}},"600":{"start":{"line":1440,"column":6},"end":{"line":1440,"column":13}},"601":{"start":{"line":1443,"column":4},"end":{"line":1443,"column":54}},"602":{"start":{"line":1444,"column":4},"end":{"line":1444,"column":77}},"603":{"start":{"line":1449,"column":2},"end":{"line":1451,"column":3}},"604":{"start":{"line":1450,"column":4},"end":{"line":1450,"column":17}},"605":{"start":{"line":1453,"column":19},"end":{"line":1453,"column":43}},"606":{"start":{"line":1454,"column":20},"end":{"line":1454,"column":45}},"607":{"start":{"line":1456,"column":2},"end":{"line":1459,"column":4}},"608":{"start":{"line":1463,"column":2},"end":{"line":1468,"column":3}},"609":{"start":{"line":1467,"column":4},"end":{"line":1467,"column":17}},"610":{"start":{"line":1470,"column":2},"end":{"line":1472,"column":3}},"611":{"start":{"line":1471,"column":4},"end":{"line":1471,"column":17}},"612":{"start":{"line":1474,"column":2},"end":{"line":1476,"column":3}},"613":{"start":{"line":1475,"column":4},"end":{"line":1475,"column":16}},"614":{"start":{"line":1478,"column":20},"end":{"line":1480,"column":4}},"615":{"start":{"line":1481,"column":2},"end":{"line":1481,"column":52}},"616":{"start":{"line":1485,"column":20},"end":{"line":1485,"column":71}},"617":{"start":{"line":1485,"column":52},"end":{"line":1485,"column":70}},"618":{"start":{"line":1486,"column":18},"end":{"line":1486,"column":39}},"619":{"start":{"line":1488,"column":2},"end":{"line":1490,"column":3}},"620":{"start":{"line":1489,"column":4},"end":{"line":1489,"column":11}},"621":{"start":{"line":1492,"column":17},"end":{"line":1492,"column":49}},"622":{"start":{"line":1493,"column":2},"end":{"line":1493,"column":39}},"623":{"start":{"line":1494,"column":2},"end":{"line":1498,"column":5}},"624":{"start":{"line":1495,"column":4},"end":{"line":1497,"column":5}},"625":{"start":{"line":1496,"column":6},"end":{"line":1496,"column":54}},"626":{"start":{"line":1499,"column":2},"end":{"line":1499,"column":30}},"627":{"start":{"line":1500,"column":2},"end":{"line":1500,"column":45}},"628":{"start":{"line":1504,"column":15},"end":{"line":1504,"column":49}},"629":{"start":{"line":1506,"column":4},"end":{"line":1508,"column":37}},"630":{"start":{"line":1510,"column":4},"end":{"line":1510,"column":72}},"631":{"start":{"line":1512,"column":2},"end":{"line":1512,"column":30}},"632":{"start":{"line":1515,"column":35},"end":{"line":1515,"column":39}},"633":{"start":{"line":1518,"column":2},"end":{"line":1520,"column":3}},"634":{"start":{"line":1519,"column":4},"end":{"line":1519,"column":20}},"635":{"start":{"line":1522,"column":2},"end":{"line":1522,"column":34}},"636":{"start":{"line":1523,"column":2},"end":{"line":1529,"column":3}},"637":{"start":{"line":1523,"column":15},"end":{"line":1523,"column":16}},"638":{"start":{"line":1524,"column":12},"end":{"line":1524,"column":13}},"639":{"start":{"line":1525,"column":4},"end":{"line":1527,"column":5}},"640":{"start":{"line":1525,"column":17},"end":{"line":1525,"column":18}},"641":{"start":{"line":1526,"column":6},"end":{"line":1526,"column":59}},"642":{"start":{"line":1528,"column":4},"end":{"line":1528,"column":26}},"643":{"start":{"line":1530,"column":2},"end":{"line":1530,"column":18}},"644":{"start":{"line":1534,"column":16},"end":{"line":1534,"column":29}},"645":{"start":{"line":1535,"column":12},"end":{"line":1535,"column":22}},"646":{"start":{"line":1537,"column":2},"end":{"line":1539,"column":3}},"647":{"start":{"line":1538,"column":4},"end":{"line":1538,"column":51}},"648":{"start":{"line":1541,"column":2},"end":{"line":1541,"column":34}},"649":{"start":{"line":1545,"column":18},"end":{"line":1545,"column":35}},"650":{"start":{"line":1546,"column":14},"end":{"line":1546,"column":46}},"651":{"start":{"line":1547,"column":35},"end":{"line":1547,"column":37}},"652":{"start":{"line":1548,"column":37},"end":{"line":1548,"column":39}},"653":{"start":{"line":1549,"column":15},"end":{"line":1549,"column":16}},"654":{"start":{"line":1551,"column":2},"end":{"line":1595,"column":5}},"655":{"start":{"line":1552,"column":22},"end":{"line":1552,"column":42}},"656":{"start":{"line":1553,"column":18},"end":{"line":1553,"column":69}},"657":{"start":{"line":1554,"column":22},"end":{"line":1554,"column":48}},"658":{"start":{"line":1555,"column":20},"end":{"line":1555,"column":31}},"659":{"start":{"line":1557,"column":4},"end":{"line":1557,"column":45}},"660":{"start":{"line":1558,"column":4},"end":{"line":1558,"column":37}},"661":{"start":{"line":1559,"column":4},"end":{"line":1559,"column":41}},"662":{"start":{"line":1560,"column":4},"end":{"line":1560,"column":36}},"663":{"start":{"line":1561,"column":4},"end":{"line":1561,"column":47}},"664":{"start":{"line":1562,"column":4},"end":{"line":1562,"column":47}},"665":{"start":{"line":1563,"column":4},"end":{"line":1563,"column":43}},"666":{"start":{"line":1564,"column":4},"end":{"line":1564,"column":47}},"667":{"start":{"line":1565,"column":4},"end":{"line":1565,"column":47}},"668":{"start":{"line":1566,"column":4},"end":{"line":1566,"column":52}},"669":{"start":{"line":1567,"column":4},"end":{"line":1567,"column":37}},"670":{"start":{"line":1568,"column":4},"end":{"line":1568,"column":29}},"671":{"start":{"line":1569,"column":4},"end":{"line":1569,"column":43}},"672":{"start":{"line":1570,"column":4},"end":{"line":1570,"column":27}},"673":{"start":{"line":1572,"column":20},"end":{"line":1572,"column":57}},"674":{"start":{"line":1573,"column":24},"end":{"line":1573,"column":52}},"675":{"start":{"line":1574,"column":4},"end":{"line":1574,"column":47}},"676":{"start":{"line":1575,"column":4},"end":{"line":1575,"column":39}},"677":{"start":{"line":1576,"column":4},"end":{"line":1576,"column":39}},"678":{"start":{"line":1577,"column":4},"end":{"line":1577,"column":43}},"679":{"start":{"line":1578,"column":4},"end":{"line":1578,"column":39}},"680":{"start":{"line":1579,"column":4},"end":{"line":1579,"column":49}},"681":{"start":{"line":1580,"column":4},"end":{"line":1580,"column":49}},"682":{"start":{"line":1581,"column":4},"end":{"line":1581,"column":45}},"683":{"start":{"line":1582,"column":4},"end":{"line":1582,"column":49}},"684":{"start":{"line":1583,"column":4},"end":{"line":1583,"column":49}},"685":{"start":{"line":1584,"column":4},"end":{"line":1584,"column":54}},"686":{"start":{"line":1585,"column":4},"end":{"line":1585,"column":39}},"687":{"start":{"line":1586,"column":4},"end":{"line":1586,"column":39}},"688":{"start":{"line":1587,"column":4},"end":{"line":1587,"column":39}},"689":{"start":{"line":1588,"column":4},"end":{"line":1588,"column":39}},"690":{"start":{"line":1589,"column":4},"end":{"line":1589,"column":39}},"691":{"start":{"line":1590,"column":4},"end":{"line":1590,"column":44}},"692":{"start":{"line":1591,"column":4},"end":{"line":1591,"column":31}},"693":{"start":{"line":1592,"column":4},"end":{"line":1592,"column":31}},"694":{"start":{"line":1594,"column":4},"end":{"line":1594,"column":27}},"695":{"start":{"line":1597,"column":24},"end":{"line":1597,"column":30}},"696":{"start":{"line":1598,"column":22},"end":{"line":1598,"column":78}},"697":{"start":{"line":1598,"column":57},"end":{"line":1598,"column":74}},"698":{"start":{"line":1599,"column":20},"end":{"line":1599,"column":38}},"699":{"start":{"line":1600,"column":18},"end":{"line":1600,"column":48}},"700":{"start":{"line":1601,"column":2},"end":{"line":1601,"column":41}},"701":{"start":{"line":1602,"column":2},"end":{"line":1602,"column":45}},"702":{"start":{"line":1603,"column":2},"end":{"line":1603,"column":46}},"703":{"start":{"line":1604,"column":2},"end":{"line":1604,"column":43}},"704":{"start":{"line":1605,"column":2},"end":{"line":1605,"column":45}},"705":{"start":{"line":1608,"column":2},"end":{"line":1617,"column":4}},"706":{"start":{"line":1621,"column":2},"end":{"line":1623,"column":3}},"707":{"start":{"line":1622,"column":4},"end":{"line":1622,"column":11}},"708":{"start":{"line":1625,"column":16},"end":{"line":1626,"column":null}},"709":{"start":{"line":1626,"column":30},"end":{"line":1626,"column":55}},"710":{"start":{"line":1628,"column":18},"end":{"line":1633,"column":null}},"711":{"start":{"line":1630,"column":25},"end":{"line":1630,"column":50}},"712":{"start":{"line":1631,"column":19},"end":{"line":1631,"column":65}},"713":{"start":{"line":1632,"column":6},"end":{"line":1632,"column":42}},"714":{"start":{"line":1636,"column":18},"end":{"line":1636,"column":42}},"715":{"start":{"line":1637,"column":2},"end":{"line":1637,"column":49}},"716":{"start":{"line":1638,"column":2},"end":{"line":1638,"column":70}},"717":{"start":{"line":1642,"column":15},"end":{"line":1642,"column":61}},"718":{"start":{"line":1642,"column":42},"end":{"line":1642,"column":60}},"719":{"start":{"line":1643,"column":2},"end":{"line":1645,"column":3}},"720":{"start":{"line":1644,"column":4},"end":{"line":1644,"column":11}},"721":{"start":{"line":1647,"column":2},"end":{"line":1667,"column":3}},"722":{"start":{"line":1648,"column":23},"end":{"line":1653,"column":null}},"723":{"start":{"line":1655,"column":4},"end":{"line":1658,"column":7}},"724":{"start":{"line":1659,"column":4},"end":{"line":1659,"column":64}},"725":{"start":{"line":1661,"column":4},"end":{"line":1663,"column":5}},"726":{"start":{"line":1662,"column":6},"end":{"line":1662,"column":13}},"727":{"start":{"line":1665,"column":4},"end":{"line":1665,"column":25}},"728":{"start":{"line":1666,"column":4},"end":{"line":1666,"column":41}},"729":{"start":{"line":1671,"column":16},"end":{"line":1671,"column":43}},"730":{"start":{"line":1672,"column":20},"end":{"line":1672,"column":52}},"731":{"start":{"line":1673,"column":18},"end":{"line":1673,"column":35}},"732":{"start":{"line":1674,"column":29},"end":{"line":1679,"column":3}},"733":{"start":{"line":1675,"column":21},"end":{"line":1677,"column":58}},"734":{"start":{"line":1677,"column":22},"end":{"line":1677,"column":57}},"735":{"start":{"line":1678,"column":4},"end":{"line":1678,"column":80}},"736":{"start":{"line":1681,"column":15},"end":{"line":1681,"column":16}},"737":{"start":{"line":1682,"column":2},"end":{"line":1765,"column":3}},"738":{"start":{"line":1683,"column":19},"end":{"line":1683,"column":59}},"739":{"start":{"line":1684,"column":4},"end":{"line":1684,"column":16}},"740":{"start":{"line":1686,"column":4},"end":{"line":1688,"column":5}},"741":{"start":{"line":1687,"column":6},"end":{"line":1687,"column":12}},"742":{"start":{"line":1690,"column":4},"end":{"line":1692,"column":5}},"743":{"start":{"line":1691,"column":6},"end":{"line":1691,"column":12}},"744":{"start":{"line":1694,"column":4},"end":{"line":1696,"column":5}},"745":{"start":{"line":1695,"column":6},"end":{"line":1695,"column":12}},"746":{"start":{"line":1698,"column":26},"end":{"line":1698,"column":66}},"747":{"start":{"line":1699,"column":25},"end":{"line":1699,"column":35}},"748":{"start":{"line":1700,"column":23},"end":{"line":1700,"column":45}},"749":{"start":{"line":1702,"column":4},"end":{"line":1762,"column":5}},"750":{"start":{"line":1709,"column":18},"end":{"line":1710,"column":null}},"751":{"start":{"line":1712,"column":18},"end":{"line":1712,"column":73}},"752":{"start":{"line":1714,"column":6},"end":{"line":1716,"column":7}},"753":{"start":{"line":1715,"column":8},"end":{"line":1715,"column":20}},"754":{"start":{"line":1718,"column":26},"end":{"line":1718,"column":67}},"755":{"start":{"line":1719,"column":32},"end":{"line":1722,"column":35}},"756":{"start":{"line":1720,"column":8},"end":{"line":1722,"column":35}},"757":{"start":{"line":1721,"column":28},"end":{"line":1721,"column":66}},"758":{"start":{"line":1722,"column":27},"end":{"line":1722,"column":34}},"759":{"start":{"line":1724,"column":40},"end":{"line":1734,"column":null}},"760":{"start":{"line":1725,"column":29},"end":{"line":1725,"column":55}},"761":{"start":{"line":1726,"column":24},"end":{"line":1731,"column":10}},"762":{"start":{"line":1734,"column":12},"end":{"line":1734,"column":78}},"763":{"start":{"line":1737,"column":36},"end":{"line":1746,"column":8}},"764":{"start":{"line":1748,"column":6},"end":{"line":1759,"column":7}},"765":{"start":{"line":1758,"column":8},"end":{"line":1758,"column":20}},"766":{"start":{"line":1761,"column":6},"end":{"line":1761,"column":22}},"767":{"start":{"line":1764,"column":4},"end":{"line":1764,"column":28}},"768":{"start":{"line":1767,"column":2},"end":{"line":1767,"column":14}},"769":{"start":{"line":1771,"column":2},"end":{"line":1774,"column":3}},"770":{"start":{"line":1772,"column":4},"end":{"line":1772,"column":31}},"771":{"start":{"line":1773,"column":4},"end":{"line":1773,"column":11}},"772":{"start":{"line":1776,"column":35},"end":{"line":1776,"column":37}},"773":{"start":{"line":1778,"column":2},"end":{"line":1814,"column":3}},"774":{"start":{"line":1779,"column":4},"end":{"line":1781,"column":5}},"775":{"start":{"line":1780,"column":6},"end":{"line":1780,"column":15}},"776":{"start":{"line":1783,"column":23},"end":{"line":1783,"column":39}},"777":{"start":{"line":1784,"column":27},"end":{"line":1784,"column":67}},"778":{"start":{"line":1785,"column":26},"end":{"line":1785,"column":49}},"779":{"start":{"line":1786,"column":23},"end":{"line":1786,"column":58}},"780":{"start":{"line":1787,"column":34},"end":{"line":1787,"column":36}},"781":{"start":{"line":1788,"column":24},"end":{"line":1788,"column":56}},"782":{"start":{"line":1790,"column":4},"end":{"line":1801,"column":5}},"783":{"start":{"line":1791,"column":6},"end":{"line":1791,"column":49}},"784":{"start":{"line":1793,"column":6},"end":{"line":1800,"column":7}},"785":{"start":{"line":1797,"column":8},"end":{"line":1797,"column":63}},"786":{"start":{"line":1799,"column":8},"end":{"line":1799,"column":27}},"787":{"start":{"line":1803,"column":4},"end":{"line":1813,"column":7}},"788":{"start":{"line":1816,"column":2},"end":{"line":1819,"column":3}},"789":{"start":{"line":1817,"column":4},"end":{"line":1817,"column":58}},"790":{"start":{"line":1818,"column":4},"end":{"line":1818,"column":11}},"791":{"start":{"line":1821,"column":2},"end":{"line":1821,"column":48}},"792":{"start":{"line":1822,"column":2},"end":{"line":1824,"column":3}},"793":{"start":{"line":1823,"column":4},"end":{"line":1823,"column":27}},"794":{"start":{"line":1825,"column":2},"end":{"line":1825,"column":17}},"795":{"start":{"line":1827,"column":2},"end":{"line":1829,"column":3}},"796":{"start":{"line":1828,"column":4},"end":{"line":1828,"column":25}},"797":{"start":{"line":1833,"column":2},"end":{"line":1835,"column":3}},"798":{"start":{"line":1834,"column":4},"end":{"line":1834,"column":11}},"799":{"start":{"line":1837,"column":2},"end":{"line":1837,"column":44}},"800":{"start":{"line":1838,"column":2},"end":{"line":1838,"column":49}},"801":{"start":{"line":1839,"column":2},"end":{"line":1839,"column":45}},"802":{"start":{"line":1840,"column":2},"end":{"line":1840,"column":38}},"803":{"start":{"line":1841,"column":2},"end":{"line":1841,"column":39}},"804":{"start":{"line":1845,"column":2},"end":{"line":1847,"column":3}},"805":{"start":{"line":1846,"column":4},"end":{"line":1846,"column":11}},"806":{"start":{"line":1849,"column":2},"end":{"line":1849,"column":52}},"807":{"start":{"line":1850,"column":23},"end":{"line":1850,"column":48}},"808":{"start":{"line":1851,"column":2},"end":{"line":1851,"column":52}},"809":{"start":{"line":1852,"column":2},"end":{"line":1852,"column":57}},"810":{"start":{"line":1853,"column":2},"end":{"line":1853,"column":45}},"811":{"start":{"line":1854,"column":2},"end":{"line":1854,"column":50}},"812":{"start":{"line":1855,"column":2},"end":{"line":1855,"column":44}},"813":{"start":{"line":1856,"column":2},"end":{"line":1856,"column":46}},"814":{"start":{"line":1857,"column":2},"end":{"line":1860,"column":4}},"815":{"start":{"line":1864,"column":2},"end":{"line":1864,"column":56}},"816":{"start":{"line":1865,"column":2},"end":{"line":1867,"column":24}},"817":{"start":{"line":1868,"column":2},"end":{"line":1868,"column":30}},"818":{"start":{"line":1872,"column":20},"end":{"line":1872,"column":71}},"819":{"start":{"line":1872,"column":52},"end":{"line":1872,"column":70}},"820":{"start":{"line":1873,"column":2},"end":{"line":1875,"column":3}},"821":{"start":{"line":1874,"column":4},"end":{"line":1874,"column":11}},"822":{"start":{"line":1877,"column":20},"end":{"line":1877,"column":52}},"823":{"start":{"line":1878,"column":2},"end":{"line":1880,"column":3}},"824":{"start":{"line":1879,"column":4},"end":{"line":1879,"column":50}},"825":{"start":{"line":1881,"column":2},"end":{"line":1881,"column":69}},"826":{"start":{"line":1882,"column":2},"end":{"line":1882,"column":42}},"827":{"start":{"line":1883,"column":2},"end":{"line":1885,"column":3}},"828":{"start":{"line":1884,"column":4},"end":{"line":1884,"column":58}},"829":{"start":{"line":1886,"column":2},"end":{"line":1886,"column":27}},"830":{"start":{"line":1887,"column":2},"end":{"line":1887,"column":30}},"831":{"start":{"line":1888,"column":2},"end":{"line":1888,"column":39}},"832":{"start":{"line":1889,"column":2},"end":{"line":1889,"column":17}},"833":{"start":{"line":1891,"column":2},"end":{"line":1896,"column":3}},"834":{"start":{"line":1892,"column":4},"end":{"line":1892,"column":22}},"835":{"start":{"line":1893,"column":4},"end":{"line":1895,"column":5}},"836":{"start":{"line":1894,"column":6},"end":{"line":1894,"column":27}},"837":{"start":{"line":1900,"column":15},"end":{"line":1900,"column":61}},"838":{"start":{"line":1900,"column":42},"end":{"line":1900,"column":60}},"839":{"start":{"line":1901,"column":2},"end":{"line":1903,"column":3}},"840":{"start":{"line":1902,"column":4},"end":{"line":1902,"column":11}},"841":{"start":{"line":1905,"column":2},"end":{"line":1908,"column":3}},"842":{"start":{"line":1906,"column":4},"end":{"line":1906,"column":34}},"843":{"start":{"line":1907,"column":4},"end":{"line":1907,"column":11}},"844":{"start":{"line":1910,"column":19},"end":{"line":1910,"column":44}},"845":{"start":{"line":1911,"column":2},"end":{"line":1911,"column":59}},"846":{"start":{"line":1912,"column":2},"end":{"line":1912,"column":49}},"847":{"start":{"line":1916,"column":2},"end":{"line":1918,"column":3}},"848":{"start":{"line":1917,"column":4},"end":{"line":1917,"column":11}},"849":{"start":{"line":1920,"column":2},"end":{"line":1920,"column":30}},"850":{"start":{"line":1921,"column":2},"end":{"line":1921,"column":28}},"851":{"start":{"line":1922,"column":2},"end":{"line":1922,"column":44}},"852":{"start":{"line":1926,"column":2},"end":{"line":1926,"column":27}},"853":{"start":{"line":1927,"column":2},"end":{"line":1927,"column":47}},"854":{"start":{"line":1931,"column":16},"end":{"line":1932,"column":null}},"855":{"start":{"line":1935,"column":2},"end":{"line":1937,"column":3}},"856":{"start":{"line":1936,"column":4},"end":{"line":1936,"column":16}},"857":{"start":{"line":1939,"column":41},"end":{"line":1939,"column":46}},"858":{"start":{"line":1940,"column":15},"end":{"line":1946,"column":null}},"859":{"start":{"line":1949,"column":2},"end":{"line":1951,"column":3}},"860":{"start":{"line":1950,"column":4},"end":{"line":1950,"column":16}},"861":{"start":{"line":1953,"column":2},"end":{"line":1953,"column":14}},"862":{"start":{"line":1957,"column":12},"end":{"line":1957,"column":58}},"863":{"start":{"line":1958,"column":12},"end":{"line":1958,"column":61}},"864":{"start":{"line":1959,"column":12},"end":{"line":1959,"column":54}},"865":{"start":{"line":1960,"column":13},"end":{"line":1960,"column":56}},"866":{"start":{"line":1961,"column":13},"end":{"line":1961,"column":58}},"867":{"start":{"line":1962,"column":13},"end":{"line":1962,"column":58}},"868":{"start":{"line":1964,"column":2},"end":{"line":1964,"column":44}},"869":{"start":{"line":1968,"column":2},"end":{"line":1970,"column":3}},"870":{"start":{"line":1969,"column":4},"end":{"line":1969,"column":16}},"871":{"start":{"line":1972,"column":16},"end":{"line":1972,"column":55}},"872":{"start":{"line":1973,"column":2},"end":{"line":1975,"column":3}},"873":{"start":{"line":1974,"column":4},"end":{"line":1974,"column":16}},"874":{"start":{"line":1977,"column":35},"end":{"line":1977,"column":40}},"875":{"start":{"line":1978,"column":23},"end":{"line":1978,"column":59}},"876":{"start":{"line":1979,"column":2},"end":{"line":1979,"column":53}},"877":{"start":{"line":1983,"column":2},"end":{"line":1985,"column":3}},"878":{"start":{"line":1984,"column":4},"end":{"line":1984,"column":13}},"879":{"start":{"line":1987,"column":17},"end":{"line":1987,"column":46}},"880":{"start":{"line":1988,"column":2},"end":{"line":1990,"column":3}},"881":{"start":{"line":1989,"column":4},"end":{"line":1989,"column":13}},"882":{"start":{"line":1992,"column":2},"end":{"line":1992,"column":38}},"883":{"start":{"line":1996,"column":2},"end":{"line":2012,"column":4}},"884":{"start":{"line":1999,"column":8},"end":{"line":2000,"column":49}},"885":{"start":{"line":2004,"column":8},"end":{"line":2005,"column":49}},"886":{"start":{"line":2009,"column":8},"end":{"line":2010,"column":49}},"887":{"start":{"line":2016,"column":2},"end":{"line":2016,"column":62}},"888":{"start":{"line":2020,"column":15},"end":{"line":2020,"column":66}},"889":{"start":{"line":2021,"column":16},"end":{"line":2023,"column":21}},"890":{"start":{"line":2024,"column":14},"end":{"line":2026,"column":21}},"891":{"start":{"line":2027,"column":2},"end":{"line":2027,"column":30}},"892":{"start":{"line":2031,"column":16},"end":{"line":2033,"column":21}},"893":{"start":{"line":2034,"column":18},"end":{"line":2036,"column":21}},"894":{"start":{"line":2037,"column":18},"end":{"line":2039,"column":21}},"895":{"start":{"line":2040,"column":2},"end":{"line":2040,"column":37}},"896":{"start":{"line":2044,"column":20},"end":{"line":2044,"column":60}},"897":{"start":{"line":2045,"column":2},"end":{"line":2047,"column":3}},"898":{"start":{"line":2046,"column":4},"end":{"line":2046,"column":16}},"899":{"start":{"line":2049,"column":31},"end":{"line":2049,"column":40}},"900":{"start":{"line":2050,"column":20},"end":{"line":2050,"column":27}},"901":{"start":{"line":2052,"column":2},"end":{"line":2054,"column":4}},"902":{"start":{"line":2062,"column":18},"end":{"line":2062,"column":49}},"903":{"start":{"line":2063,"column":2},"end":{"line":2065,"column":3}},"904":{"start":{"line":2064,"column":4},"end":{"line":2064,"column":16}},"905":{"start":{"line":2067,"column":24},"end":{"line":2067,"column":62}},"906":{"start":{"line":2068,"column":2},"end":{"line":2073,"column":3}},"907":{"start":{"line":2069,"column":4},"end":{"line":2072,"column":6}},"908":{"start":{"line":2075,"column":18},"end":{"line":2075,"column":62}},"909":{"start":{"line":2076,"column":2},"end":{"line":2079,"column":4}},"910":{"start":{"line":2091,"column":24},"end":{"line":2091,"column":62}},"911":{"start":{"line":2093,"column":2},"end":{"line":2103,"column":3}},"912":{"start":{"line":2094,"column":22},"end":{"line":2094,"column":77}},"913":{"start":{"line":2095,"column":4},"end":{"line":2102,"column":6}},"914":{"start":{"line":2106,"column":4},"end":{"line":2107,"column":29}},"915":{"start":{"line":2108,"column":18},"end":{"line":2108,"column":37}},"916":{"start":{"line":2109,"column":2},"end":{"line":2116,"column":4}},"917":{"start":{"line":2124,"column":24},"end":{"line":2124,"column":62}},"918":{"start":{"line":2125,"column":26},"end":{"line":2125,"column":63}},"919":{"start":{"line":2127,"column":2},"end":{"line":2129,"column":3}},"920":{"start":{"line":2128,"column":4},"end":{"line":2128,"column":76}},"921":{"start":{"line":2132,"column":4},"end":{"line":2141,"column":29}},"922":{"start":{"line":2143,"column":2},"end":{"line":2143,"column":49}},"923":{"start":{"line":2147,"column":2},"end":{"line":2147,"column":289}},"924":{"start":{"line":2150,"column":2},"end":{"line":2150,"column":135}},"925":{"start":{"line":2153,"column":2},"end":{"line":2156,"column":3}},"926":{"start":{"line":2154,"column":4},"end":{"line":2154,"column":47}},"927":{"start":{"line":2155,"column":4},"end":{"line":2155,"column":11}},"928":{"start":{"line":2158,"column":16},"end":{"line":2158,"column":47}},"929":{"start":{"line":2159,"column":2},"end":{"line":2159,"column":22}},"930":{"start":{"line":2160,"column":2},"end":{"line":2160,"column":22}},"931":{"start":{"line":2161,"column":2},"end":{"line":2161,"column":41}},"932":{"start":{"line":2162,"column":2},"end":{"line":2162,"column":33}},"933":{"start":{"line":2163,"column":2},"end":{"line":2163,"column":28}},"934":{"start":{"line":2164,"column":2},"end":{"line":2164,"column":35}},"935":{"start":{"line":2165,"column":2},"end":{"line":2165,"column":17}},"936":{"start":{"line":2166,"column":2},"end":{"line":2166,"column":31}},"937":{"start":{"line":2167,"column":2},"end":{"line":2167,"column":35}},"938":{"start":{"line":2171,"column":2},"end":{"line":2173,"column":3}},"939":{"start":{"line":2172,"column":4},"end":{"line":2172,"column":15}},"940":{"start":{"line":2175,"column":2},"end":{"line":2175,"column":45}},"941":{"start":{"line":2179,"column":2},"end":{"line":2179,"column":44}},"942":{"start":{"line":2183,"column":15},"end":{"line":2183,"column":16}},"943":{"start":{"line":2184,"column":24},"end":{"line":2184,"column":26}},"944":{"start":{"line":2186,"column":2},"end":{"line":2218,"column":3}},"945":{"start":{"line":2187,"column":4},"end":{"line":2189,"column":5}},"946":{"start":{"line":2188,"column":6},"end":{"line":2188,"column":12}},"947":{"start":{"line":2191,"column":19},"end":{"line":2191,"column":48}},"948":{"start":{"line":2192,"column":4},"end":{"line":2192,"column":16}},"949":{"start":{"line":2194,"column":4},"end":{"line":2196,"column":5}},"950":{"start":{"line":2195,"column":6},"end":{"line":2195,"column":12}},"951":{"start":{"line":2198,"column":4},"end":{"line":2200,"column":5}},"952":{"start":{"line":2199,"column":6},"end":{"line":2199,"column":12}},"953":{"start":{"line":2202,"column":19},"end":{"line":2202,"column":48}},"954":{"start":{"line":2203,"column":4},"end":{"line":2215,"column":5}},"955":{"start":{"line":2204,"column":24},"end":{"line":2204,"column":34}},"956":{"start":{"line":2205,"column":6},"end":{"line":2214,"column":7}},"957":{"start":{"line":2206,"column":20},"end":{"line":2206,"column":59}},"958":{"start":{"line":2207,"column":8},"end":{"line":2213,"column":9}},"959":{"start":{"line":2211,"column":10},"end":{"line":2211,"column":42}},"960":{"start":{"line":2212,"column":10},"end":{"line":2212,"column":16}},"961":{"start":{"line":2217,"column":4},"end":{"line":2217,"column":21}},"962":{"start":{"line":2220,"column":2},"end":{"line":2222,"column":3}},"963":{"start":{"line":2221,"column":4},"end":{"line":2221,"column":17}},"964":{"start":{"line":2224,"column":2},"end":{"line":2224,"column":71}},"965":{"start":{"line":2228,"column":2},"end":{"line":2230,"column":3}},"966":{"start":{"line":2229,"column":4},"end":{"line":2229,"column":16}},"967":{"start":{"line":2232,"column":18},"end":{"line":2232,"column":60}},"968":{"start":{"line":2233,"column":2},"end":{"line":2233,"column":57}},"969":{"start":{"line":2237,"column":2},"end":{"line":2239,"column":3}},"970":{"start":{"line":2238,"column":4},"end":{"line":2238,"column":56}},"971":{"start":{"line":2241,"column":2},"end":{"line":2243,"column":3}},"972":{"start":{"line":2242,"column":4},"end":{"line":2242,"column":71}},"973":{"start":{"line":2245,"column":2},"end":{"line":2250,"column":3}},"974":{"start":{"line":2246,"column":18},"end":{"line":2246,"column":50}},"975":{"start":{"line":2246,"column":40},"end":{"line":2246,"column":49}},"976":{"start":{"line":2247,"column":4},"end":{"line":2249,"column":13}},"977":{"start":{"line":2252,"column":2},"end":{"line":2252,"column":14}},"978":{"start":{"line":2256,"column":19},"end":{"line":2256,"column":36}},"979":{"start":{"line":2257,"column":18},"end":{"line":2257,"column":38}},"980":{"start":{"line":2258,"column":22},"end":{"line":2258,"column":47}},"981":{"start":{"line":2259,"column":18},"end":{"line":2259,"column":41}},"982":{"start":{"line":2260,"column":18},"end":{"line":2260,"column":46}},"983":{"start":{"line":2262,"column":2},"end":{"line":2262,"column":37}},"984":{"start":{"line":2267,"column":4},"end":{"line":2275,"column":15}},"985":{"start":{"line":2277,"column":2},"end":{"line":2277,"column":35}},"986":{"start":{"line":2281,"column":15},"end":{"line":2281,"column":29}},"987":{"start":{"line":2282,"column":2},"end":{"line":2282,"column":40}},"988":{"start":{"line":2283,"column":2},"end":{"line":2283,"column":14}},"989":{"start":{"line":2287,"column":15},"end":{"line":2287,"column":29}},"990":{"start":{"line":2288,"column":2},"end":{"line":2288,"column":42}},"991":{"start":{"line":2289,"column":2},"end":{"line":2289,"column":14}},"992":{"start":{"line":2293,"column":2},"end":{"line":2300,"column":4}},"993":{"start":{"line":2301,"column":2},"end":{"line":2301,"column":52}},"994":{"start":{"line":2302,"column":2},"end":{"line":2302,"column":50}},"995":{"start":{"line":2303,"column":2},"end":{"line":2303,"column":30}},"996":{"start":{"line":2311,"column":15},"end":{"line":2311,"column":43}},"997":{"start":{"line":2313,"column":2},"end":{"line":2327,"column":3}},"998":{"start":{"line":2314,"column":25},"end":{"line":2314,"column":40}},"999":{"start":{"line":2315,"column":17},"end":{"line":2315,"column":35}},"1000":{"start":{"line":2316,"column":23},"end":{"line":2316,"column":53}},"1001":{"start":{"line":2317,"column":4},"end":{"line":2317,"column":48}},"1002":{"start":{"line":2318,"column":9},"end":{"line":2327,"column":3}},"1003":{"start":{"line":2319,"column":4},"end":{"line":2319,"column":47}},"1004":{"start":{"line":2320,"column":9},"end":{"line":2327,"column":3}},"1005":{"start":{"line":2321,"column":4},"end":{"line":2321,"column":47}},"1006":{"start":{"line":2323,"column":25},"end":{"line":2323,"column":40}},"1007":{"start":{"line":2324,"column":17},"end":{"line":2324,"column":28}},"1008":{"start":{"line":2325,"column":21},"end":{"line":2325,"column":38}},"1009":{"start":{"line":2326,"column":4},"end":{"line":2326,"column":46}},"1010":{"start":{"line":2329,"column":2},"end":{"line":2329,"column":28}},"1011":{"start":{"line":2330,"column":2},"end":{"line":2330,"column":33}},"1012":{"start":{"line":2334,"column":16},"end":{"line":2334,"column":66}},"1013":{"start":{"line":2335,"column":15},"end":{"line":2335,"column":66}},"1014":{"start":{"line":2336,"column":17},"end":{"line":2336,"column":41}},"1015":{"start":{"line":2337,"column":14},"end":{"line":2337,"column":66}},"1016":{"start":{"line":2338,"column":17},"end":{"line":2338,"column":73}},"1017":{"start":{"line":2339,"column":17},"end":{"line":2339,"column":75}},"1018":{"start":{"line":2340,"column":17},"end":{"line":2340,"column":75}},"1019":{"start":{"line":2341,"column":22},"end":{"line":2341,"column":75}},"1020":{"start":{"line":2343,"column":4},"end":{"line":2349,"column":16}},"1021":{"start":{"line":2351,"column":15},"end":{"line":2351,"column":26}},"1022":{"start":{"line":2352,"column":2},"end":{"line":2354,"column":3}},"1023":{"start":{"line":2353,"column":4},"end":{"line":2353,"column":17}},"1024":{"start":{"line":2356,"column":15},"end":{"line":2356,"column":69}},"1025":{"start":{"line":2357,"column":2},"end":{"line":2360,"column":3}},"1026":{"start":{"line":2358,"column":4},"end":{"line":2358,"column":35}},"1027":{"start":{"line":2359,"column":4},"end":{"line":2359,"column":17}},"1028":{"start":{"line":2362,"column":2},"end":{"line":2362,"column":28}},"1029":{"start":{"line":2363,"column":2},"end":{"line":2363,"column":38}},"1030":{"start":{"line":2364,"column":2},"end":{"line":2364,"column":36}},"1031":{"start":{"line":2365,"column":2},"end":{"line":2365,"column":30}},"1032":{"start":{"line":2366,"column":2},"end":{"line":2366,"column":14}},"1033":{"start":{"line":2374,"column":15},"end":{"line":2374,"column":43}},"1034":{"start":{"line":2376,"column":2},"end":{"line":2390,"column":3}},"1035":{"start":{"line":2377,"column":4},"end":{"line":2377,"column":43}},"1036":{"start":{"line":2378,"column":9},"end":{"line":2390,"column":3}},"1037":{"start":{"line":2379,"column":4},"end":{"line":2379,"column":41}},"1038":{"start":{"line":2380,"column":9},"end":{"line":2390,"column":3}},"1039":{"start":{"line":2381,"column":4},"end":{"line":2381,"column":49}},"1040":{"start":{"line":2382,"column":9},"end":{"line":2390,"column":3}},"1041":{"start":{"line":2383,"column":4},"end":{"line":2383,"column":43}},"1042":{"start":{"line":2384,"column":9},"end":{"line":2390,"column":3}},"1043":{"start":{"line":2385,"column":4},"end":{"line":2385,"column":47}},"1044":{"start":{"line":2386,"column":9},"end":{"line":2390,"column":3}},"1045":{"start":{"line":2387,"column":4},"end":{"line":2387,"column":47}},"1046":{"start":{"line":2389,"column":4},"end":{"line":2389,"column":47}},"1047":{"start":{"line":2392,"column":2},"end":{"line":2392,"column":28}},"1048":{"start":{"line":2393,"column":2},"end":{"line":2393,"column":38}},"1049":{"start":{"line":2394,"column":2},"end":{"line":2394,"column":36}},"1050":{"start":{"line":2395,"column":2},"end":{"line":2395,"column":30}},"1051":{"start":{"line":2399,"column":2},"end":{"line":2399,"column":74}},"1052":{"start":{"line":2400,"column":2},"end":{"line":2400,"column":73}},"1053":{"start":{"line":2401,"column":2},"end":{"line":2405,"column":4}},"1054":{"start":{"line":2406,"column":2},"end":{"line":2408,"column":22}},"1055":{"start":{"line":2409,"column":2},"end":{"line":2412,"column":22}},"1056":{"start":{"line":2413,"column":2},"end":{"line":2416,"column":22}},"1057":{"start":{"line":2417,"column":18},"end":{"line":2417,"column":47}},"1058":{"start":{"line":2418,"column":18},"end":{"line":2418,"column":36}},"1059":{"start":{"line":2419,"column":2},"end":{"line":2419,"column":69}},"1060":{"start":{"line":2420,"column":2},"end":{"line":2423,"column":22}},"1061":{"start":{"line":2424,"column":2},"end":{"line":2427,"column":22}},"1062":{"start":{"line":2428,"column":2},"end":{"line":2428,"column":65}},"1063":{"start":{"line":2429,"column":2},"end":{"line":2429,"column":62}},"1064":{"start":{"line":2430,"column":2},"end":{"line":2433,"column":22}},"1065":{"start":{"line":2434,"column":2},"end":{"line":2437,"column":22}},"1066":{"start":{"line":2438,"column":2},"end":{"line":2438,"column":59}},"1067":{"start":{"line":2442,"column":24},"end":{"line":2449,"column":23}},"1068":{"start":{"line":2451,"column":25},"end":{"line":2452,"column":null}},"1069":{"start":{"line":2455,"column":2},"end":{"line":2455,"column":26}},"1070":{"start":{"line":2459,"column":2},"end":{"line":2459,"column":33}},"1071":{"start":{"line":2460,"column":2},"end":{"line":2462,"column":5}},"1072":{"start":{"line":2463,"column":2},"end":{"line":2463,"column":31}},"1073":{"start":{"line":2465,"column":21},"end":{"line":2465,"column":65}},"1074":{"start":{"line":2466,"column":24},"end":{"line":2466,"column":65}},"1075":{"start":{"line":2467,"column":16},"end":{"line":2467,"column":26}},"1076":{"start":{"line":2468,"column":2},"end":{"line":2468,"column":29}},"1077":{"start":{"line":2469,"column":22},"end":{"line":2469,"column":50}},"1078":{"start":{"line":2470,"column":2},"end":{"line":2470,"column":35}},"1079":{"start":{"line":2472,"column":2},"end":{"line":2546,"column":3}},"1080":{"start":{"line":2472,"column":15},"end":{"line":2472,"column":16}},"1081":{"start":{"line":2473,"column":16},"end":{"line":2473,
[...]
204":0,"1205":0,"1206":0,"1207":0,"1208":0,"1209":0,"1210":0,"1211":0,"1212":0,"1213":0,"1214":0,"1215":0,"1216":0,"1217":0,"1218":0,"1219":0,"1220":0,"1221":0,"1222":0,"1223":0,"1224":0,"1225":0,"1226":0,"1227":0,"1228":0,"1229":0,"1230":0,"1231":0,"1232":0,"1233":0,"1234":0,"1235":0,"1236":0,"1237":0,"1238":0,"1239":0,"1240":0,"1241":0,"1242":0,"1243":0,"1244":0,"1245":0,"1246":0,"1247":0,"1248":0,"1249":0,"1250":0,"1251":0,"1252":0,"1253":0,"1254":0,"1255":0,"1256":0,"1257":0,"1258":0,"1259":0,"1260":0,"1261":0,"1262":0,"1263":0,"1264":0,"1265":0,"1266":0,"1267":0,"1268":0,"1269":0,"1270":0,"1271":0,"1272":0,"1273":0,"1274":0,"1275":0,"1276":0,"1277":0,"1278":0,"1279":0,"1280":0,"1281":0,"1282":0,"1283":0,"1284":0,"1285":0,"1286":0,"1287":0,"1288":0,"1289":0,"1290":0,"1291":0,"1292":0,"1293":0,"1294":0,"1295":0,"1296":0,"1297":0,"1298":0,"1299":0,"1300":0,"1301":0,"1302":0,"1303":0,"1304":0,"1305":0,"1306":0,"1307":0,"1308":0,"1309":0,"1310":0,"1311":0,"1312":0,"1313":0,"1314":0,"1315":0,"1316":0,"1317":0,"1318":0,"1319":0,"1320":0,"1321":0,"1322":0,"1323":0,"1324":0,"1325":0,"1326":0,"1327":0,"1328":0,"1329":0,"1330":0,"1331":0,"1332":0,"1333":0,"1334":0,"1335":0,"1336":0,"1337":0,"1338":0,"1339":0,"1340":0,"1341":0,"1342":0,"1343":0,"1344":0,"1345":0,"1346":0,"1347":0,"1348":0,"1349":0,"1350":0,"1351":0,"1352":0,"1353":0,"1354":0,"1355":0,"1356":0,"1357":0,"1358":0,"1359":0,"1360":0,"1361":0,"1362":0,"1363":0,"1364":0,"1365":0,"1366":0,"1367":0,"1368":0,"1369":0,"1370":0,"1371":0,"1372":0,"1373":0,"1374":0,"1375":0,"1376":0,"1377":0,"1378":0,"1379":0,"1380":0,"1381":0,"1382":0,"1383":0,"1384":0,"1385":0,"1386":0,"1387":0,"1388":0,"1389":0,"1390":0,"1391":0,"1392":0,"1393":0,"1394":0,"1395":0,"1396":0,"1397":0,"1398":0,"1399":0,"1400":0,"1401":0,"1402":0,"1403":0,"1404":0,"1405":0,"1406":0,"1407":0,"1408":0,"1409":0,"1410":0,"1411":0,"1412":0,"1413":0,"1414":0,"1415":0,"1416":0,"1417":0,"1418":0,"1419":0,"1420":0,"1421":0,"1422":0,"1423":0,"1424":0,"1425":0,"1426":0,"1427":0,"1428":0,"1429":0,"1430":0,"1431":0,"1432":0,"1433":0,"1434":0,"1435":0,"1436":0,"1437":0,"1438":0,"1439":0,"1440":0,"1441":0,"1442":0,"1443":0,"1444":0,"1445":0,"1446":0,"1447":0,"1448":0,"1449":0,"1450":0,"1451":0,"1452":0,"1453":0,"1454":0,"1455":0,"1456":0,"1457":0,"1458":0,"1459":0,"1460":0,"1461":0,"1462":0,"1463":0,"1464":0,"1465":0,"1466":0,"1467":0,"1468":0,"1469":0,"1470":0,"1471":0,"1472":0,"1473":0,"1474":0,"1475":0,"1476":0,"1477":0,"1478":0,"1479":0,"1480":0,"1481":0,"1482":0,"1483":0,"1484":0,"1485":0,"1486":0,"1487":6,"1488":6,"1489":6,"1490":0,"1491":0,"1492":0,"1493":0,"1494":0,"1495":0,"1496":0,"1497":0,"1498":0,"1499":0,"1500":0,"1501":0,"1502":0,"1503":0,"1504":0,"1505":0,"1506":0,"1507":0,"1508":0,"1509":0,"1510":0,"1511":0,"1512":0,"1513":0,"1514":0,"1515":0,"1516":0,"1517":0,"1518":0,"1519":0,"1520":0,"1521":0,"1522":0,"1523":0,"1524":0,"1525":6,"1526":6,"1527":6,"1528":0,"1529":6,"1530":6,"1531":10,"1532":9,"1533":9,"1534":9,"1535":9,"1536":0,"1537":6,"1538":1,"1539":1,"1540":2,"1541":1,"1542":1,"1543":0,"1544":0,"1545":0,"1546":0,"1547":0,"1548":0,"1549":0,"1550":0,"1551":0,"1552":6,"1553":10,"1554":10,"1555":10,"1556":10,"1557":10,"1558":10,"1559":10,"1560":6,"1561":6,"1562":6,"1563":6,"1564":6,"1565":6,"1566":6,"1567":6,"1568":6,"1569":6,"1570":6,"1571":6,"1572":6,"1573":6,"1574":6,"1575":6,"1576":6,"1577":6,"1578":6,"1579":6,"1580":6,"1581":36,"1582":36,"1583":36,"1584":36,"1585":6,"1586":3,"1587":3,"1588":1,"1589":3,"1590":3,"1591":6,"1592":6,"1593":6,"1594":4,"1595":1,"1596":1,"1597":1,"1598":1,"1599":1,"1600":1,"1601":1,"1602":1,"1603":1,"1604":1,"1605":1,"1606":1,"1607":1,"1608":3,"1609":1,"1610":1,"1611":1,"1612":1,"1613":0,"1614":0,"1615":0,"1616":0,"1617":0,"1618":1,"1619":1,"1620":3,"1621":1,"1622":1,"1623":1,"1624":1,"1625":1,"1626":1,"1627":1,"1628":1,"1629":1,"1630":1,"1631":1,"1632":1,"1633":1,"1634":1,"1635":1,"1636":1,"1637":1,"1638":1,"1639":0,"1640":0,"1641":0,"1642":0,"1643":0,"1644":0,"1645":0,"1646":0,"1647":0,"1648":0,"1649":0,"1650":0,"1651":0,"1652":0,"1653":1,"1654":1,"1655":2,"1656":2,"1657":2,"1658":2,"1659":2,"1660":2,"1661":2,"1662":2,"1663":2,"1664":2,"1665":0,"1666":0,"1667":10,"1668":10,"1669":10,"1670":6,"1671":0,"1672":0,"1673":0,"1674":0,"1675":0,"1676":0,"1677":0,"1678":0,"1679":0,"1680":0,"1681":0,"1682":0,"1683":0,"1684":0,"1685":0,"1686":0,"1687":0,"1688":6,"1689":6,"1690":6,"1691":0,"1692":0,"1693":0,"1694":0,"1695":0,"1696":0,"1697":0,"1698":0,"1699":0,"1700":0,"1701":0,"1702":0,"1703":0,"1704":0,"1705":0,"1706":0,"1707":0,"1708":0,"1709":0,"1710":0,"1711":0,"1712":0,"1713":0,"1714":0,"1715":0,"1716":0,"1717":0,"1718":0,"1719":0,"1720":0,"1721":0,"1722":0,"1723":0,"1724":0,"1725":0,"1726":0,"1727":0,"1728":0,"1729":0,"1730":0,"1731":0,"1732":0,"1733":0,"1734":0,"1735":0,"1736":0,"1737":0,"1738":0,"1739":0,"1740":0,"1741":0,"1742":0,"1743":0,"1744":0,"1745":0,"1746":0,"1747":0,"1748":0,"1749":0,"1750":0,"1751":0,"1752":0,"1753":0,"1754":0,"1755":0,"1756":0,"1757":0,"1758":0,"1759":0,"1760":0,"1761":0,"1762":0,"1763":0,"1764":0,"1765":0,"1766":0,"1767":0,"1768":0,"1769":0,"1770":0,"1771":0,"1772":0,"1773":0,"1774":0,"1775":0,"1776":0,"1777":0,"1778":0,"1779":0,"1780":0,"1781":0,"1782":0,"1783":0,"1784":0,"1785":0,"1786":0,"1787":0,"1788":0,"1789":0,"1790":0,"1791":0,"1792":0,"1793":0,"1794":0,"1795":0,"1796":0,"1797":0,"1798":0,"1799":0,"1800":0,"1801":0,"1802":0,"1803":0,"1804":0,"1805":0,"1806":0,"1807":0,"1808":0,"1809":0,"1810":0,"1811":0,"1812":0,"1813":0,"1814":0,"1815":0,"1816":0,"1817":0,"1818":0,"1819":0,"1820":0,"1821":0,"1822":0,"1823":0,"1824":0,"1825":0,"1826":0,"1827":0,"1828":0,"1829":0,"1830":0,"1831":0,"1832":0,"1833":0,"1834":0,"1835":0,"1836":0,"1837":0,"1838":0,"1839":0,"1840":0,"1841":0,"1842":0,"1843":0,"1844":0,"1845":0,"1846":0,"1847":0,"1848":0,"1849":0,"1850":0,"1851":0,"1852":0,"1853":0,"1854":0,"1855":0,"1856":0,"1857":0,"1858":0,"1859":0,"1860":0,"1861":0,"1862":0,"1863":0,"1864":0,"1865":0,"1866":0,"1867":0,"1868":0,"1869":0,"1870":0,"1871":0,"1872":0,"1873":0,"1874":0,"1875":0,"1876":0,"1877":0,"1878":0,"1879":0,"1880":0,"1881":0,"1882":0,"1883":0,"1884":0,"1885":0,"1886":0,"1887":0,"1888":0,"1889":0,"1890":0,"1891":0,"1892":0,"1893":0,"1894":0,"1895":0,"1896":0,"1897":0,"1898":0,"1899":0,"1900":0,"1901":0,"1902":0,"1903":0,"1904":0,"1905":0,"1906":0,"1907":0,"1908":0,"1909":0,"1910":0,"1911":0,"1912":0,"1913":0,"1914":0,"1915":0,"1916":0,"1917":0,"1918":0,"1919":0,"1920":0,"1921":0,"1922":0,"1923":0,"1924":0,"1925":0,"1926":0,"1927":0,"1928":0,"1929":0,"1930":0,"1931":0,"1932":0,"1933":0,"1934":0,"1935":0,"1936":0,"1937":0,"1938":0,"1939":0,"1940":0,"1941":0,"1942":0,"1943":0,"1944":0,"1945":0,"1946":0,"1947":0,"1948":0,"1949":0,"1950":0,"1951":0,"1952":0,"1953":0,"1954":0,"1955":0,"1956":0,"1957":0,"1958":0,"1959":0,"1960":0,"1961":0,"1962":0,"1963":0,"1964":0,"1965":0,"1966":0,"1967":0,"1968":0,"1969":0,"1970":0,"1971":0,"1972":0,"1973":0,"1974":0,"1975":0,"1976":0,"1977":0,"1978":0,"1979":0,"1980":0,"1981":0,"1982":0,"1983":0,"1984":0,"1985":0,"1986":0,"1987":0,"1988":0,"1989":0,"1990":0,"1991":0,"1992":0,"1993":0,"1994":0,"1995":0,"1996":0,"1997":0,"1998":0,"1999":0,"2000":0,"2001":0,"2002":0,"2003":0,"2004":0,"2005":0,"2006":0,"2007":0,"2008":0,"2009":0,"2010":0,"2011":0,"2012":0,"2013":0,"2014":0,"2015":0,"2016":0,"2017":0,"2018":0,"2019":0,"2020":0,"2021":0,"2022":0,"2023":0,"2024":0,"2025":0,"2026":0,"2027":0,"2028":0,"2029":0,"2030":0,"2031":0,"2032":0,"2033":0,"2034":0,"2035":0,"2036":0,"2037":0,"2038":0,"2039":0,"2040":0,"2041":0,"2042":0,"2043":0,"2044":0,"2045":0,"2046":0,"2047":0,"2048":0,"2049":0,"2050":0,"2051":0,"2052":0,"2053":0,"2054":0,"2055":0,"2056":0,"2057":0,"2058":0,"2059":0,"2060":0,"2061":0,"2062":0,"2063":0,"2064":0,"2065":0,"2066":0,"2067":0,"2068":0,"2069":0,"2070":0,"2071":0,"2072":0,"2073":0,"2074":0,"2075":0,"2076":0,"2077":0,"2078":0,"2079":0,"2080":0,"2081":0,"2082":0,"2083":0,"2084":0,"2085":0,"2086":0,"2087":0,"2088":0,"2089":0,"2090":0,"2091":0,"2092":0,"2093":0,"2094":0,"2095":0,"2096":0,"2097":0,"2098":0,"2099":0,"2100":0,"2101":0,"2102":0,"2103":0,"2104":0,"2105":0,"2106":0,"2107":0,"2108":0,"2109":0,"2110":0,"2111":0,"2112":0,"2113":1,"2114":0,"2115":1,"2116":1,"2117":0,"2118":1,"2119":1,"2120":0,"2121":1,"2122":3,"2123":0,"2124":3,"2125":3,"2126":0,"2127":3,"2128":3,"2129":3,"2130":0,"2131":0,"2132":0,"2133":0,"2134":0,"2135":0,"2136":0,"2137":0,"2138":0,"2139":0,"2140":0,"2141":0,"2142":6,"2143":0,"2144":6,"2145":6,"2146":6,"2147":6,"2148":6,"2149":6,"2150":6,"2151":15,"2152":15,"2153":15,"2154":6,"2155":9,"2156":0,"2157":0,"2158":0,"2159":0,"2160":0,"2161":0,"2162":0,"2163":0,"2164":0,"2165":0,"2166":0,"2167":0,"2168":9,"2169":0,"2170":0,"2171":0,"2172":0,"2173":0,"2174":0,"2175":0,"2176":0,"2177":0,"2178":0,"2179":0,"2180":9,"2181":4,"2182":4,"2183":0,"2184":4,"2185":4,"2186":4,"2187":4,"2188":4,"2189":4,"2190":4,"2191":4,"2192":4,"2193":4,"2194":4,"2195":4,"2196":4,"2197":4,"2198":4,"2199":5,"2200":2,"2201":2,"2202":0,"2203":2,"2204":2,"2205":2,"2206":2,"2207":2,"2208":2,"2209":2,"2210":3,"2211":3,"2212":0,"2213":0,"2214":0,"2215":0,"2216":0,"2217":0,"2218":0,"2219":0,"2220":0,"2221":0,"2222":0,"2223":0,"2224":0,"2225":0,"2226":0,"2227":0,"2228":0,"2229":0,"2230":0,"2231":0,"2232":0,"2233":0,"2234":9,"2235":0,"2236":9,"2237":9,"2238":9,"2239":9,"2240":9,"2241":9,"2242":9,"2243":9,"2244":9,"2245":9,"2246":9,"2247":9,"2248":9,"2249":9,"2250":138,"2251":0,"2252":0,"2253":0,"2254":0,"2255":0,"2256":0,"2257":18,"2258":18,"2259":1,"2260":17,"2261":17,"2262":17,"2263":40,"2264":0,"2265":40,"2266":40,"2267":40,"2268":0,"2269":40,"2270":1,"2271":39,"2272":39,"2273":16,"2274":16,"2275":16,"2276":16,"2277":16,"2278":16,"2279":23,"2280":17,"2281":1,"2282":16,"2283":16,"2284":16,"2285":16,"2286":14,"2287":2,"2288":1,"2289":15,"2290":15,"2291":1,"2292":14,"2293":14,"2294":14,"2295":42,"2296":42,"2297":42,"2298":42,"2299":42,"2300":855,"2301":855,"2302":855,"2303":855,"2304":855,"2305":855,"2306":855,"2307":279,"2308":98,"2309":181,"2310":181,"2311":279,"2312":279,"2313":279,"2314":3093,"2315":3093,"2316":279,"2317":2814,"2318":279,"2319":576,"2320":252,"2321":252,"2322":252,"2323":252,"2324":252,"2325":378,"2326":378,"2327":378,"2328":252,"2329":196,"2330":196,"2331":56,"2332":182,"2333":252,"2334":324,"2335":72,"2336":70,"2337":2,"2338":2,"2339":72,"2340":72,"2341":72,"2342":732,"2343":72,"2344":252,"2345":252,"2346":252,"2347":238,"2348":14,"2349":14,"2350":252,"2351":252,"2352":252,"2353":294,"2354":294,"2355":252,"2356":252,"2357":0,"2358":855,"2359":42,"2360":42,"2361":84,"2362":84,"2363":42,"2364":42,"2365":0,"2366":42,"2367":42,"2368":14,"2369":14,"2370":14,"2371":13,"2372":14,"2373":14,"2374":14,"2375":14,"2376":14,"2377":14,"2378":14,"2379":14,"2380":14,"2381":14,"2382":14,"2383":14,"2384":14,"2385":0,"2386":14,"2387":14,"2388":14,"2389":14,"2390":14,"2391":14,"2392":14,"2393":14,"2394":14,"2395":14,"2396":14,"2397":14,"2398":14,"2399":14,"2400":14,"2401":14,"2402":14,"2403":14,"2404":14,"2405":14,"2406":14,"2407":14,"2408":14,"2409":14,"2410":14,"2411":14,"2412":14,"2413":14,"2414":14,"2415":14,"2416":14,"2417":0,"2418":0,"2419":0,"2420":0,"2421":14},"f":{"0":0,"1":0,"2":0,"3":0,"4":0,"5":0,"6":0,"7":0,"8":0,"9":0,"10":0,"11":0,"12":0,"13":0,"14":0,"15":0,"16":0,"17":0,"18":0,"19":0,"20":0,"21":0,"22":0,"23":0,"24":0,"25":0,"26":0,"27":0,"28":0,"29":0,"30":0,"31":0,"32":0,"33":0,"34":0,"35":0,"36":0,"37":0,"38":0,"39":0,"40":0,"41":0,"42":0,"43":0,"44":0,"45":0,"46":0,"47":0,"48":0,"49":0,"50":0,"51":0,"52":0,"53":0,"54":0,"55":0,"56":0,"57":0,"58":0,"59":0,"60":0,"61":0,"62":0,"63":0,"64":0,"65":0,"66":0,"67":0,"68":0,"69":0,"70":0,"71":0,"72":0,"73":0,"74":0,"75":0,"76":0,"77":0,"78":0,"79":0,"80":0,"81":0,"82":0,"83":0,"84":0,"85":0,"86":0,"87":0,"88":0,"89":0,"90":0,"91":0,"92":0,"93":0,"94":0,"95":0,"96":0,"97":0,"98":0,"99":0,"100":0,"101":0,"102":0,"103":0,"104":0,"105":0,"106":0,"107":0,"108":0,"109":0,"110":0,"111":0,"112":0,"113":0,"114":0,"115":0,"116":0,"117":0,"118":0,"119":0,"120":0,"121":0,"122":16,"123":0,"124":26,"125":69,"126":10,"127":10,"128":14,"129":16,"130":16,"131":16,"132":16,"133":0,"134":0,"135":0,"136":0,"137":0,"138":6,"139":28,"140":28,"141":0,"142":4,"143":855,"144":0,"145":0,"146":0,"147":0,"148":0,"149":0,"150":0,"151":0,"152":0,"153":0,"154":0,"155":0,"156":0,"157":0,"158":0,"159":0,"160":0,"161":0,"162":0,"163":0,"164":0,"165":0,"166":0,"167":0,"168":0,"169":0,"170":0,"171":0,"172":0,"173":0,"174":0,"175":0,"176":0,"177":0,"178":0,"179":0,"180":0,"181":0,"182":0,"183":0,"184":0,"185":0,"186":6,"187":0,"188":0,"189":0,"190":0,"191":6,"192":10,"193":9,"194":1,"195":2,"196":0,"197":0,"198":10,"199":36,"200":3,"201":3,"202":0,"203":0,"204":0,"205":0,"206":0,"207":0,"208":0,"209":0,"210":0,"211":0,"212":6,"213":0,"214":0,"215":0,"216":0,"217":0,"218":0,"219":0,"220":0,"221":0,"222":0,"223":0,"224":0,"225":0,"226":0,"227":0,"228":0,"229":0,"230":0,"231":0,"232":0,"233":0,"234":0,"235":0,"236":0,"237":0,"238":0,"239":0,"240":0,"241":0,"242":0,"243":0,"244":0,"245":0,"246":0,"247":0,"248":0,"249":0,"250":0,"251":1,"252":1,"253":3,"254":0,"255":0,"256":6,"257":15,"258":0,"259":0,"260":18,"261":42,"262":182,"263":84,"264":42},"b":{"0":[0,2],"1":[0,0],"2":[0,0],"3":[0,0],"4":[0,0],"5":[0,0],"6":[0,0],"7":[0,0],"8":[0,0],"9":[0,0],"10":[0,0],"11":[0,0],"12":[0,0],"13":[0,0],"14":[0,0],"15":[0,0,0,0,0,0,0,0],"16":[0,0],"17":[0,0],"18":[0,0],"19":[0,0],"20":[0,0],"21":[0,0],"22":[0,0],"23":[0,0],"24":[0,0],"25":[0,0],"26":[0,0],"27":[0,0],"28":[0,0],"29":[0,0],"30":[0,0],"31":[0,0],"32":[0,0],"33":[0,0],"34":[0,0],"35":[0,0],"36":[0,0],"37":[0,0],"38":[0,0],"39":[0,0],"40":[0,0],"41":[0,0],"42":[0,0],"43":[0,0],"44":[0,0],"45":[0,0],"46":[0,0],"47":[0,0],"48":[0,0],"49":[0,0],"50":[0,0],"51":[0,0],"52":[0,0],"53":[0,0],"54":[0,0],"55":[0,0],"56":[0,0],"57":[0,0,0],"58":[0,0],"59":[0,0],"60":[0,0],"61":[0,0],"62":[0,0],"63":[0,0],"64":[0,0],"65":[0,0],"66":[0,0,0],"67":[0,0],"68":[0,0],"69":[0,0],"70":[0,0],"71":[0,0],"72":[0,0],"73":[0,0,0,0],"74":[0,0],"75":[0,0],"76":[0,0],"77":[0,0],"78":[0,0],"79":[0,0],"80":[0,0],"81":[0,0,0],"82":[0,0],"83":[0,0],"84":[0,0],"85":[0,0],"86":[0,0,0,0],"87":[0,0],"88":[0,0],"89":[0,0],"90":[0,0],"91":[0,0],"92":[0,0],"93":[0,0],"94":[0,0],"95":[0,0],"96":[0],"97":[0,0],"98":[0,0],"99":[0,0],"100":[0,0],"101":[0,0],"102":[0,0],"103":[0,0],"104":[0,0],"105":[0,0],"106":[0,0],"107":[0,0],"108":[0,0],"109":[0,0],"110":[0,0],"111":[0,0],"112":[0,0,0,0,0,0,0,0],"113":[0,0],"114":[0,0],"115":[0,0],"116":[0,0],"117":[0,0],"118":[0,0],"119":[0,0],"120":[0,0],"121":[0,0],"122":[0,0,0],"123":[0,0],"124":[0,0],"125":[0,0],"126":[0,0],"127":[0,0],"128":[0,0],"129":[0,0],"130":[0,0],"131":[0,0],"132":[0,0],"133":[0,0],"134":[0,0],"135":[0,0],"136":[0,0],"137":[0,0],"138":[0,0],"139":[0,0],"140":[0,0],"141":[0,0],"142":[0,0],"143":[0,0],"144":[0,0],"145":[0,0],"146":[0,0],"147":[0,0],"148":[0,0],"149":[0,0],"150":[0,0],"151":[0,0],"152":[0,0],"153":[0,0],"154":[0,0],"155":[0,0],"156":[0,0],"157":[0,0],"158":[0,0],"159":[0,0,0],"160":[0,0],"161":[0,0],"162":[0,0],"163":[0,0],"164":[0,0],"165":[0,0,0],"166":[0,0],"167":[0,0],"168":[0,0],"169":[0,0],"170":[0,0],"171":[0,0],"172":[0,0],"173":[0,0],"174":[0,0],"175":[0,0],"176":[0,0],"177":[0,0],"178":[0,0],"179":[0,0],"180":[0,0,0],"181":[0,0],"182":[0,0,0,0],"183":[0,0],"184":[0,0,0,0,0,0,0,0],"185":[0,0],"186":[0,0],"187":[0,0],"188":[0,0],"189":[0,0],"190":[0,0],"191":[0,0],"192":[0,0],"193":[0,0],"194":[0,0],"195":[0,0],"196":[0,0],"197":[0,0],"198":[0,0],"199":[0,0],"200":[0,0],"201":[0,0],"202":[0,0],"203":[0,0],"204":[0,0],"205":[0,0],"206":[0,0],"207":[0,0],"208":[0],"209":[0,0],"210":[2,14],"211":[0,14],"212":[14,0],"213":[0,0],"214":[0,0],"215":[26,6,6],"216":[69,20],"217":[10,0],"218":[10,0],"219":[2],"220":[14,2],"221":[14,2],"222":[14,2],"223":[2],"224":[14,2],"225":[14,2],"226":[14,2],"227":[0,16],"228":[16,16,16],"229":[16,0],"230":[0,16],"231":[2,14],"232":[0,0],"233":[0,0],"234":[0,0],"235":[0,0],"236":[0,12],"237":[0,12],"238":[0,12],"239":[6,6],"240":[6,0],"241":[6,0],"242":[6,6],"243":[0,6],"244":[0,28],"245":[28,28],"246":[14,14],"247":[28,27],"248":[28,0],"249":[28,0],"250":[0,0],"251":[0,0],"252":[0,0],"253":[0,0],"254":[351,504],"255":[855,841,562,562],"256":[196,308],"257":[504,308],"258":[56,252],"259":[308,252,252],"260":[252,0],"261":[252,42,0],"262":[0,0],"263":[0,0],"264":[0,0],"265":[0,0],"266":[0,0],"267":[0,0],"268":[0,0],"269":[0,0],"270":[0,0],"271":[0,0],"272":[0,0],"273":[0,0],"274":[0,0],"275":[0,0],"276":[0,0],"277":[0,0],"278":[0,0],"279":[0,0],"280":[0,0],"281":[0,0],"282":[0,0],"283":[0,0],"284":[0,0],"285":[0,0],"286":[0,0],"287":[0,0],"288":[0,0],"289":[0,0],"290":[0,0],"291":[0,0],"292":[0,0],"293":[0,0],"294":[0,0],"295":[0,0],"296":[0,0],"297":[0,0],"298":[0,0],"299":[0,0],"300":[0,0],"301":[0,0],"302":[0,0],"303":[0],"304":[0,0],"305":[0,0],"306":[0,0],"307":[0,0],"308":[0,0],"309":[0,0],"310":[0,0],"311":[0,0],"312":[0,0],"313":[0,0],"314":[0,0],"315":[0,0],"316":[0,0],"317":[0,0],"318":[0,0],"319":[0,0],"320":[0,0],"321":[0,0],"322":[0,0],"323":[0,0],"324":[0,0],"325":[0,0],"326":[0,0],"327":[0,0],"328":[0,0,0],"329":[0,0],"330":[0,0],"331":[0,0],"332":[0,0],"333":[0,0],"334":[0,0],"335":[0,0],"336":[0,0,0],"337":[0,0],"338":[0,0],"339":[0,0],"340":[6,0],"341":[0,0],"342":[0,0,0,0],"343":[0,0],"344":[0,0],"345":[0,0],"346":[0,0],"347":[0,0],"348":[0,0],"349":[0,0],"350":[0,6],"351":[9,0],"352":[9,0],"353":[9,0],"354":[1,0],"355":[1,1],"356":[2,1],"357":[1,0],"358":[1,1],"359":[0,0],"360":[0,0],"361":[0,0],"362":[0,0],"363":[0,0],"364":[6,4],"365":[1,2],"366":[1,3],"367":[1,0],"368":[1,0],"369":[1,1,1],"370":[1,0],"371":[1,1],"372":[3,2,1],"373":[1,1],"374":[1,0],"375":[0,1],"376":[1,2],"377":[1,0],"378":[1,0],"379":[1,0],"380":[1,1],"381":[1,0],"382":[1,0],"383":[0,1],"384":[0,0],"385":[0,0],"386":[0,0],"387":[2,0],"388":[2,1],"389":[1,1],"390":[2,0],"391":[1,1],"392":[0,0,0,0],"393":[0,0],"394":[0,0],"395":[0,0],"396":[0,0],"397":[0,0],"398":[0,0],"399":[0,0],"400":[6,0],"401":[0,0],"402":[0,0],"403":[0,0],"404":[0,0],"405":[0,0],"406":[0,0],"407":[0,0],"408":[0,0],"409":[0,0],"410":[0,0],"411":[0,0],"412":[0,0],"413":[0,0],"414":[0,0],"415":[0,0],"416":[0,0],"417":[0,0],"418":[0,0],"419":[0,0],"420":[0,0],"421":[0,0],"422":[0,0],"423":[0,0],"424":[0,0],"425":[0,0],"426":[0,0],"427":[0,0],"428":[0,0],"429":[0,0],"430":[0,0],"431":[0,0],"432":[0,0],"433":[0,0],"434":[0,0],"435":[0,0],"436":[0,0],"437":[0,0],"438":[0,0],"439":[0,0],"440":[0,1],"441":[0,1],"442":[0,1],"443":[1,1],"444":[0,3],"445":[0,3],"446":[3,0],"447":[0,0],"448":[0,0],"449":[0,0],"450":[0,0],"451":[0,0],"452":[0,6],"453":[6,9],"454":[0,9],"455":[0,0],"456":[0,0,0],"457":[0,0],"458":[0,0],"459":[0,0],"460":[0,0],"461":[0,0],"462":[0,0],"463":[0,9],"464":[0,0],"465":[0,0,0],"466":[0,0],"467":[0,0],"468":[0,0],"469":[0,0],"470":[4,5],"471":[0,4],"472":[2,2],"473":[1,1],"474":[1,1],"475":[4,0],"476":[4,4],"477":[4,0],"478":[2,3],"479":[0,2],"480":[2,0],"481":[1,1],"482":[0,3],"483":[3,0,0],"484":[0,0],"485":[0,0],"486":[0,0,0],"487":[0,9],"488":[9,1],"489":[0,9],"490":[9,9,3],"491":[9,0],"492":[0,0],"493":[1,17],"494":[0,40],"495":[0,40],"496":[1,39],"497":[16,23],"498":[16,0],"499":[16,0],"500":[16,16],"501":[1,16],"502":[14,2],"503":[1,1],"504":[1,14],"505":[279,576],"506":[98,181],"507":[279,2814],"508":[252,324],"509":[576,366],"510":[42,336],"511":[42,336],"512":[196,56],"513":[196,0],"514":[182,0],"515":[72,252],"516":[324,310],"517":[70,2],"518":[28,44],"519":[252,0],"520":[252,56],"521":[196,56],"522":[238,14],"523":[238,56],"524":[238,14],"525":[28,224],"526":[252,238],"527":[70,14],"528":[0,42],"529":[42,28],"530":[42,0],"531":[42,0],"532":[13,1],"533":[14,0],"534":[14,0],"535":[14,0],"536":[14,0],"537":[14,0],"538":[14,14,14],"539":[14,0],"540":[14,0],"541":[14,14,14],"542":[14,0],"543":[14,0],"544":[14,14],"545":[1,13],"546":[14,0],"547":[14,14],"548":[14,0],"549":[0,0],"550":[0,0]}}
}
