TN:
SF:src/FileReader.ts
FN:4,(anonymous_0)
FN:8,(anonymous_1)
FN:9,(anonymous_2)
FN:10,(anonymous_3)
FN:13,(anonymous_4)
FNF:5
FNH:0
FNDA:0,(anonymous_0)
FNDA:0,(anonymous_1)
FNDA:0,(anonymous_2)
FNDA:0,(anonymous_3)
FNDA:0,(anonymous_4)
DA:5,0
DA:9,0
DA:10,0
DA:11,0
DA:13,0
DA:15,0
DA:20,2
LF:7
LH:1
BRF:0
BRH:0
end_of_record
TN:
SF:src/main.ts
FN:231,(anonymous_1)
FN:234,(anonymous_2)
FN:240,(anonymous_3)
FN:245,(anonymous_4)
FN:253,(anonymous_5)
FN:257,(anonymous_6)
FN:261,(anonymous_7)
FN:262,(anonymous_8)
FN:267,(anonymous_9)
FN:272,(anonymous_10)
FN:282,(anonymous_11)
FN:288,(anonymous_12)
FN:293,(anonymous_13)
FN:300,(anonymous_14)
FN:307,(anonymous_15)
FN:314,(anonymous_16)
FN:317,(anonymous_17)
FN:319,(anonymous_18)
FN:324,getFileExtension
FN:329,hasApplicableXmpData
FN:346,setMapInteractionsEnabled
FN:362,(anonymous_22)
FN:375,detectInternetConnectivity
FN:381,(anonymous_24)
FN:399,updateGpsMapAvailability
FN:431,setGpsFullscreen
FN:455,(anonymous_27)
FN:460,refreshInternetConnectivity
FN:465,(anonymous_29)
FN:476,getGpsCoordinateControls
FN:482,(anonymous_31)
FN:485,(anonymous_32)
FN:506,ensureGpsMap
FN:523,(anonymous_34)
FN:542,normalizeGeocodeQuery
FN:546,readGeocodeCache
FN:564,writeGeocodeCache
FN:571,(anonymous_38)
FN:582,getCachedGeocode
FN:600,setCachedGeocode
FN:613,geocodeAddress
FN:654,handleGpsAddressSearch
FN:699,sanitizeFilename
FN:715,getDownloadFilename
FN:719,getXmpSegmentRanges
FN:767,stripXmpSegments
FN:788,(anonymous_47)
FN:792,(anonymous_48)
FN:800,getJpegSegmentEnd
FN:823,getJpegMetadataSegments
FN:849,getJpegMetadataInsertionOffset
FN:872,insertJpegMetadataSegments
FN:883,(anonymous_53)
FN:901,getRequestedDimensions
FN:920,dimensionsChanged
FN:924,getTimestampAddressLines
FN:927,(anonymous_57)
FN:928,(anonymous_58)
FN:933,getTimestampDate
FN:935,(anonymous_60)
FN:954,isTimestampOverlayEnabled
FN:958,canvasToJpegBlob
FN:959,(anonymous_63)
FN:961,(anonymous_64)
FN:974,decodeImageBitmap
FN:991,resizeJpegBuffer
FN:1057,addTimestampOverlay
FN:1062,(anonymous_68)
FN:1069,(anonymous_69)
FN:1095,(anonymous_70)
FN:1156,(anonymous_71)
FN:1169,(anonymous_72)
FN:1178,parseJpegDimensions
FN:1217,updateExifPixelDimensions
FN:1273,getLinkedIFDOffset
FN:1295,updateDimensionTag
FN:1335,getEditedBlob
FN:1367,triggerBlobDownload
FN:1378,schedulePreviewRefresh
FN:1387,(anonymous_80)
FN:1393,refreshFilePreview
FN:1420,getUniqueFilenames
FN:1423,(anonymous_83)
FN:1437,refreshLoadedFileControls
FN:1438,(anonymous_85)
FN:1448,isIOSDevice
FN:1462,canShareFiles
FN:1484,moveLoadedFile
FN:1485,(anonymous_89)
FN:1494,(anonymous_90)
FN:1503,getZipTimestampParts
FN:1517,getCrcTable
FN:1533,crc32
FN:1544,createStoredZip
FN:1551,(anonymous_95)
FN:1598,(anonymous_96)
FN:1620,downloadAllLoadedFiles
FN:1626,(anonymous_98)
FN:1629,(anonymous_99)
FN:1641,shareLoadedFile
FN:1642,(anonymous_101)
FN:1670,parseXmpMetadata
FN:1674,(anonymous_103)
FN:1677,(anonymous_104)
FN:1719,(anonymous_105)
FN:1721,(anonymous_106)
FN:1722,(anonymous_107)
FN:1725,(anonymous_108)
FN:1726,(anonymous_109)
FN:1733,(anonymous_110)
FN:1770,handleFileList
FN:1832,beginFilenameEdit
FN:1844,finishFilenameEdit
FN:1863,updateStatus
FN:1871,removeLoadedFile
FN:1872,(anonymous_116)
FN:1899,downloadLoadedFile
FN:1900,(anonymous_118)
FN:1915,openImageModal
FN:1925,closeImageModal
FN:1930,parseInputDateTimeValue
FN:1956,formatPickerDateTimeValue
FN:1967,parseExifOffsetMinutes
FN:1982,parseExifSubSecondsMillis
FN:1995,getPreferredPhotoOffset
FN:1998,(anonymous_126)
FN:2003,(anonymous_127)
FN:2008,(anonymous_128)
FN:2015,shiftUtcDateToOffset
FN:2019,formatDateParts
FN:2030,formatTimeParts
FN:2043,getGpsUtcDate
FN:2057,getGpsLocalDateTimeFromUtc
FN:2082,getGpsUtcPartsFromLocalInput
FN:2119,getEpochTimestampValue
FN:2152,copyTextToClipboard
FN:2170,clampNumber
FN:2178,daysInMonth
FN:2182,getExifLittleEndian
FN:2227,decimalFromDms
FN:2236,decodeGpsRef
FN:2246,(anonymous_142)
FN:2255,dmsFromDecimal
FN:2265,getInlineValueByteLength
FN:2280,addDays
FN:2286,addMonths
FN:2292,setPickerDate
FN:2306,setPickerTimePart
FN:2333,commitVisibleDateTimeSegments
FN:2369,adjustVisibleSegmentValue
FN:2398,syncDateTimePickerValue
FN:2441,focusSelectedDay
FN:2458,renderDateTimePicker
FN:2507,(anonymous_154)
FN:2511,(anonymous_155)
FN:2542,(anonymous_156)
FN:2549,(anonymous_157)
FN:2553,openDateTimePicker
FN:2564,(anonymous_159)
FN:2570,closeDateTimePicker
FN:2587,positionDateTimePickerPopup
FN:2620,createDateTimePicker
FN:2692,(anonymous_163)
FN:2777,(anonymous_164)
FN:2786,(anonymous_165)
FN:2787,(anonymous_166)
FN:2797,(anonymous_167)
FN:2821,(anonymous_168)
FN:2864,(anonymous_169)
FN:2871,(anonymous_170)
FN:2878,moveToNextSegment
FN:2896,moveToPreviousSegment
FN:2914,wireVisibleSegment
FN:2920,(anonymous_174)
FN:2921,(anonymous_175)
FN:2927,(anonymous_176)
FN:2930,(anonymous_177)
FN:2984,(anonymous_178)
FN:2987,(anonymous_179)
FN:2994,(anonymous_180)
FN:2998,(anonymous_181)
FN:3030,(anonymous_182)
FN:3040,(anonymous_183)
FN:3048,(anonymous_184)
FN:3054,(anonymous_185)
FN:3063,(anonymous_186)
FN:3113,setupGpsEditor
FN:3120,(anonymous_188)
FN:3123,(anonymous_189)
FN:3147,(anonymous_190)
FN:3171,(anonymous_191)
FN:3188,renderFields
FN:3210,(anonymous_193)
FN:3211,(anonymous_194)
FN:3222,findCorrespondingDate
FN:3226,(anonymous_196)
FN:3236,(anonymous_197)
FN:3243,(anonymous_198)
FN:3251,(anonymous_199)
FN:3297,(anonymous_200)
FN:3304,(anonymous_201)
FN:3332,(anonymous_202)
FN:3470,getSyncSourceField
FN:3473,(anonymous_204)
FN:3476,(anonymous_205)
FN:3479,(anonymous_206)
FN:3485,getPrimaryExifDateTimeFields
FN:3492,(anonymous_208)
FN:3496,getComparableExifEpoch
FN:3509,hasPrimaryExifDateTimeMismatch
FN:3511,(anonymous_211)
FN:3512,(anonymous_212)
FN:3517,updateSyncButtonVisibility
FN:3526,syncDateTimeFieldsToOriginal
FN:3541,(anonymous_215)
FN:3569,renderXmpPanel
FN:3604,(anonymous_217)
FN:3631,(anonymous_218)
FN:3651,clearXmpMetadata
FN:3664,appendFileEditor
FN:3687,(anonymous_221)
FN:3770,(anonymous_222)
FN:3848,(anonymous_223)
FN:3851,(anonymous_224)
FN:3852,(anonymous_225)
FN:3855,(anonymous_226)
FN:3856,(anonymous_227)
FN:3866,(anonymous_228)
FN:3867,(anonymous_229)
FN:3868,(anonymous_230)
FN:3870,(anonymous_231)
FN:3874,(anonymous_232)
FN:3878,(anonymous_233)
FN:3879,(anonymous_234)
FN:3881,(anonymous_235)
FN:3882,(anonymous_236)
FN:3883,(anonymous_237)
FN:3889,(anonymous_238)
FN:3910,(anonymous_239)
FN:3931,(anonymous_240)
FN:3937,(anonymous_241)
FN:3940,(anonymous_242)
FN:3941,(anonymous_243)
FN:3944,(anonymous_244)
FN:3948,(anonymous_245)
FN:3961,(anonymous_246)
FN:3964,(anonymous_247)
FN:3980,(anonymous_248)
FN:3983,(anonymous_249)
FN:4001,(anonymous_250)
FN:4079,toInputDateTime
FN:4102,toInputDate
FN:4115,toInputTime
FN:4128,fromInputDateTime
FN:4143,fromInputDate
FN:4153,fromInputTime
FN:4169,applyFormToWorkingBuffer
FN:4184,(anonymous_258)
FN:4205,(anonymous_259)
FN:4240,(anonymous_260)
FN:4416,parseExifDates
FN:4493,readIFD
FN:4561,(anonymous_263)
FN:4640,getAsciiValue
FN:4645,pushDateTimeField
FNF:265
FNH:36
FNDA:0,(anonymous_1)
FNDA:0,(anonymous_2)
FNDA:0,(anonymous_3)
FNDA:0,(anonymous_4)
FNDA:0,(anonymous_5)
FNDA:0,(anonymous_6)
FNDA:0,(anonymous_7)
FNDA:0,(anonymous_8)
FNDA:0,(anonymous_9)
FNDA:0,(anonymous_10)
FNDA:0,(anonymous_11)
FNDA:0,(anonymous_12)
FNDA:0,(anonymous_13)
FNDA:0,(anonymous_14)
FNDA:0,(anonymous_15)
FNDA:0,(anonymous_16)
FNDA:0,(anonymous_17)
FNDA:0,(anonymous_18)
FNDA:0,getFileExtension
FNDA:0,hasApplicableXmpData
FNDA:0,setMapInteractionsEnabled
FNDA:0,(anonymous_22)
FNDA:0,detectInternetConnectivity
FNDA:0,(anonymous_24)
FNDA:0,updateGpsMapAvailability
FNDA:0,setGpsFullscreen
FNDA:0,(anonymous_27)
FNDA:0,refreshInternetConnectivity
FNDA:0,(anonymous_29)
FNDA:0,getGpsCoordinateControls
FNDA:0,(anonymous_31)
FNDA:0,(anonymous_32)
FNDA:0,ensureGpsMap
FNDA:0,(anonymous_34)
FNDA:0,normalizeGeocodeQuery
FNDA:0,readGeocodeCache
FNDA:0,writeGeocodeCache
FNDA:0,(anonymous_38)
FNDA:0,getCachedGeocode
FNDA:0,setCachedGeocode
FNDA:0,geocodeAddress
FNDA:0,handleGpsAddressSearch
FNDA:0,sanitizeFilename
FNDA:0,getDownloadFilename
FNDA:0,getXmpSegmentRanges
FNDA:0,stripXmpSegments
FNDA:0,(anonymous_47)
FNDA:0,(anonymous_48)
FNDA:0,getJpegSegmentEnd
FNDA:0,getJpegMetadataSegments
FNDA:0,getJpegMetadataInsertionOffset
FNDA:0,insertJpegMetadataSegments
FNDA:0,(anonymous_53)
FNDA:0,getRequestedDimensions
FNDA:0,dimensionsChanged
FNDA:0,getTimestampAddressLines
FNDA:0,(anonymous_57)
FNDA:0,(anonymous_58)
FNDA:0,getTimestampDate
FNDA:0,(anonymous_60)
FNDA:0,isTimestampOverlayEnabled
FNDA:0,canvasToJpegBlob
FNDA:0,(anonymous_63)
FNDA:0,(anonymous_64)
FNDA:0,decodeImageBitmap
FNDA:0,resizeJpegBuffer
FNDA:0,addTimestampOverlay
FNDA:0,(anonymous_68)
FNDA:0,(anonymous_69)
FNDA:0,(anonymous_70)
FNDA:0,(anonymous_71)
FNDA:0,(anonymous_72)
FNDA:0,parseJpegDimensions
FNDA:0,updateExifPixelDimensions
FNDA:0,getLinkedIFDOffset
FNDA:0,updateDimensionTag
FNDA:0,getEditedBlob
FNDA:0,triggerBlobDownload
FNDA:0,schedulePreviewRefresh
FNDA:0,(anonymous_80)
FNDA:0,refreshFilePreview
FNDA:0,getUniqueFilenames
FNDA:0,(anonymous_83)
FNDA:0,refreshLoadedFileControls
FNDA:0,(anonymous_85)
FNDA:0,isIOSDevice
FNDA:0,canShareFiles
FNDA:0,moveLoadedFile
FNDA:0,(anonymous_89)
FNDA:0,(anonymous_90)
FNDA:0,getZipTimestampParts
FNDA:0,getCrcTable
FNDA:0,crc32
FNDA:0,createStoredZip
FNDA:0,(anonymous_95)
FNDA:0,(anonymous_96)
FNDA:0,downloadAllLoadedFiles
FNDA:0,(anonymous_98)
FNDA:0,(anonymous_99)
FNDA:0,shareLoadedFile
FNDA:0,(anonymous_101)
FNDA:0,parseXmpMetadata
FNDA:0,(anonymous_103)
FNDA:0,(anonymous_104)
FNDA:0,(anonymous_105)
FNDA:0,(anonymous_106)
FNDA:0,(anonymous_107)
FNDA:0,(anonymous_108)
FNDA:0,(anonymous_109)
FNDA:0,(anonymous_110)
FNDA:0,handleFileList
FNDA:0,beginFilenameEdit
FNDA:0,finishFilenameEdit
FNDA:0,updateStatus
FNDA:0,removeLoadedFile
FNDA:0,(anonymous_116)
FNDA:0,downloadLoadedFile
FNDA:0,(anonymous_118)
FNDA:0,openImageModal
FNDA:0,closeImageModal
FNDA:0,parseInputDateTimeValue
FNDA:0,formatPickerDateTimeValue
FNDA:16,parseExifOffsetMinutes
FNDA:0,parseExifSubSecondsMillis
FNDA:26,getPreferredPhotoOffset
FNDA:69,(anonymous_126)
FNDA:10,(anonymous_127)
FNDA:10,(anonymous_128)
FNDA:14,shiftUtcDateToOffset
FNDA:16,formatDateParts
FNDA:16,formatTimeParts
FNDA:16,getGpsUtcDate
FNDA:16,getGpsLocalDateTimeFromUtc
FNDA:0,getGpsUtcPartsFromLocalInput
FNDA:0,getEpochTimestampValue
FNDA:0,copyTextToClipboard
FNDA:0,clampNumber
FNDA:0,daysInMonth
FNDA:6,getExifLittleEndian
FNDA:28,decimalFromDms
FNDA:28,decodeGpsRef
FNDA:0,(anonymous_142)
FNDA:4,dmsFromDecimal
FNDA:855,getInlineValueByteLength
FNDA:0,addDays
FNDA:0,addMonths
FNDA:0,setPickerDate
FNDA:0,setPickerTimePart
FNDA:0,commitVisibleDateTimeSegments
FNDA:0,adjustVisibleSegmentValue
FNDA:0,syncDateTimePickerValue
FNDA:0,focusSelectedDay
FNDA:0,renderDateTimePicker
FNDA:0,(anonymous_154)
FNDA:0,(anonymous_155)
FNDA:0,(anonymous_156)
FNDA:0,(anonymous_157)
FNDA:0,openDateTimePicker
FNDA:0,(anonymous_159)
FNDA:0,closeDateTimePicker
FNDA:0,positionDateTimePickerPopup
FNDA:0,createDateTimePicker
FNDA:0,(anonymous_163)
FNDA:0,(anonymous_164)
FNDA:0,(anonymous_165)
FNDA:0,(anonymous_166)
FNDA:0,(anonymous_167)
FNDA:0,(anonymous_168)
FNDA:0,(anonymous_169)
FNDA:0,(anonymous_170)
FNDA:0,moveToNextSegment
FNDA:0,moveToPreviousSegment
FNDA:0,wireVisibleSegment
FNDA:0,(anonymous_174)
FNDA:0,(anonymous_175)
FNDA:0,(anonymous_176)
FNDA:0,(anonymous_177)
FNDA:0,(anonymous_178)
FNDA:0,(anonymous_179)
FNDA:0,(anonymous_180)
FNDA:0,(anonymous_181)
FNDA:0,(anonymous_182)
FNDA:0,(anonymous_183)
FNDA:0,(anonymous_184)
FNDA:0,(anonymous_185)
FNDA:0,(anonymous_186)
FNDA:6,setupGpsEditor
FNDA:0,(anonymous_188)
FNDA:0,(anonymous_189)
FNDA:0,(anonymous_190)
FNDA:0,(anonymous_191)
FNDA:6,renderFields
FNDA:10,(anonymous_193)
FNDA:9,(anonymous_194)
FNDA:1,findCorrespondingDate
FNDA:2,(anonymous_196)
FNDA:0,(anonymous_197)
FNDA:0,(anonymous_198)
FNDA:10,(anonymous_199)
FNDA:36,(anonymous_200)
FNDA:3,(anonymous_201)
FNDA:3,(anonymous_202)
FNDA:0,getSyncSourceField
FNDA:0,(anonymous_204)
FNDA:0,(anonymous_205)
FNDA:0,(anonymous_206)
FNDA:0,getPrimaryExifDateTimeFields
FNDA:0,(anonymous_208)
FNDA:0,getComparableExifEpoch
FNDA:0,hasPrimaryExifDateTimeMismatch
FNDA:0,(anonymous_211)
FNDA:0,(anonymous_212)
FNDA:6,updateSyncButtonVisibility
FNDA:0,syncDateTimeFieldsToOriginal
FNDA:0,(anonymous_215)
FNDA:0,renderXmpPanel
FNDA:0,(anonymous_217)
FNDA:0,(anonymous_218)
FNDA:0,clearXmpMetadata
FNDA:0,appendFileEditor
FNDA:0,(anonymous_221)
FNDA:0,(anonymous_222)
FNDA:0,(anonymous_223)
FNDA:0,(anonymous_224)
FNDA:0,(anonymous_225)
FNDA:0,(anonymous_226)
FNDA:0,(anonymous_227)
FNDA:0,(anonymous_228)
FNDA:0,(anonymous_229)
FNDA:0,(anonymous_230)
FNDA:0,(anonymous_231)
FNDA:0,(anonymous_232)
FNDA:0,(anonymous_233)
FNDA:0,(anonymous_234)
FNDA:0,(anonymous_235)
FNDA:0,(anonymous_236)
FNDA:0,(anonymous_237)
FNDA:0,(anonymous_238)
FNDA:0,(anonymous_239)
FNDA:0,(anonymous_240)
FNDA:0,(anonymous_241)
FNDA:0,(anonymous_242)
FNDA:0,(anonymous_243)
FNDA:0,(anonymous_244)
FNDA:0,(anonymous_245)
FNDA:0,(anonymous_246)
FNDA:0,(anonymous_247)
FNDA:0,(anonymous_248)
FNDA:0,(anonymous_249)
FNDA:0,(anonymous_250)
FNDA:0,toInputDateTime
FNDA:1,toInputDate
FNDA:1,toInputTime
FNDA:3,fromInputDateTime
FNDA:0,fromInputDate
FNDA:0,fromInputTime
FNDA:6,applyFormToWorkingBuffer
FNDA:15,(anonymous_258)
FNDA:0,(anonymous_259)
FNDA:0,(anonymous_260)
FNDA:18,parseExifDates
FNDA:42,readIFD
FNDA:182,(anonymous_263)
FNDA:84,getAsciiValue
FNDA:42,pushDateTimeField
DA:1,2
DA:2,2
DA:3,2
DA:4,2
DA:5,2
DA:6,2
DA:144,2
DA:183,2
DA:184,2
DA:186,2
DA:188,2
DA:189,2
DA:190,2
DA:192,2
DA:198,2
DA:213,2
DA:215,2
DA:216,2
DA:217,2
DA:218,2
DA:221,2
DA:224,2
DA:225,2
DA:226,2
DA:231,2
DA:234,2
DA:235,0
DA:236,0
DA:240,2
DA:241,0
DA:245,2
DA:246,0
DA:248,0
DA:250,0
DA:253,2
DA:254,0
DA:257,2
DA:258,0
DA:261,2
DA:262,2
DA:263,0
DA:266,2
DA:267,2
DA:268,0
DA:269,0
DA:272,2
DA:273,0
DA:274,0
DA:277,0
DA:278,0
DA:279,0
DA:282,2
DA:283,0
DA:284,0
DA:285,0
DA:288,2
DA:289,0
DA:290,0
DA:293,0
DA:294,0
DA:296,0
DA:297,0
DA:300,2
DA:301,0
DA:302,0
DA:305,2
DA:308,0
DA:309,0
DA:314,2
DA:315,0
DA:317,2
DA:318,0
DA:319,0
DA:320,0
DA:325,0
DA:326,0
DA:330,0
DA:331,0
DA:334,0
DA:348,0
DA:352,0
DA:362,0
DA:363,0
DA:364,0
DA:367,0
DA:368,0
DA:370,0
DA:376,0
DA:377,0
DA:380,0
DA:381,0
DA:383,0
DA:384,0
DA:390,0
DA:392,0
DA:393,0
DA:395,0
DA:400,0
DA:401,0
DA:402,0
DA:405,0
DA:406,0
DA:407,0
DA:408,0
DA:409,0
DA:411,0
DA:412,0
DA:414,0
DA:417,0
DA:418,0
DA:420,0
DA:423,0
DA:424,0
DA:425,0
DA:426,0
DA:427,0
DA:432,0
DA:433,0
DA:434,0
DA:437,0
DA:438,0
DA:442,0
DA:446,0
DA:449,0
DA:451,0
DA:452,0
DA:455,0
DA:456,0
DA:461,0
DA:462,0
DA:463,0
DA:465,0
DA:467,0
DA:468,0
DA:473,0
DA:477,0
DA:478,0
DA:481,0
DA:482,0
DA:484,0
DA:485,0
DA:488,0
DA:489,0
DA:492,0
DA:495,0
DA:499,0
DA:500,0
DA:503,0
DA:507,0
DA:508,0
DA:509,0
DA:512,0
DA:513,0
DA:514,0
DA:520,0
DA:523,0
DA:524,0
DA:525,0
DA:526,0
DA:527,0
DA:529,0
DA:530,0
DA:533,0
DA:534,0
DA:535,0
DA:536,0
DA:539,0
DA:543,0
DA:547,0
DA:548,0
DA:551,0
DA:552,0
DA:553,0
DA:554,0
DA:557,0
DA:559,0
DA:560,0
DA:565,0
DA:566,0
DA:569,0
DA:570,0
DA:571,0
DA:573,0
DA:578,0
DA:583,0
DA:584,0
DA:585,0
DA:587,0
DA:588,0
DA:591,0
DA:592,0
DA:593,0
DA:594,0
DA:597,0
DA:604,0
DA:605,0
DA:606,0
DA:610,0
DA:614,0
DA:615,0
DA:616,0
DA:619,0
DA:630,0
DA:631,0
DA:634,0
DA:640,0
DA:641,0
DA:644,0
DA:650,0
DA:651,0
DA:655,0
DA:656,0
DA:657,0
DA:658,0
DA:661,0
DA:662,0
DA:663,0
DA:665,0
DA:668,0
DA:669,0
DA:670,0
DA:671,0
DA:673,0
DA:676,0
DA:677,0
DA:679,0
DA:680,0
DA:681,0
DA:682,0
DA:683,0
DA:686,0
DA:687,0
DA:688,0
DA:689,0
DA:691,0
DA:692,0
DA:695,0
DA:700,0
DA:701,0
DA:702,0
DA:704,0
DA:705,0
DA:708,0
DA:709,0
DA:712,0
DA:716,0
DA:720,0
DA:721,0
DA:722,0
DA:723,0
DA:725,0
DA:726,0
DA:727,0
DA:728,0
DA:729,0
DA:731,0
DA:732,0
DA:735,0
DA:736,0
DA:739,0
DA:740,0
DA:743,0
DA:744,0
DA:745,0
DA:747,0
DA:748,0
DA:751,0
DA:758,0
DA:761,0
DA:764,0
DA:768,0
DA:769,0
DA:770,0
DA:773,0
DA:774,0
DA:775,0
DA:777,0
DA:778,0
DA:779,0
DA:781,0
DA:784,0
DA:785,0
DA:788,0
DA:789,0
DA:790,0
DA:792,0
DA:793,0
DA:794,0
DA:797,0
DA:801,0
DA:802,0
DA:805,0
DA:806,0
DA:807,0
DA:810,0
DA:815,0
DA:818,0
DA:819,0
DA:820,0
DA:824,0
DA:825,0
DA:826,0
DA:828,0
DA:829,0
DA:830,0
DA:831,0
DA:834,0
DA:835,0
DA:836,0
DA:839,0
DA:840,0
DA:843,0
DA:846,0
DA:850,0
DA:851,0
DA:852,0
DA:855,0
DA:856,0
DA:857,0
DA:858,0
DA:859,0
DA:862,0
DA:863,0
DA:864,0
DA:866,0
DA:869,0
DA:876,0
DA:877,0
DA:880,0
DA:881,0
DA:882,0
DA:883,0
DA:886,0
DA:887,0
DA:889,0
DA:890,0
DA:892,0
DA:893,0
DA:894,0
DA:897,0
DA:898,0
DA:902,0
DA:903,0
DA:905,0
DA:911,0
DA:914,0
DA:921,0
DA:925,0
DA:927,0
DA:928,0
DA:934,0
DA:935,0
DA:937,0
DA:938,0
DA:941,0
DA:945,0
DA:949,0
DA:951,0
DA:955,0
DA:959,0
DA:960,0
DA:962,0
DA:963,0
DA:965,0
DA:975,0
DA:976,0
DA:979,0
DA:980,0
DA:981,0
DA:982,0
DA:983,0
DA:984,0
DA:985,0
DA:987,0
DA:995,0
DA:996,0
DA:997,0
DA:998,0
DA:999,0
DA:1001,0
DA:1002,0
DA:1003,0
DA:1006,0
DA:1007,0
DA:1009,0
DA:1010,0
DA:1011,0
DA:1013,0
DA:1017,0
DA:1018,0
DA:1022,0
DA:1027,0
DA:1028,0
DA:1029,0
DA:1032,0
DA:1033,0
DA:1034,0
DA:1042,0
DA:1043,0
DA:1044,0
DA:1047,0
DA:1049,0
DA:1050,0
DA:1053,0
DA:1054,0
DA:1062,0
DA:1063,0
DA:1066,0
DA:1067,0
DA:1069,0
DA:1070,0
DA:1072,0
DA:1073,0
DA:1074,0
DA:1075,0
DA:1076,0
DA:1077,0
DA:1078,0
DA:1081,0
DA:1083,0
DA:1088,0
DA:1093,0
DA:1094,0
DA:1095,0
DA:1097,0
DA:1100,0
DA:1103,0
DA:1104,0
DA:1105,0
DA:1106,0
DA:1109,0
DA:1113,0
DA:1114,0
DA:1115,0
DA:1116,0
DA:1119,0
DA:1120,0
DA:1121,0
DA:1122,0
DA:1125,0
DA:1127,0
DA:1128,0
DA:1129,0
DA:1155,0
DA:1157,0
DA:1158,0
DA:1159,0
DA:1162,0
DA:1169,0
DA:1170,0
DA:1171,0
DA:1174,0
DA:1179,0
DA:1180,0
DA:1181,0
DA:1184,0
DA:1185,0
DA:1186,0
DA:1187,0
DA:1189,0
DA:1190,0
DA:1193,0
DA:1194,0
DA:1197,0
DA:1199,0
DA:1204,0
DA:1205,0
DA:1211,0
DA:1214,0
DA:1221,0
DA:1222,0
DA:1223,0
DA:1226,0
DA:1227,0
DA:1228,0
DA:1229,0
DA:1230,0
DA:1232,0
DA:1233,0
DA:1236,0
DA:1237,0
DA:1240,0
DA:1241,0
DA:1242,0
DA:1243,0
DA:1248,0
DA:1249,0
DA:1253,0
DA:1256,0
DA:1257,0
DA:1260,0
DA:1261,0
DA:1262,0
DA:1263,0
DA:1266,0
DA:1267,0
DA:1271,0
DA:1274,0
DA:1275,0
DA:1278,0
DA:1279,0
DA:1280,0
DA:1281,0
DA:1282,0
DA:1285,0
DA:1286,0
DA:1289,0
DA:1292,0
DA:1296,0
DA:1297,0
DA:1300,0
DA:1301,0
DA:1302,0
DA:1303,0
DA:1304,0
DA:1307,0
DA:1308,0
DA:1309,0
DA:1310,0
DA:1311,0
DA:1314,0
DA:1315,0
DA:1316,0
DA:1317,0
DA:1319,0
DA:1322,0
DA:1326,0
DA:1327,0
DA:1328,0
DA:1331,0
DA:1332,0
DA:1336,0
DA:1337,0
DA:1338,0
DA:1340,0
DA:1343,0
DA:1344,0
DA:1346,0
DA:1347,0
DA:1351,0
DA:1354,0
DA:1355,0
DA:1356,0
DA:1361,0
DA:1364,0
DA:1368,0
DA:1369,0
DA:1370,0
DA:1371,0
DA:1372,0
DA:1373,0
DA:1374,0
DA:1375,0
DA:1379,0
DA:1380,0
DA:1383,0
DA:1384,0
DA:1387,0
DA:1388,0
DA:1389,0
DA:1394,0
DA:1395,0
DA:1398,0
DA:1399,0
DA:1401,0
DA:1402,0
DA:1403,0
DA:1404,0
DA:1407,0
DA:1408,0
DA:1409,0
DA:1410,0
DA:1411,0
DA:1412,0
DA:1414,0
DA:1416,0
DA:1421,0
DA:1423,0
DA:1424,0
DA:1425,0
DA:1426,0
DA:1427,0
DA:1428,0
DA:1431,0
DA:1432,0
DA:1433,0
DA:1438,0
DA:1439,0
DA:1440,0
DA:1443,0
DA:1444,0
DA:1449,0
DA:1450,0
DA:1453,0
DA:1454,0
DA:1456,0
DA:1463,0
DA:1467,0
DA:1470,0
DA:1471,0
DA:1474,0
DA:1475,0
DA:1478,0
DA:1481,0
DA:1485,0
DA:1486,0
DA:1488,0
DA:1489,0
DA:1492,0
DA:1493,0
DA:1494,0
DA:1495,0
DA:1496,0
DA:1499,0
DA:1500,0
DA:1504,0
DA:1506,0
DA:1510,0
DA:1512,0
DA:1515,2
DA:1518,0
DA:1519,0
DA:1522,0
DA:1523,0
DA:1524,0
DA:1525,0
DA:1526,0
DA:1528,0
DA:1530,0
DA:1534,0
DA:1535,0
DA:1537,0
DA:1538,0
DA:1541,0
DA:1545,0
DA:1546,0
DA:1547,0
DA:1548,0
DA:1549,0
DA:1551,0
DA:1552,0
DA:1553,0
DA:1554,0
DA:1555,0
DA:1557,0
DA:1558,0
DA:1559,0
DA:1560,0
DA:1561,0
DA:1562,0
DA:1563,0
DA:1564,0
DA:1565,0
DA:1566,0
DA:1567,0
DA:1568,0
DA:1569,0
DA:1570,0
DA:1572,0
DA:1573,0
DA:1574,0
DA:1575,0
DA:1576,0
DA:1577,0
DA:1578,0
DA:1579,0
DA:1580,0
DA:1581,0
DA:1582,0
DA:1583,0
DA:1584,0
DA:1585,0
DA:1586,0
DA:1587,0
DA:1588,0
DA:1589,0
DA:1590,0
DA:1591,0
DA:1592,0
DA:1594,0
DA:1597,0
DA:1598,0
DA:1599,0
DA:1600,0
DA:1601,0
DA:1602,0
DA:1603,0
DA:1604,0
DA:1605,0
DA:1608,0
DA:1621,0
DA:1622,0
DA:1625,0
DA:1626,0
DA:1628,0
DA:1630,0
DA:1631,0
DA:1632,0
DA:1636,0
DA:1637,0
DA:1638,0
DA:1642,0
DA:1643,0
DA:1644,0
DA:1647,0
DA:1648,0
DA:1655,0
DA:1659,0
DA:1661,0
DA:1662,0
DA:1665,0
DA:1666,0
DA:1671,0
DA:1672,0
DA:1673,0
DA:1674,0
DA:1675,0
DA:1677,0
DA:1678,0
DA:1681,0
DA:1682,0
DA:1683,0
DA:1684,0
DA:1686,0
DA:1687,0
DA:1690,0
DA:1691,0
DA:1694,0
DA:1695,0
DA:1698,0
DA:1699,0
DA:1700,0
DA:1702,0
DA:1709,0
DA:1712,0
DA:1714,0
DA:1715,0
DA:1718,0
DA:1719,0
DA:1720,0
DA:1721,0
DA:1722,0
DA:1724,0
DA:1725,0
DA:1726,0
DA:1734,0
DA:1737,0
DA:1748,0
DA:1758,0
DA:1761,0
DA:1764,0
DA:1767,0
DA:1771,0
DA:1772,0
DA:1773,0
DA:1776,0
DA:1778,0
DA:1779,0
DA:1780,0
DA:1783,0
DA:1784,0
DA:1785,0
DA:1786,0
DA:1787,0
DA:1788,0
DA:1790,0
DA:1791,0
DA:1793,0
DA:1797,0
DA:1799,0
DA:1803,0
DA:1816,0
DA:1817,0
DA:1818,0
DA:1821,0
DA:1822,0
DA:1823,0
DA:1825,0
DA:1827,0
DA:1828,0
DA:1833,0
DA:1834,0
DA:1837,0
DA:1838,0
DA:1839,0
DA:1840,0
DA:1841,0
DA:1845,0
DA:1846,0
DA:1849,0
DA:1850,0
DA:1851,0
DA:1852,0
DA:1853,0
DA:1854,0
DA:1855,0
DA:1856,0
DA:1857,0
DA:1864,0
DA:1865,0
DA:1868,0
DA:1872,0
DA:1873,0
DA:1874,0
DA:1877,0
DA:1878,0
DA:1879,0
DA:1881,0
DA:1882,0
DA:1883,0
DA:1884,0
DA:1886,0
DA:1887,0
DA:1888,0
DA:1889,0
DA:1891,0
DA:1892,0
DA:1893,0
DA:1894,0
DA:1900,0
DA:1901,0
DA:1902,0
DA:1905,0
DA:1906,0
DA:1907,0
DA:1910,0
DA:1911,0
DA:1912,0
DA:1916,0
DA:1917,0
DA:1920,0
DA:1921,0
DA:1922,0
DA:1926,0
DA:1927,0
DA:1931,0
DA:1935,0
DA:1936,0
DA:1939,0
DA:1940,0
DA:1949,0
DA:1950,0
DA:1953,0
DA:1957,0
DA:1958,0
DA:1959,0
DA:1960,0
DA:1961,0
DA:1962,0
DA:1964,0
DA:1968,16
DA:1969,2
DA:1972,14
DA:1973,14
DA:1974,0
DA:1977,14
DA:1978,14
DA:1979,14
DA:1983,0
DA:1984,0
DA:1987,0
DA:1988,0
DA:1989,0
DA:1992,0
DA:1996,26
DA:1999,69
DA:2004,10
DA:2009,10
DA:2016,14
DA:2020,16
DA:2021,16
DA:2024,16
DA:2027,16
DA:2031,16
DA:2034,16
DA:2037,16
DA:2040,16
DA:2044,16
DA:2045,16
DA:2046,0
DA:2049,16
DA:2050,16
DA:2052,16
DA:2062,16
DA:2063,16
DA:2064,0
DA:2067,16
DA:2068,16
DA:2069,2
DA:2075,14
DA:2076,14
DA:2091,0
DA:2093,0
DA:2094,0
DA:2095,0
DA:2106,0
DA:2108,0
DA:2109,0
DA:2124,0
DA:2125,0
DA:2127,0
DA:2128,0
DA:2132,0
DA:2143,0
DA:2147,2
DA:2150,2
DA:2153,0
DA:2154,0
DA:2155,0
DA:2158,0
DA:2159,0
DA:2160,0
DA:2161,0
DA:2162,0
DA:2163,0
DA:2164,0
DA:2165,0
DA:2166,0
DA:2167,0
DA:2171,0
DA:2172,0
DA:2175,0
DA:2179,0
DA:2183,6
DA:2184,6
DA:2186,6
DA:2187,12
DA:2188,0
DA:2191,12
DA:2192,12
DA:2194,12
DA:2195,0
DA:2198,12
DA:2199,0
DA:2202,12
DA:2203,12
DA:2204,6
DA:2205,6
DA:2206,6
DA:2207,6
DA:2211,6
DA:2212,6
DA:2217,6
DA:2220,6
DA:2221,0
DA:2224,6
DA:2228,28
DA:2229,0
DA:2232,28
DA:2233,28
DA:2237,28
DA:2238,28
DA:2241,0
DA:2242,0
DA:2245,0
DA:2246,0
DA:2247,0
DA:2252,0
DA:2256,4
DA:2257,4
DA:2258,4
DA:2259,4
DA:2260,4
DA:2262,4
DA:2267,855
DA:2277,855
DA:2281,0
DA:2282,0
DA:2283,0
DA:2287,0
DA:2288,0
DA:2289,0
DA:2293,0
DA:2301,0
DA:2302,0
DA:2303,0
DA:2311,0
DA:2313,0
DA:2314,0
DA:2315,0
DA:2316,0
DA:2317,0
DA:2318,0
DA:2319,0
DA:2320,0
DA:2321,0
DA:2323,0
DA:2324,0
DA:2325,0
DA:2326,0
DA:2329,0
DA:2330,0
DA:2334,0
DA:2335,0
DA:2336,0
DA:2337,0
DA:2338,0
DA:2339,0
DA:2340,0
DA:2341,0
DA:2343,0
DA:2351,0
DA:2352,0
DA:2353,0
DA:2356,0
DA:2357,0
DA:2358,0
DA:2359,0
DA:2362,0
DA:2363,0
DA:2364,0
DA:2365,0
DA:2366,0
DA:2374,0
DA:2376,0
DA:2377,0
DA:2378,0
DA:2379,0
DA:2380,0
DA:2381,0
DA:2382,0
DA:2383,0
DA:2384,0
DA:2385,0
DA:2386,0
DA:2387,0
DA:2389,0
DA:2392,0
DA:2393,0
DA:2394,0
DA:2395,0
DA:2399,0
DA:2400,0
DA:2401,0
DA:2406,0
DA:2409,0
DA:2413,0
DA:2417,0
DA:2418,0
DA:2419,0
DA:2420,0
DA:2424,0
DA:2428,0
DA:2429,0
DA:2430,0
DA:2434,0
DA:2438,0
DA:2442,0
DA:2451,0
DA:2455,0
DA:2459,0
DA:2460,0
DA:2463,0
DA:2465,0
DA:2466,0
DA:2467,0
DA:2468,0
DA:2469,0
DA:2470,0
DA:2472,0
DA:2473,0
DA:2474,0
DA:2475,0
DA:2478,0
DA:2479,0
DA:2480,0
DA:2482,0
DA:2483,0
DA:2484,0
DA:2485,0
DA:2487,0
DA:2488,0
DA:2490,0
DA:2491,0
DA:2494,0
DA:2495,0
DA:2496,0
DA:2497,0
DA:2507,0
DA:2508,0
DA:2511,0
DA:2512,0
DA:2514,0
DA:2515,0
DA:2516,0
DA:2517,0
DA:2518,0
DA:2519,0
DA:2520,0
DA:2521,0
DA:2522,0
DA:2523,0
DA:2524,0
DA:2525,0
DA:2526,0
DA:2527,0
DA:2528,0
DA:2529,0
DA:2530,0
DA:2531,0
DA:2532,0
DA:2533,0
DA:2536,0
DA:2537,0
DA:2540,0
DA:2541,0
DA:2542,0
DA:2545,0
DA:2548,0
DA:2549,0
DA:2554,0
DA:2555,0
DA:2558,0
DA:2559,0
DA:2560,0
DA:2561,0
DA:2562,0
DA:2563,0
DA:2564,0
DA:2565,0
DA:2566,0
DA:2571,0
DA:2572,0
DA:2575,0
DA:2576,0
DA:2577,0
DA:2578,0
DA:2579,0
DA:2580,0
DA:2582,0
DA:2583,0
DA:2588,0
DA:2589,0
DA:2590,0
DA:2591,0
DA:2593,0
DA:2594,0
DA:2596,0
DA:2597,0
DA:2598,0
DA:2599,0
DA:2601,0
DA:2602,0
DA:2603,0
DA:2605,0
DA:2607,0
DA:2608,0
DA:2609,0
DA:2612,0
DA:2613,0
DA:2614,0
DA:2625,0
DA:2626,0
DA:2627,0
DA:2628,0
DA:2629,0
DA:2630,0
DA:2631,0
DA:2632,0
DA:2633,0
DA:2634,0
DA:2635,0
DA:2636,0
DA:2637,0
DA:2638,0
DA:2639,0
DA:2640,0
DA:2641,0
DA:2642,0
DA:2643,0
DA:2644,0
DA:2645,0
DA:2646,0
DA:2647,0
DA:2648,0
DA:2649,0
DA:2650,0
DA:2651,0
DA:2652,0
DA:2653,0
DA:2654,0
DA:2655,0
DA:2656,0
DA:2657,0
DA:2659,0
DA:2660,0
DA:2661,0
DA:2662,0
DA:2664,0
DA:2665,0
DA:2666,0
DA:2668,0
DA:2692,0
DA:2693,0
DA:2694,0
DA:2695,0
DA:2696,0
DA:2697,0
DA:2698,0
DA:2699,0
DA:2700,0
DA:2701,0
DA:2702,0
DA:2703,0
DA:2706,0
DA:2708,0
DA:2709,0
DA:2710,0
DA:2711,0
DA:2712,0
DA:2713,0
DA:2714,0
DA:2717,0
DA:2718,0
DA:2719,0
DA:2720,0
DA:2721,0
DA:2722,0
DA:2723,0
DA:2724,0
DA:2725,0
DA:2726,0
DA:2727,0
DA:2729,0
DA:2731,0
DA:2732,0
DA:2733,0
DA:2734,0
DA:2735,0
DA:2737,0
DA:2738,0
DA:2739,0
DA:2740,0
DA:2741,0
DA:2743,0
DA:2745,0
DA:2746,0
DA:2747,0
DA:2748,0
DA:2750,0
DA:2751,0
DA:2752,0
DA:2753,0
DA:2755,0
DA:2757,0
DA:2758,0
DA:2759,0
DA:2760,0
DA:2761,0
DA:2764,0
DA:2766,0
DA:2767,0
DA:2768,0
DA:2769,0
DA:2771,0
DA:2777,0
DA:2778,0
DA:2779,0
DA:2780,0
DA:2781,0
DA:2782,0
DA:2783,0
DA:2784,0
DA:2786,0
DA:2787,0
DA:2788,0
DA:2789,0
DA:2790,0
DA:2791,0
DA:2792,0
DA:2794,0
DA:2797,0
DA:2798,0
DA:2803,0
DA:2805,0
DA:2806,0
DA:2807,0
DA:2808,0
DA:2809,0
DA:2813,0
DA:2814,0
DA:2815,0
DA:2816,0
DA:2817,0
DA:2818,0
DA:2819,0
DA:2821,0
DA:2822,0
DA:2825,0
DA:2826,0
DA:2827,0
DA:2829,0
DA:2830,0
DA:2831,0
DA:2832,0
DA:2833,0
DA:2834,0
DA:2835,0
DA:2837,0
DA:2864,0
DA:2865,0
DA:2866,0
DA:2867,0
DA:2868,0
DA:2871,0
DA:2872,0
DA:2873,0
DA:2874,0
DA:2875,0
DA:2879,0
DA:2889,0
DA:2890,0
DA:2891,0
DA:2892,0
DA:2897,0
DA:2907,0
DA:2908,0
DA:2909,0
DA:2910,0
DA:2920,0
DA:2921,0
DA:2922,0
DA:2923,0
DA:2924,0
DA:2927,0
DA:2928,0
DA:2930,0
DA:2931,0
DA:2932,0
DA:2933,0
DA:2934,0
DA:2936,0
DA:2940,0
DA:2941,0
DA:2942,0
DA:2944,0
DA:2945,0
DA:2946,0
DA:2947,0
DA:2948,0
DA:2949,0
DA:2950,0
DA:2952,0
DA:2953,0
DA:2954,0
DA:2955,0
DA:2956,0
DA:2957,0
DA:2958,0
DA:2960,0
DA:2964,0
DA:2965,0
DA:2966,0
DA:2967,0
DA:2969,0
DA:2970,0
DA:2971,0
DA:2972,0
DA:2977,0
DA:2978,0
DA:2979,0
DA:2980,0
DA:2981,0
DA:2982,0
DA:2984,0
DA:2985,0
DA:2987,0
DA:2988,0
DA:2992,0
DA:2994,0
DA:2995,0
DA:2998,0
DA:2999,0
DA:3000,0
DA:3001,0
DA:3002,0
DA:3003,0
DA:3004,0
DA:3005,0
DA:3006,0
DA:3007,0
DA:3008,0
DA:3009,0
DA:3010,0
DA:3011,0
DA:3012,0
DA:3013,0
DA:3014,0
DA:3015,0
DA:3016,0
DA:3020,0
DA:3021,0
DA:3022,0
DA:3023,0
DA:3024,0
DA:3025,0
DA:3026,0
DA:3030,0
DA:3031,0
DA:3032,0
DA:3033,0
DA:3036,0
DA:3037,0
DA:3040,0
DA:3041,0
DA:3042,0
DA:3043,0
DA:3044,0
DA:3048,0
DA:3049,0
DA:3050,0
DA:3051,0
DA:3052,0
DA:3053,0
DA:3054,0
DA:3055,0
DA:3056,0
DA:3057,0
DA:3060,0
DA:3061,0
DA:3062,0
DA:3063,0
DA:3064,0
DA:3065,0
DA:3066,0
DA:3071,0
DA:3072,0
DA:3073,0
DA:3074,0
DA:3075,0
DA:3076,0
DA:3077,0
DA:3078,0
DA:3079,0
DA:3080,0
DA:3081,0
DA:3082,0
DA:3083,0
DA:3084,0
DA:3085,0
DA:3086,0
DA:3088,0
DA:3089,0
DA:3090,0
DA:3091,0
DA:3092,0
DA:3093,0
DA:3094,0
DA:3095,0
DA:3096,0
DA:3097,0
DA:3098,0
DA:3099,0
DA:3101,0
DA:3102,0
DA:3103,0
DA:3104,0
DA:3105,0
DA:3106,0
DA:3107,0
DA:3109,0
DA:3110,0
DA:3114,6
DA:3115,6
DA:3116,6
DA:3119,0
DA:3120,0
DA:3122,0
DA:3123,0
DA:3126,0
DA:3132,0
DA:3133,0
DA:3134,0
DA:3135,0
DA:3136,0
DA:3137,0
DA:3140,0
DA:3143,0
DA:3146,0
DA:3147,0
DA:3150,0
DA:3155,0
DA:3156,0
DA:3157,0
DA:3158,0
DA:3159,0
DA:3160,0
DA:3161,0
DA:3164,0
DA:3165,0
DA:3171,0
DA:3172,0
DA:3173,0
DA:3174,0
DA:3175,0
DA:3178,0
DA:3181,0
DA:3182,0
DA:3184,0
DA:3185,0
DA:3188,2
DA:3189,6
DA:3190,6
DA:3192,6
DA:3193,0
DA:3196,6
DA:3209,6
DA:3210,10
DA:3212,9
DA:3213,9
DA:3214,9
DA:3215,9
DA:3217,0
DA:3219,6
DA:3223,1
DA:3225,1
DA:3226,2
DA:3228,1
DA:3229,1
DA:3235,0
DA:3236,0
DA:3238,0
DA:3239,0
DA:3243,0
DA:3244,0
DA:3245,0
DA:3248,0
DA:3251,6
DA:3252,10
DA:3254,10
DA:3256,10
DA:3257,10
DA:3259,10
DA:3260,10
DA:3264,10
DA:3265,6
DA:3266,6
DA:3268,6
DA:3269,6
DA:3270,6
DA:3271,6
DA:3272,6
DA:3273,6
DA:3274,6
DA:3275,6
DA:3277,6
DA:3278,6
DA:3279,6
DA:3281,6
DA:3282,6
DA:3283,6
DA:3284,6
DA:3285,6
DA:3286,6
DA:3288,6
DA:3297,6
DA:3298,36
DA:3299,36
DA:3300,36
DA:3301,36
DA:3304,6
DA:3305,3
DA:3306,3
DA:3307,1
DA:3309,3
DA:3310,3
DA:3313,6
DA:3314,6
DA:3315,6
DA:3316,4
DA:3317,1
DA:3318,1
DA:3319,1
DA:3320,1
DA:3321,1
DA:3322,1
DA:3323,1
DA:3325,1
DA:3327,1
DA:3328,1
DA:3329,1
DA:3330,1
DA:3331,1
DA:3333,3
DA:3338,1
DA:3344,1
DA:3345,1
DA:3349,1
DA:3350,0
DA:3351,0
DA:3352,0
DA:3355,0
DA:3356,0
DA:3361,1
DA:3362,1
DA:3363,3
DA:3364,1
DA:3365,1
DA:3366,1
DA:3367,1
DA:3368,1
DA:3369,1
DA:3370,1
DA:3373,1
DA:3375,1
DA:3377,1
DA:3378,1
DA:3379,1
DA:3381,1
DA:3382,1
DA:3383,1
DA:3388,1
DA:3389,1
DA:3393,1
DA:3394,0
DA:3397,0
DA:3398,0
DA:3399,0
DA:3409,0
DA:3410,0
DA:3414,0
DA:3418,0
DA:3422,0
DA:3423,0
DA:3433,0
DA:3434,0
DA:3435,0
DA:3436,0
DA:3440,1
DA:3441,1
DA:3442,2
DA:3443,2
DA:3444,2
DA:3445,2
DA:3446,2
DA:3447,2
DA:3448,2
DA:3449,2
DA:3450,2
DA:3456,2
DA:3458,0
DA:3459,0
DA:3462,10
DA:3463,10
DA:3464,10
DA:3467,6
DA:3471,0
DA:3473,0
DA:3476,0
DA:3479,0
DA:3486,0
DA:3491,0
DA:3492,0
DA:3497,0
DA:3498,0
DA:3501,0
DA:3502,0
DA:3503,0
DA:3506,0
DA:3510,0
DA:3511,0
DA:3512,0
DA:3514,0
DA:3518,6
DA:3519,6
DA:3520,6
DA:3523,0
DA:3527,0
DA:3528,0
DA:3531,0
DA:3532,0
DA:3533,0
DA:3536,0
DA:3537,0
DA:3538,0
DA:3541,0
DA:3542,0
DA:3546,0
DA:3549,0
DA:3553,0
DA:3554,0
DA:3557,0
DA:3558,0
DA:3561,0
DA:3562,0
DA:3563,0
DA:3564,0
DA:3570,0
DA:3572,0
DA:3573,0
DA:3574,0
DA:3576,0
DA:3578,0
DA:3579,0
DA:3588,0
DA:3589,0
DA:3590,0
DA:3591,0
DA:3592,0
DA:3593,0
DA:3596,0
DA:3597,0
DA:3598,0
DA:3599,0
DA:3600,0
DA:3601,0
DA:3602,0
DA:3604,0
DA:3605,0
DA:3606,0
DA:3609,0
DA:3610,0
DA:3611,0
DA:3612,0
DA:3613,0
DA:3614,0
DA:3615,0
DA:3616,0
DA:3617,0
DA:3618,0
DA:3619,0
DA:3622,0
DA:3623,0
DA:3624,0
DA:3625,0
DA:3626,0
DA:3628,0
DA:3629,0
DA:3631,0
DA:3632,0
DA:3633,0
DA:3634,0
DA:3642,0
DA:3645,0
DA:3648,0
DA:3652,0
DA:3653,0
DA:3656,0
DA:3657,0
DA:3658,0
DA:3659,0
DA:3665,0
DA:3666,0
DA:3667,0
DA:3668,0
DA:3669,0
DA:3670,0
DA:3671,0
DA:3672,0
DA:3673,0
DA:3674,0
DA:3675,0
DA:3676,0
DA:3677,0
DA:3678,0
DA:3679,0
DA:3680,0
DA:3681,0
DA:3682,0
DA:3683,0
DA:3684,0
DA:3685,0
DA:3686,0
DA:3687,0
DA:3688,0
DA:3690,0
DA:3691,0
DA:3692,0
DA:3693,0
DA:3694,0
DA:3695,0
DA:3696,0
DA:3697,0
DA:3698,0
DA:3699,0
DA:3700,0
DA:3701,0
DA:3702,0
DA:3703,0
DA:3704,0
DA:3705,0
DA:3706,0
DA:3707,0
DA:3708,0
DA:3709,0
DA:3710,0
DA:3711,0
DA:3712,0
DA:3713,0
DA:3714,0
DA:3715,0
DA:3716,0
DA:3717,0
DA:3718,0
DA:3720,0
DA:3721,0
DA:3722,0
DA:3723,0
DA:3724,0
DA:3725,0
DA:3726,0
DA:3727,0
DA:3728,0
DA:3732,0
DA:3733,0
DA:3734,0
DA:3735,0
DA:3736,0
DA:3737,0
DA:3738,0
DA:3739,0
DA:3740,0
DA:3741,0
DA:3742,0
DA:3743,0
DA:3745,0
DA:3746,0
DA:3747,0
DA:3748,0
DA:3749,0
DA:3750,0
DA:3751,0
DA:3752,0
DA:3753,0
DA:3754,0
DA:3755,0
DA:3757,0
DA:3758,0
DA:3759,0
DA:3760,0
DA:3762,0
DA:3763,0
DA:3764,0
DA:3765,0
DA:3766,0
DA:3767,0
DA:3768,0
DA:3769,0
DA:3770,0
DA:3771,0
DA:3772,0
DA:3773,0
DA:3774,0
DA:3775,0
DA:3777,0
DA:3778,0
DA:3779,0
DA:3780,0
DA:3781,0
DA:3782,0
DA:3783,0
DA:3784,0
DA:3785,0
DA:3786,0
DA:3787,0
DA:3788,0
DA:3789,0
DA:3790,0
DA:3791,0
DA:3792,0
DA:3793,0
DA:3794,0
DA:3795,0
DA:3796,0
DA:3797,0
DA:3798,0
DA:3799,0
DA:3800,0
DA:3801,0
DA:3802,0
DA:3803,0
DA:3804,0
DA:3805,0
DA:3806,0
DA:3807,0
DA:3808,0
DA:3809,0
DA:3810,0
DA:3811,0
DA:3812,0
DA:3813,0
DA:3814,0
DA:3815,0
DA:3816,0
DA:3817,0
DA:3818,0
DA:3819,0
DA:3820,0
DA:3821,0
DA:3822,0
DA:3823,0
DA:3824,0
DA:3825,0
DA:3826,0
DA:3827,0
DA:3828,0
DA:3829,0
DA:3830,0
DA:3831,0
DA:3832,0
DA:3833,0
DA:3834,0
DA:3835,0
DA:3836,0
DA:3837,0
DA:3838,0
DA:3839,0
DA:3840,0
DA:3841,0
DA:3842,0
DA:3843,0
DA:3844,0
DA:3845,0
DA:3846,0
DA:3848,0
DA:3849,0
DA:3851,0
DA:3852,0
DA:3853,0
DA:3855,0
DA:3856,0
DA:3857,0
DA:3858,0
DA:3859,0
DA:3860,0
DA:3861,0
DA:3862,0
DA:3863,0
DA:3866,0
DA:3867,0
DA:3868,0
DA:3869,0
DA:3870,0
DA:3871,0
DA:3874,0
DA:3875,0
DA:3876,0
DA:3878,0
DA:3879,0
DA:3881,0
DA:3882,0
DA:3883,0
DA:3884,0
DA:3886,0
DA:3887,0
DA:3889,0
DA:3890,0
DA:3891,0
DA:3892,0
DA:3893,0
DA:3896,0
DA:3897,0
DA:3898,0
DA:3899,0
DA:3900,0
DA:3903,0
DA:3907,0
DA:3908,0
DA:3910,0
DA:3911,0
DA:3912,0
DA:3913,0
DA:3914,0
DA:3917,0
DA:3918,0
DA:3919,0
DA:3920,0
DA:3921,0
DA:3924,0
DA:3928,0
DA:3929,0
DA:3931,0
DA:3932,0
DA:3933,0
DA:3934,0
DA:3935,0
DA:3937,0
DA:3938,0
DA:3940,0
DA:3941,0
DA:3942,0
DA:3944,0
DA:3945,0
DA:3946,0
DA:3948,0
DA:3949,0
DA:3950,0
DA:3951,0
DA:3953,0
DA:3957,0
DA:3958,0
DA:3961,0
DA:3962,0
DA:3963,0
DA:3964,0
DA:3965,0
DA:3966,0
DA:3967,0
DA:3968,0
DA:3969,0
DA:3970,0
DA:3971,0
DA:3973,0
DA:3974,0
DA:3977,0
DA:3980,0
DA:3981,0
DA:3983,0
DA:3985,0
DA:3986,0
DA:3987,0
DA:3988,0
DA:3989,0
DA:3990,0
DA:3991,0
DA:3992,0
DA:3993,0
DA:3994,0
DA:3995,0
DA:3996,0
DA:3997,0
DA:3998,0
DA:3999,0
DA:4000,0
DA:4001,0
DA:4002,0
DA:4003,0
DA:4004,0
DA:4005,0
DA:4006,0
DA:4007,0
DA:4008,0
DA:4009,0
DA:4010,0
DA:4011,0
DA:4012,0
DA:4013,0
DA:4014,0
DA:4048,0
DA:4049,0
DA:4050,0
DA:4051,0
DA:4052,0
DA:4053,0
DA:4054,0
DA:4055,0
DA:4056,0
DA:4057,0
DA:4058,0
DA:4059,0
DA:4060,0
DA:4061,0
DA:4062,0
DA:4063,0
DA:4064,0
DA:4065,0
DA:4066,0
DA:4067,0
DA:4068,0
DA:4069,0
DA:4070,0
DA:4071,0
DA:4072,0
DA:4074,0
DA:4075,0
DA:4080,0
DA:4081,0
DA:4084,0
DA:4087,0
DA:4089,0
DA:4090,0
DA:4093,0
DA:4094,0
DA:4095,0
DA:4096,0
DA:4097,0
DA:4098,0
DA:4099,0
DA:4103,1
DA:4104,0
DA:4107,1
DA:4109,1
DA:4110,0
DA:4112,1
DA:4116,1
DA:4117,0
DA:4120,1
DA:4129,3
DA:4130,0
DA:4133,3
DA:4135,3
DA:4136,0
DA:4138,3
DA:4139,3
DA:4140,3
DA:4144,0
DA:4145,0
DA:4148,0
DA:4150,0
DA:4154,0
DA:4155,0
DA:4158,0
DA:4159,0
DA:4161,0
DA:4163,0
DA:4164,0
DA:4166,0
DA:4169,2
DA:4170,6
DA:4171,0
DA:4173,6
DA:4175,6
DA:4179,6
DA:4180,6
DA:4181,6
DA:4182,6
DA:4184,6
DA:4185,15
DA:4187,15
DA:4191,15
DA:4192,6
DA:4193,9
DA:4195,0
DA:4198,0
DA:4203,0
DA:4204,0
DA:4205,0
DA:4208,0
DA:4212,0
DA:4215,0
DA:4224,0
DA:4225,0
DA:4226,0
DA:4227,0
DA:4229,9
DA:4231,0
DA:4234,0
DA:4239,0
DA:4240,0
DA:4242,0
DA:4243,0
DA:4244,0
DA:4245,0
DA:4246,0
DA:4247,0
DA:4256,0
DA:4260,9
DA:4261,4
DA:4262,4
DA:4263,0
DA:4267,4
DA:4274,4
DA:4275,4
DA:4277,4
DA:4278,4
DA:4279,4
DA:4280,4
DA:4284,4
DA:4285,4
DA:4286,4
DA:4287,4
DA:4288,4
DA:4289,4
DA:4290,4
DA:4291,4
DA:4292,5
DA:4293,2
DA:4294,2
DA:4295,0
DA:4298,2
DA:4299,2
DA:4300,2
DA:4301,2
DA:4302,2
DA:4303,2
DA:4305,2
DA:4308,3
DA:4311,3
DA:4317,0
DA:4320,0
DA:4321,0
DA:4322,0
DA:4331,0
DA:4332,0
DA:4333,0
DA:4334,0
DA:4335,0
DA:4336,0
DA:4339,0
DA:4344,0
DA:4345,0
DA:4346,0
DA:4347,0
DA:4348,0
DA:4349,0
DA:4350,0
DA:4352,0
DA:4353,0
DA:4358,0
DA:4363,9
DA:4364,0
DA:4367,9
DA:4369,9
DA:4372,9
DA:4377,9
DA:4382,9
DA:4383,9
DA:4385,9
DA:4387,9
DA:4389,9
DA:4391,9
DA:4394,9
DA:4398,9
DA:4400,9
DA:4401,138
DA:4403,0
DA:4405,0
DA:4406,0
DA:4408,0
DA:4409,0
DA:4416,2
DA:4417,18
DA:4419,18
DA:4420,1
DA:4423,17
DA:4424,17
DA:4425,17
DA:4426,40
DA:4427,0
DA:4430,40
DA:4431,40
DA:4433,40
DA:4434,0
DA:4437,40
DA:4438,1
DA:4441,39
DA:4442,39
DA:4445,16
DA:4447,16
DA:4448,16
DA:4450,16
DA:4454,16
DA:4455,16
DA:4460,23
DA:4463,17
DA:4464,1
DA:4467,16
DA:4469,16
DA:4471,16
DA:4473,16
DA:4474,14
DA:4475,2
DA:4476,1
DA:4479,15
DA:4481,15
DA:4482,1
DA:4485,14
DA:4488,14
DA:4490,14
DA:4494,42
DA:4496,42
DA:4498,42
DA:4500,42
DA:4501,855
DA:4502,855
DA:4503,855
DA:4504,855
DA:4505,855
DA:4507,855
DA:4509,855
DA:4511,279
DA:4513,98
DA:4515,181
DA:4516,181
DA:4519,279
DA:4520,279
DA:4521,3093
DA:4523,3093
DA:4524,279
DA:4527,2814
DA:4530,279
DA:4537,576
DA:4540,252
DA:4541,252
DA:4542,252
DA:4543,252
DA:4545,378
DA:4549,378
DA:4552,378
DA:4557,252
DA:4558,196
DA:4559,196
DA:4561,56
DA:4562,182
DA:4566,252
DA:4573,324
DA:4574,72
DA:4575,70
DA:4577,2
DA:4578,2
DA:4580,72
DA:4581,72
DA:4582,732
DA:4585,72
DA:4592,252
DA:4593,252
DA:4594,252
DA:4595,238
DA:4597,14
DA:4598,14
DA:4601,252
DA:4602,252
DA:4603,294
DA:4604,294
DA:4611,252
DA:4613,252
DA:4624,0
DA:4632,855
DA:4635,42
DA:4637,42
DA:4641,84
DA:4642,84
DA:4657,42
DA:4658,42
DA:4659,0
DA:4662,42
DA:4664,42
DA:4683,14
DA:4685,14
DA:4686,14
DA:4687,13
DA:4700,14
DA:4702,14
DA:4704,14
DA:4705,14
DA:4706,14
DA:4709,14
DA:4710,14
DA:4711,14
DA:4714,14
DA:4715,14
DA:4716,14
DA:4725,14
DA:4733,14
DA:4742,0
DA:4752,14
DA:4753,14
DA:4754,14
DA:4755,14
DA:4756,14
DA:4757,14
DA:4758,14
DA:4759,14
DA:4760,14
DA:4761,14
DA:4762,14
DA:4765,14
DA:4769,14
DA:4770,14
DA:4774,14
DA:4775,14
DA:4790,14
DA:4791,14
DA:4795,14
DA:4796,14
DA:4811,14
DA:4813,14
DA:4814,14
DA:4828,14
DA:4829,14
DA:4830,14
DA:4831,14
DA:4833,14
DA:4838,14
DA:4839,14
DA:4841,14
DA:4859,0
DA:4860,0
DA:4872,0
DA:4873,0
DA:4887,14
LF:2381
LH:453
BRDA:186,0,0,0
BRDA:186,0,1,2
BRDA:250,1,0,0
BRDA:250,1,1,0
BRDA:268,2,0,0
BRDA:268,2,1,0
BRDA:268,3,0,0
BRDA:268,3,1,0
BRDA:273,4,0,0
BRDA:273,4,1,0
BRDA:278,5,0,0
BRDA:278,5,1,0
BRDA:278,6,0,0
BRDA:278,6,1,0
BRDA:283,7,0,0
BRDA:283,7,1,0
BRDA:283,8,0,0
BRDA:283,8,1,0
BRDA:289,9,0,0
BRDA:289,9,1,0
BRDA:296,10,0,0
BRDA:296,10,1,0
BRDA:301,11,0,0
BRDA:301,11,1,0
BRDA:308,12,0,0
BRDA:308,12,1,0
BRDA:326,13,0,0
BRDA:326,13,1,0
BRDA:330,14,0,0
BRDA:330,14,1,0
BRDA:335,15,0,0
BRDA:335,15,1,0
BRDA:335,15,2,0
BRDA:335,15,3,0
BRDA:335,15,4,0
BRDA:335,15,5,0
BRDA:335,15,6,0
BRDA:335,15,7,0
BRDA:363,16,0,0
BRDA:363,16,1,0
BRDA:367,17,0,0
BRDA:367,17,1,0
BRDA:376,18,0,0
BRDA:376,18,1,0
BRDA:376,19,0,0
BRDA:376,19,1,0
BRDA:401,20,0,0
BRDA:401,20,1,0
BRDA:411,21,0,0
BRDA:411,21,1,0
BRDA:414,22,0,0
BRDA:414,22,1,0
BRDA:417,23,0,0
BRDA:417,23,1,0
BRDA:424,24,0,0
BRDA:424,24,1,0
BRDA:433,25,0,0
BRDA:433,25,1,0
BRDA:440,26,0,0
BRDA:440,26,1,0
BRDA:444,27,0,0
BRDA:444,27,1,0
BRDA:446,28,0,0
BRDA:446,28,1,0
BRDA:451,29,0,0
BRDA:451,29,1,0
BRDA:467,30,0,0
BRDA:467,30,1,0
BRDA:467,31,0,0
BRDA:467,31,1,0
BRDA:468,32,0,0
BRDA:468,32,1,0
BRDA:477,33,0,0
BRDA:477,33,1,0
BRDA:488,34,0,0
BRDA:488,34,1,0
BRDA:488,35,0,0
BRDA:488,35,1,0
BRDA:499,36,0,0
BRDA:499,36,1,0
BRDA:499,37,0,0
BRDA:499,37,1,0
BRDA:508,38,0,0
BRDA:508,38,1,0
BRDA:508,39,0,0
BRDA:508,39,1,0
BRDA:512,40,0,0
BRDA:512,40,1,0
BRDA:526,41,0,0
BRDA:526,41,1,0
BRDA:526,42,0,0
BRDA:526,42,1,0
BRDA:547,43,0,0
BRDA:547,43,1,0
BRDA:553,44,0,0
BRDA:553,44,1,0
BRDA:565,45,0,0
BRDA:565,45,1,0
BRDA:587,46,0,0
BRDA:587,46,1,0
BRDA:591,47,0,0
BRDA:591,47,1,0
BRDA:615,48,0,0
BRDA:615,48,1,0
BRDA:630,49,0,0
BRDA:630,49,1,0
BRDA:640,50,0,0
BRDA:640,50,1,0
BRDA:647,51,0,0
BRDA:647,51,1,0
BRDA:657,52,0,0
BRDA:657,52,1,0
BRDA:657,53,0,0
BRDA:657,53,1,0
BRDA:662,54,0,0
BRDA:662,54,1,0
BRDA:670,55,0,0
BRDA:670,55,1,0
BRDA:681,56,0,0
BRDA:681,56,1,0
BRDA:681,57,0,0
BRDA:681,57,1,0
BRDA:681,57,2,0
BRDA:701,58,0,0
BRDA:701,58,1,0
BRDA:704,59,0,0
BRDA:704,59,1,0
BRDA:708,60,0,0
BRDA:708,60,1,0
BRDA:731,61,0,0
BRDA:731,61,1,0
BRDA:735,62,0,0
BRDA:735,62,1,0
BRDA:739,63,0,0
BRDA:739,63,1,0
BRDA:747,64,0,0
BRDA:747,64,1,0
BRDA:751,65,0,0
BRDA:751,65,1,0
BRDA:752,66,0,0
BRDA:752,66,1,0
BRDA:752,66,2,0
BRDA:769,67,0,0
BRDA:769,67,1,0
BRDA:778,68,0,0
BRDA:778,68,1,0
BRDA:784,69,0,0
BRDA:784,69,1,0
BRDA:801,70,0,0
BRDA:801,70,1,0
BRDA:806,71,0,0
BRDA:806,71,1,0
BRDA:810,72,0,0
BRDA:810,72,1,0
BRDA:811,73,0,0
BRDA:811,73,1,0
BRDA:811,73,2,0
BRDA:811,73,3,0
BRDA:820,74,0,0
BRDA:820,74,1,0
BRDA:830,75,0,0
BRDA:830,75,1,0
BRDA:830,76,0,0
BRDA:830,76,1,0
BRDA:835,77,0,0
BRDA:835,77,1,0
BRDA:839,78,0,0
BRDA:839,78,1,0
BRDA:839,79,0,0
BRDA:839,79,1,0
BRDA:851,80,0,0
BRDA:851,80,1,0
BRDA:851,81,0,0
BRDA:851,81,1,0
BRDA:851,81,2,0
BRDA:858,82,0,0
BRDA:858,82,1,0
BRDA:863,83,0,0
BRDA:863,83,1,0
BRDA:876,84,0,0
BRDA:876,84,1,0
BRDA:905,85,0,0
BRDA:905,85,1,0
BRDA:906,86,0,0
BRDA:906,86,1,0
BRDA:906,86,2,0
BRDA:906,86,3,0
BRDA:921,87,0,0
BRDA:921,87,1,0
BRDA:926,88,0,0
BRDA:926,88,1,0
BRDA:935,89,0,0
BRDA:935,89,1,0
BRDA:937,90,0,0
BRDA:937,90,1,0
BRDA:937,91,0,0
BRDA:937,91,1,0
BRDA:945,92,0,0
BRDA:945,92,1,0
BRDA:946,93,0,0
BRDA:946,93,1,0
BRDA:951,94,0,0
BRDA:951,94,1,0
BRDA:951,95,0,0
BRDA:951,95,1,0
BRDA:958,96,0,0
BRDA:962,97,0,0
BRDA:962,97,1,0
BRDA:975,98,0,0
BRDA:975,98,1,0
BRDA:1002,99,0,0
BRDA:1002,99,1,0
BRDA:1014,100,0,0
BRDA:1014,100,1,0
BRDA:1028,101,0,0
BRDA:1028,101,1,0
BRDA:1049,102,0,0
BRDA:1049,102,1,0
BRDA:1049,103,0,0
BRDA:1049,103,1,0
BRDA:1076,104,0,0
BRDA:1076,104,1,0
BRDA:1095,105,0,0
BRDA:1095,105,1,0
BRDA:1157,106,0,0
BRDA:1157,106,1,0
BRDA:1180,107,0,0
BRDA:1180,107,1,0
BRDA:1180,108,0,0
BRDA:1180,108,1,0
BRDA:1189,109,0,0
BRDA:1189,109,1,0
BRDA:1189,110,0,0
BRDA:1189,110,1,0
BRDA:1193,111,0,0
BRDA:1193,111,1,0
BRDA:1199,112,0,0
BRDA:1199,112,1,0
BRDA:1199,112,2,0
BRDA:1199,112,3,0
BRDA:1199,112,4,0
BRDA:1199,112,5,0
BRDA:1199,112,6,0
BRDA:1199,112,7,0
BRDA:1204,113,0,0
BRDA:1204,113,1,0
BRDA:1204,114,0,0
BRDA:1204,114,1,0
BRDA:1222,115,0,0
BRDA:1222,115,1,0
BRDA:1222,116,0,0
BRDA:1222,116,1,0
BRDA:1232,117,0,0
BRDA:1232,117,1,0
BRDA:1232,118,0,0
BRDA:1232,118,1,0
BRDA:1236,119,0,0
BRDA:1236,119,1,0
BRDA:1241,120,0,0
BRDA:1241,120,1,0
BRDA:1243,121,0,0
BRDA:1243,121,1,0
BRDA:1244,122,0,0
BRDA:1244,122,1,0
BRDA:1244,122,2,0
BRDA:1256,123,0,0
BRDA:1256,123,1,0
BRDA:1256,124,0,0
BRDA:1256,124,1,0
BRDA:1262,125,0,0
BRDA:1262,125,1,0
BRDA:1262,126,0,0
BRDA:1262,126,1,0
BRDA:1266,127,0,0
BRDA:1266,127,1,0
BRDA:1274,128,0,0
BRDA:1274,128,1,0
BRDA:1281,129,0,0
BRDA:1281,129,1,0
BRDA:1285,130,0,0
BRDA:1285,130,1,0
BRDA:1296,131,0,0
BRDA:1296,131,1,0
BRDA:1303,132,0,0
BRDA:1303,132,1,0
BRDA:1307,133,0,0
BRDA:1307,133,1,0
BRDA:1310,134,0,0
BRDA:1310,134,1,0
BRDA:1314,135,0,0
BRDA:1314,135,1,0
BRDA:1314,136,0,0
BRDA:1314,136,1,0
BRDA:1316,137,0,0
BRDA:1316,137,1,0
BRDA:1327,138,0,0
BRDA:1327,138,1,0
BRDA:1340,139,0,0
BRDA:1340,139,1,0
BRDA:1346,140,0,0
BRDA:1346,140,1,0
BRDA:1355,141,0,0
BRDA:1355,141,1,0
BRDA:1355,142,0,0
BRDA:1355,142,1,0
BRDA:1379,143,0,0
BRDA:1379,143,1,0
BRDA:1383,144,0,0
BRDA:1383,144,1,0
BRDA:1394,145,0,0
BRDA:1394,145,1,0
BRDA:1398,146,0,0
BRDA:1398,146,1,0
BRDA:1403,147,0,0
BRDA:1403,147,1,0
BRDA:1403,148,0,0
BRDA:1403,148,1,0
BRDA:1411,149,0,0
BRDA:1411,149,1,0
BRDA:1411,150,0,0
BRDA:1411,150,1,0
BRDA:1424,151,0,0
BRDA:1424,151,1,0
BRDA:1425,152,0,0
BRDA:1425,152,1,0
BRDA:1427,153,0,0
BRDA:1427,153,1,0
BRDA:1432,154,0,0
BRDA:1432,154,1,0
BRDA:1439,155,0,0
BRDA:1439,155,1,0
BRDA:1449,156,0,0
BRDA:1449,156,1,0
BRDA:1453,157,0,0
BRDA:1453,157,1,0
BRDA:1454,158,0,0
BRDA:1454,158,1,0
BRDA:1457,159,0,0
BRDA:1457,159,1,0
BRDA:1457,159,2,0
BRDA:1463,160,0,0
BRDA:1463,160,1,0
BRDA:1464,161,0,0
BRDA:1464,161,1,0
BRDA:1470,162,0,0
BRDA:1470,162,1,0
BRDA:1474,163,0,0
BRDA:1474,163,1,0
BRDA:1488,164,0,0
BRDA:1488,164,1,0
BRDA:1488,165,0,0
BRDA:1488,165,1,0
BRDA:1488,165,2,0
BRDA:1495,166,0,0
BRDA:1495,166,1,0
BRDA:1518,167,0,0
BRDA:1518,167,1,0
BRDA:1526,168,0,0
BRDA:1526,168,1,0
BRDA:1621,169,0,0
BRDA:1621,169,1,0
BRDA:1643,170,0,0
BRDA:1643,170,1,0
BRDA:1643,171,0,0
BRDA:1643,171,1,0
BRDA:1661,172,0,0
BRDA:1661,172,1,0
BRDA:1661,173,0,0
BRDA:1661,173,1,0
BRDA:1678,174,0,0
BRDA:1678,174,1,0
BRDA:1678,175,0,0
BRDA:1678,175,1,0
BRDA:1686,176,0,0
BRDA:1686,176,1,0
BRDA:1690,177,0,0
BRDA:1690,177,1,0
BRDA:1694,178,0,0
BRDA:1694,178,1,0
BRDA:1702,179,0,0
BRDA:1702,179,1,0
BRDA:1703,180,0,0
BRDA:1703,180,1,0
BRDA:1703,180,2,0
BRDA:1714,181,0,0
BRDA:1714,181,1,0
BRDA:1734,182,0,0
BRDA:1734,182,1,0
BRDA:1734,182,2,0
BRDA:1734,182,3,0
BRDA:1748,183,0,0
BRDA:1748,183,1,0
BRDA:1749,184,0,0
BRDA:1749,184,1,0
BRDA:1749,184,2,0
BRDA:1749,184,3,0
BRDA:1749,184,4,0
BRDA:1749,184,5,0
BRDA:1749,184,6,0
BRDA:1749,184,7,0
BRDA:1771,185,0,0
BRDA:1771,185,1,0
BRDA:1771,186,0,0
BRDA:1771,186,1,0
BRDA:1779,187,0,0
BRDA:1779,187,1,0
BRDA:1779,188,0,0
BRDA:1779,188,1,0
BRDA:1793,189,0,0
BRDA:1793,189,1,0
BRDA:1794,190,0,0
BRDA:1794,190,1,0
BRDA:1808,191,0,0
BRDA:1808,191,1,0
BRDA:1816,192,0,0
BRDA:1816,192,1,0
BRDA:1827,193,0,0
BRDA:1827,193,1,0
BRDA:1833,194,0,0
BRDA:1833,194,1,0
BRDA:1845,195,0,0
BRDA:1845,195,1,0
BRDA:1865,196,0,0
BRDA:1865,196,1,0
BRDA:1873,197,0,0
BRDA:1873,197,1,0
BRDA:1878,198,0,0
BRDA:1878,198,1,0
BRDA:1881,199,0,0
BRDA:1881,199,1,0
BRDA:1883,200,0,0
BRDA:1883,200,1,0
BRDA:1891,201,0,0
BRDA:1891,201,1,0
BRDA:1893,202,0,0
BRDA:1893,202,1,0
BRDA:1901,203,0,0
BRDA:1901,203,1,0
BRDA:1905,204,0,0
BRDA:1905,204,1,0
BRDA:1905,205,0,0
BRDA:1905,205,1,0
BRDA:1916,206,0,0
BRDA:1916,206,1,0
BRDA:1935,207,0,0
BRDA:1935,207,1,0
BRDA:1939,208,0,0
BRDA:1949,209,0,0
BRDA:1949,209,1,0
BRDA:1968,210,0,2
BRDA:1968,210,1,14
BRDA:1973,211,0,0
BRDA:1973,211,1,14
BRDA:1979,212,0,14
BRDA:1979,212,1,0
BRDA:1983,213,0,0
BRDA:1983,213,1,0
BRDA:1988,214,0,0
BRDA:1988,214,1,0
BRDA:1997,215,0,26
BRDA:1997,215,1,6
BRDA:1997,215,2,6
BRDA:1999,216,0,69
BRDA:1999,216,1,20
BRDA:2004,217,0,10
BRDA:2004,217,1,0
BRDA:2009,218,0,10
BRDA:2009,218,1,0
BRDA:2019,219,0,2
BRDA:2020,220,0,14
BRDA:2020,220,1,2
BRDA:2021,221,0,14
BRDA:2021,221,1,2
BRDA:2024,222,0,14
BRDA:2024,222,1,2
BRDA:2030,223,0,2
BRDA:2031,224,0,14
BRDA:2031,224,1,2
BRDA:2034,225,0,14
BRDA:2034,225,1,2
BRDA:2037,226,0,14
BRDA:2037,226,1,2
BRDA:2045,227,0,0
BRDA:2045,227,1,16
BRDA:2045,228,0,16
BRDA:2045,228,1,16
BRDA:2045,228,2,16
BRDA:2053,229,0,16
BRDA:2053,229,1,0
BRDA:2063,230,0,0
BRDA:2063,230,1,16
BRDA:2068,231,0,2
BRDA:2068,231,1,14
BRDA:2093,232,0,0
BRDA:2093,232,1,0
BRDA:2127,233,0,0
BRDA:2127,233,1,0
BRDA:2153,234,0,0
BRDA:2153,234,1,0
BRDA:2171,235,0,0
BRDA:2171,235,1,0
BRDA:2187,236,0,0
BRDA:2187,236,1,12
BRDA:2194,237,0,0
BRDA:2194,237,1,12
BRDA:2198,238,0,0
BRDA:2198,238,1,12
BRDA:2203,239,0,6
BRDA:2203,239,1,6
BRDA:2205,240,0,6
BRDA:2205,240,1,0
BRDA:2207,241,0,6
BRDA:2207,241,1,0
BRDA:2208,242,0,6
BRDA:2208,242,1,6
BRDA:2220,243,0,0
BRDA:2220,243,1,6
BRDA:2228,244,0,0
BRDA:2228,244,1,28
BRDA:2228,245,0,28
BRDA:2228,245,1,28
BRDA:2233,246,0,14
BRDA:2233,246,1,14
BRDA:2233,247,0,28
BRDA:2233,247,1,27
BRDA:2237,248,0,28
BRDA:2237,248,1,0
BRDA:2238,249,0,28
BRDA:2238,249,1,0
BRDA:2241,250,0,0
BRDA:2241,250,1,0
BRDA:2242,251,0,0
BRDA:2242,251,1,0
BRDA:2245,252,0,0
BRDA:2245,252,1,0
BRDA:2247,253,0,0
BRDA:2247,253,1,0
BRDA:2267,254,0,351
BRDA:2267,254,1,504
BRDA:2267,255,0,855
BRDA:2267,255,1,841
BRDA:2267,255,2,562
BRDA:2267,255,3,562
BRDA:2269,256,0,196
BRDA:2269,256,1,308
BRDA:2269,257,0,504
BRDA:2269,257,1,308
BRDA:2271,258,0,56
BRDA:2271,258,1,252
BRDA:2271,259,0,308
BRDA:2271,259,1,252
BRDA:2271,259,2,252
BRDA:2273,260,0,252
BRDA:2273,260,1,0
BRDA:2273,261,0,252
BRDA:2273,261,1,42
BRDA:2273,261,2,0
BRDA:2313,262,0,0
BRDA:2313,262,1,0
BRDA:2317,263,0,0
BRDA:2317,263,1,0
BRDA:2318,264,0,0
BRDA:2318,264,1,0
BRDA:2320,265,0,0
BRDA:2320,265,1,0
BRDA:2326,266,0,0
BRDA:2326,266,1,0
BRDA:2343,267,0,0
BRDA:2343,267,1,0
BRDA:2343,268,0,0
BRDA:2343,268,1,0
BRDA:2345,269,0,0
BRDA:2345,269,1,0
BRDA:2345,270,0,0
BRDA:2345,270,1,0
BRDA:2347,271,0,0
BRDA:2347,271,1,0
BRDA:2352,272,0,0
BRDA:2352,272,1,0
BRDA:2357,273,0,0
BRDA:2357,273,1,0
BRDA:2376,274,0,0
BRDA:2376,274,1,0
BRDA:2378,275,0,0
BRDA:2378,275,1,0
BRDA:2380,276,0,0
BRDA:2380,276,1,0
BRDA:2382,277,0,0
BRDA:2382,277,1,0
BRDA:2384,278,0,0
BRDA:2384,278,1,0
BRDA:2386,279,0,0
BRDA:2386,279,1,0
BRDA:2418,280,0,0
BRDA:2418,280,1,0
BRDA:2428,281,0,0
BRDA:2428,281,1,0
BRDA:2438,282,0,0
BRDA:2438,282,1,0
BRDA:2484,283,0,0
BRDA:2484,283,1,0
BRDA:2487,284,0,0
BRDA:2487,284,1,0
BRDA:2490,285,0,0
BRDA:2490,285,1,0
BRDA:2496,286,0,0
BRDA:2496,286,1,0
BRDA:2514,287,0,0
BRDA:2514,287,1,0
BRDA:2516,288,0,0
BRDA:2516,288,1,0
BRDA:2518,289,0,0
BRDA:2518,289,1,0
BRDA:2520,290,0,0
BRDA:2520,290,1,0
BRDA:2522,291,0,0
BRDA:2522,291,1,0
BRDA:2523,292,0,0
BRDA:2523,292,1,0
BRDA:2524,293,0,0
BRDA:2524,293,1,0
BRDA:2525,294,0,0
BRDA:2525,294,1,0
BRDA:2526,295,0,0
BRDA:2526,295,1,0
BRDA:2528,296,0,0
BRDA:2528,296,1,0
BRDA:2530,297,0,0
BRDA:2530,297,1,0
BRDA:2530,298,0,0
BRDA:2530,298,1,0
BRDA:2536,299,0,0
BRDA:2536,299,1,0
BRDA:2548,300,0,0
BRDA:2548,300,1,0
BRDA:2554,301,0,0
BRDA:2554,301,1,0
BRDA:2554,302,0,0
BRDA:2554,302,1,0
BRDA:2570,303,0,0
BRDA:2571,304,0,0
BRDA:2571,304,1,0
BRDA:2582,305,0,0
BRDA:2582,305,1,0
BRDA:2598,306,0,0
BRDA:2598,306,1,0
BRDA:2599,307,0,0
BRDA:2599,307,1,0
BRDA:2602,308,0,0
BRDA:2602,308,1,0
BRDA:2608,309,0,0
BRDA:2608,309,1,0
BRDA:2626,310,0,0
BRDA:2626,310,1,0
BRDA:2789,311,0,0
BRDA:2789,311,1,0
BRDA:2791,312,0,0
BRDA:2791,312,1,0
BRDA:2805,313,0,0
BRDA:2805,313,1,0
BRDA:2822,314,0,0
BRDA:2822,314,1,0
BRDA:2891,315,0,0
BRDA:2891,315,1,0
BRDA:2891,316,0,0
BRDA:2891,316,1,0
BRDA:2909,317,0,0
BRDA:2909,317,1,0
BRDA:2909,318,0,0
BRDA:2909,318,1,0
BRDA:2923,319,0,0
BRDA:2923,319,1,0
BRDA:2931,320,0,0
BRDA:2931,320,1,0
BRDA:2931,321,0,0
BRDA:2931,321,1,0
BRDA:2936,322,0,0
BRDA:2936,322,1,0
BRDA:2937,323,0,0
BRDA:2937,323,1,0
BRDA:2944,324,0,0
BRDA:2944,324,1,0
BRDA:2952,325,0,0
BRDA:2952,325,1,0
BRDA:2952,326,0,0
BRDA:2952,326,1,0
BRDA:2960,327,0,0
BRDA:2960,327,1,0
BRDA:2961,328,0,0
BRDA:2961,328,1,0
BRDA:2961,328,2,0
BRDA:2969,329,0,0
BRDA:2969,329,1,0
BRDA:2999,330,0,0
BRDA:2999,330,1,0
BRDA:3003,331,0,0
BRDA:3003,331,1,0
BRDA:3006,332,0,0
BRDA:3006,332,1,0
BRDA:3011,333,0,0
BRDA:3011,333,1,0
BRDA:3011,334,0,0
BRDA:3011,334,1,0
BRDA:3016,335,0,0
BRDA:3016,335,1,0
BRDA:3017,336,0,0
BRDA:3017,336,1,0
BRDA:3017,336,2,0
BRDA:3023,337,0,0
BRDA:3023,337,1,0
BRDA:3031,338,0,0
BRDA:3031,338,1,0
BRDA:3041,339,0,0
BRDA:3041,339,1,0
BRDA:3115,340,0,6
BRDA:3115,340,1,0
BRDA:3126,341,0,0
BRDA:3126,341,1,0
BRDA:3127,342,0,0
BRDA:3127,342,1,0
BRDA:3127,342,2,0
BRDA:3127,342,3,0
BRDA:3150,343,0,0
BRDA:3150,343,1,0
BRDA:3155,344,0,0
BRDA:3155,344,1,0
BRDA:3155,345,0,0
BRDA:3155,345,1,0
BRDA:3165,346,0,0
BRDA:3165,346,1,0
BRDA:3166,347,0,0
BRDA:3166,347,1,0
BRDA:3174,348,0,0
BRDA:3174,348,1,0
BRDA:3174,349,0,0
BRDA:3174,349,1,0
BRDA:3192,350,0,0
BRDA:3192,350,1,6
BRDA:3212,351,0,9
BRDA:3212,351,1,0
BRDA:3213,352,0,9
BRDA:3213,352,1,0
BRDA:3214,353,0,9
BRDA:3214,353,1,0
BRDA:3223,354,0,1
BRDA:3223,354,1,0
BRDA:3223,355,0,1
BRDA:3223,355,1,1
BRDA:3226,356,0,2
BRDA:3226,356,1,1
BRDA:3228,357,0,1
BRDA:3228,357,1,0
BRDA:3228,358,0,1
BRDA:3228,358,1,1
BRDA:3236,359,0,0
BRDA:3236,359,1,0
BRDA:3238,360,0,0
BRDA:3238,360,1,0
BRDA:3238,361,0,0
BRDA:3238,361,1,0
BRDA:3244,362,0,0
BRDA:3244,362,1,0
BRDA:3244,363,0,0
BRDA:3244,363,1,0
BRDA:3264,364,0,6
BRDA:3264,364,1,4
BRDA:3306,365,0,1
BRDA:3306,365,1,2
BRDA:3316,366,0,1
BRDA:3316,366,1,3
BRDA:3327,367,0,1
BRDA:3327,367,1,0
BRDA:3329,368,0,1
BRDA:3329,368,1,0
BRDA:3329,369,0,1
BRDA:3329,369,1,1
BRDA:3329,369,2,1
BRDA:3330,370,0,1
BRDA:3330,370,1,0
BRDA:3330,371,0,1
BRDA:3330,371,1,1
BRDA:3333,372,0,3
BRDA:3333,372,1,2
BRDA:3333,372,2,1
BRDA:3338,373,0,1
BRDA:3338,373,1,1
BRDA:3344,374,0,1
BRDA:3344,374,1,0
BRDA:3349,375,0,0
BRDA:3349,375,1,1
BRDA:3363,376,0,1
BRDA:3363,376,1,2
BRDA:3377,377,0,1
BRDA:3377,377,1,0
BRDA:3381,378,0,1
BRDA:3381,378,1,0
BRDA:3382,379,0,1
BRDA:3382,379,1,0
BRDA:3382,380,0,1
BRDA:3382,380,1,1
BRDA:3385,381,0,1
BRDA:3385,381,1,0
BRDA:3388,382,0,1
BRDA:3388,382,1,0
BRDA:3393,383,0,0
BRDA:3393,383,1,1
BRDA:3397,384,0,0
BRDA:3397,384,1,0
BRDA:3406,385,0,0
BRDA:3406,385,1,0
BRDA:3430,386,0,0
BRDA:3430,386,1,0
BRDA:3442,387,0,2
BRDA:3442,387,1,0
BRDA:3442,388,0,2
BRDA:3442,388,1,1
BRDA:3445,389,0,1
BRDA:3445,389,1,1
BRDA:3451,390,0,2
BRDA:3451,390,1,0
BRDA:3452,391,0,1
BRDA:3452,391,1,1
BRDA:3472,392,0,0
BRDA:3472,392,1,0
BRDA:3472,392,2,0
BRDA:3472,392,3,0
BRDA:3473,393,0,0
BRDA:3473,393,1,0
BRDA:3476,394,0,0
BRDA:3476,394,1,0
BRDA:3479,395,0,0
BRDA:3479,395,1,0
BRDA:3492,396,0,0
BRDA:3492,396,1,0
BRDA:3497,397,0,0
BRDA:3497,397,1,0
BRDA:3502,398,0,0
BRDA:3502,398,1,0
BRDA:3514,399,0,0
BRDA:3514,399,1,0
BRDA:3519,400,0,6
BRDA:3519,400,1,0
BRDA:3527,401,0,0
BRDA:3527,401,1,0
BRDA:3532,402,0,0
BRDA:3532,402,1,0
BRDA:3532,403,0,0
BRDA:3532,403,1,0
BRDA:3537,404,0,0
BRDA:3537,404,1,0
BRDA:3542,405,0,0
BRDA:3542,405,1,0
BRDA:3543,406,0,0
BRDA:3543,406,1,0
BRDA:3553,407,0,0
BRDA:3553,407,1,0
BRDA:3572,408,0,0
BRDA:3572,408,1,0
BRDA:3580,409,0,0
BRDA:3580,409,1,0
BRDA:3596,410,0,0
BRDA:3596,410,1,0
BRDA:3605,411,0,0
BRDA:3605,411,1,0
BRDA:3622,412,0,0
BRDA:3622,412,1,0
BRDA:3652,413,0,0
BRDA:3652,413,1,0
BRDA:3652,414,0,0
BRDA:3652,414,1,0
BRDA:3857,415,0,0
BRDA:3857,415,1,0
BRDA:3860,416,0,0
BRDA:3860,416,1,0
BRDA:3884,417,0,0
BRDA:3884,417,1,0
BRDA:3886,418,0,0
BRDA:3886,418,1,0
BRDA:3890,419,0,0
BRDA:3890,419,1,0
BRDA:3890,420,0,0
BRDA:3890,420,1,0
BRDA:3897,421,0,0
BRDA:3897,421,1,0
BRDA:3897,422,0,0
BRDA:3897,422,1,0
BRDA:3911,423,0,0
BRDA:3911,423,1,0
BRDA:3911,424,0,0
BRDA:3911,424,1,0
BRDA:3918,425,0,0
BRDA:3918,425,1,0
BRDA:3918,426,0,0
BRDA:3918,426,1,0
BRDA:3949,427,0,0
BRDA:3949,427,1,0
BRDA:3953,428,0,0
BRDA:3953,428,1,0
BRDA:3954,429,0,0
BRDA:3954,429,1,0
BRDA:3967,430,0,0
BRDA:3967,430,1,0
BRDA:3967,431,0,0
BRDA:3967,431,1,0
BRDA:3970,432,0,0
BRDA:3970,432,1,0
BRDA:3970,433,0,0
BRDA:3970,433,1,0
BRDA:3973,434,0,0
BRDA:3973,434,1,0
BRDA:4080,435,0,0
BRDA:4080,435,1,0
BRDA:4089,436,0,0
BRDA:4089,436,1,0
BRDA:4096,437,0,0
BRDA:4096,437,1,0
BRDA:4097,438,0,0
BRDA:4097,438,1,0
BRDA:4098,439,0,0
BRDA:4098,439,1,0
BRDA:4103,440,0,0
BRDA:4103,440,1,1
BRDA:4109,441,0,0
BRDA:4109,441,1,1
BRDA:4116,442,0,0
BRDA:4116,442,1,1
BRDA:4116,443,0,1
BRDA:4116,443,1,1
BRDA:4129,444,0,0
BRDA:4129,444,1,3
BRDA:4135,445,0,0
BRDA:4135,445,1,3
BRDA:4139,446,0,3
BRDA:4139,446,1,0
BRDA:4144,447,0,0
BRDA:4144,447,1,0
BRDA:4154,448,0,0
BRDA:4154,448,1,0
BRDA:4159,449,0,0
BRDA:4159,449,1,0
BRDA:4163,450,0,0
BRDA:4163,450,1,0
BRDA:4163,451,0,0
BRDA:4163,451,1,0
BRDA:4170,452,0,0
BRDA:4170,452,1,6
BRDA:4191,453,0,6
BRDA:4191,453,1,9
BRDA:4193,454,0,0
BRDA:4193,454,1,9
BRDA:4198,455,0,0
BRDA:4198,455,1,0
BRDA:4199,456,0,0
BRDA:4199,456,1,0
BRDA:4199,456,2,0
BRDA:4205,457,0,0
BRDA:4205,457,1,0
BRDA:4208,458,0,0
BRDA:4208,458,1,0
BRDA:4212,459,0,0
BRDA:4212,459,1,0
BRDA:4219,460,0,0
BRDA:4219,460,1,0
BRDA:4220,461,0,0
BRDA:4220,461,1,0
BRDA:4221,462,0,0
BRDA:4221,462,1,0
BRDA:4229,463,0,0
BRDA:4229,463,1,9
BRDA:4234,464,0,0
BRDA:4234,464,1,0
BRDA:4235,465,0,0
BRDA:4235,465,1,0
BRDA:4235,465,2,0
BRDA:4240,466,0,0
BRDA:4240,466,1,0
BRDA:4242,467,0,0
BRDA:4242,467,1,0
BRDA:4242,468,0,0
BRDA:4242,468,1,0
BRDA:4244,469,0,0
BRDA:4244,469,1,0
BRDA:4260,470,0,4
BRDA:4260,470,1,5
BRDA:4262,471,0,0
BRDA:4262,471,1,4
BRDA:4267,472,0,2
BRDA:4267,472,1,2
BRDA:4268,473,0,1
BRDA:4268,473,1,1
BRDA:4271,474,0,1
BRDA:4271,474,1,1
BRDA:4277,475,0,4
BRDA:4277,475,1,0
BRDA:4277,476,0,4
BRDA:4277,476,1,4
BRDA:4279,477,0,4
BRDA:4279,477,1,0
BRDA:4292,478,0,2
BRDA:4292,478,1,3
BRDA:4294,479,0,0
BRDA:4294,479,1,2
BRDA:4302,480,0,2
BRDA:4302,480,1,0
BRDA:4303,481,0,1
BRDA:4303,481,1,1
BRDA:4311,482,0,0
BRDA:4311,482,1,3
BRDA:4312,483,0,3
BRDA:4312,483,1,0
BRDA:4312,483,2,0
BRDA:4320,484,0,0
BRDA:4320,484,1,0
BRDA:4339,485,0,0
BRDA:4339,485,1,0
BRDA:4340,486,0,0
BRDA:4340,486,1,0
BRDA:4340,486,2,0
BRDA:4363,487,0,0
BRDA:4363,487,1,9
BRDA:4363,488,0,9
BRDA:4363,488,1,1
BRDA:4372,489,0,0
BRDA:4372,489,1,9
BRDA:4372,490,0,9
BRDA:4372,490,1,9
BRDA:4372,490,2,3
BRDA:4382,491,0,9
BRDA:4382,491,1,0
BRDA:4403,492,0,0
BRDA:4403,492,1,0
BRDA:4419,493,0,1
BRDA:4419,493,1,17
BRDA:4426,494,0,0
BRDA:4426,494,1,40
BRDA:4433,495,0,0
BRDA:4433,495,1,40
BRDA:4437,496,0,1
BRDA:4437,496,1,39
BRDA:4442,497,0,16
BRDA:4442,497,1,23
BRDA:4447,498,0,16
BRDA:4447,498,1,0
BRDA:4450,499,0,16
BRDA:4450,499,1,0
BRDA:4451,500,0,16
BRDA:4451,500,1,16
BRDA:4463,501,0,1
BRDA:4463,501,1,16
BRDA:4473,502,0,14
BRDA:4473,502,1,2
BRDA:4475,503,0,1
BRDA:4475,503,1,1
BRDA:4481,504,0,1
BRDA:4481,504,1,14
BRDA:4509,505,0,279
BRDA:4509,505,1,576
BRDA:4511,506,0,98
BRDA:4511,506,1,181
BRDA:4523,507,0,279
BRDA:4523,507,1,2814
BRDA:4537,508,0,252
BRDA:4537,508,1,324
BRDA:4537,509,0,576
BRDA:4537,509,1,366
BRDA:4545,510,0,42
BRDA:4545,510,1,336
BRDA:4549,511,0,42
BRDA:4549,511,1,336
BRDA:4557,512,0,196
BRDA:4557,512,1,56
BRDA:4559,513,0,196
BRDA:4559,513,1,0
BRDA:4562,514,0,182
BRDA:4562,514,1,0
BRDA:4573,515,0,72
BRDA:4573,515,1,252
BRDA:4573,516,0,324
BRDA:4573,516,1,310
BRDA:4574,517,0,70
BRDA:4574,517,1,2
BRDA:4590,518,0,28
BRDA:4590,518,1,44
BRDA:4592,519,0,252
BRDA:4592,519,1,0
BRDA:4592,520,0,252
BRDA:4592,520,1,56
BRDA:4593,521,0,196
BRDA:4593,521,1,56
BRDA:4594,522,0,238
BRDA:4594,522,1,14
BRDA:4605,523,0,238
BRDA:4605,523,1,56
BRDA:4611,524,0,238
BRDA:4611,524,1,14
BRDA:4619,525,0,28
BRDA:4619,525,1,224
BRDA:4619,526,0,252
BRDA:4619,526,1,238
BRDA:4642,527,0,70
BRDA:4642,527,1,14
BRDA:4658,528,0,0
BRDA:4658,528,1,42
BRDA:4662,529,0,42
BRDA:4662,529,1,28
BRDA:4673,530,0,42
BRDA:4673,530,1,0
BRDA:4676,531,0,42
BRDA:4676,531,1,0
BRDA:4686,532,0,13
BRDA:4686,532,1,1
BRDA:4704,533,0,14
BRDA:4704,533,1,0
BRDA:4709,534,0,14
BRDA:4709,534,1,0
BRDA:4714,535,0,14
BRDA:4714,535,1,0
BRDA:4752,536,0,14
BRDA:4752,536,1,0
BRDA:4769,537,0,14
BRDA:4769,537,1,0
BRDA:4769,538,0,14
BRDA:4769,538,1,14
BRDA:4769,538,2,14
BRDA:4774,539,0,14
BRDA:4774,539,1,0
BRDA:4790,540,0,14
BRDA:4790,540,1,0
BRDA:4790,541,0,14
BRDA:4790,541,1,14
BRDA:4790,541,2,14
BRDA:4795,542,0,14
BRDA:4795,542,1,0
BRDA:4811,543,0,14
BRDA:4811,543,1,0
BRDA:4811,544,0,14
BRDA:4811,544,1,14
BRDA:4813,545,0,1
BRDA:4813,545,1,13
BRDA:4828,546,0,14
BRDA:4828,546,1,0
BRDA:4828,547,0,14
BRDA:4828,547,1,14
BRDA:4838,548,0,14
BRDA:4838,548,1,0
BRDA:4859,549,0,0
BRDA:4859,549,1,0
BRDA:4872,550,0,0
BRDA:4872,550,1,0
BRF:1149
BRH:259
end_of_record
